# JRE version: Java(TM) SE Runtime Environment (23.0.1+11) (build 23.0.1+11-39)
# Java VM: Java HotSpot(TM) 64-Bit Server VM (23.0.1+11-39, mixed mode, sharing, tiered, compressed oops, compressed class ptrs, g1 gc, windows-amd64)
GC Precious Log:
 CardTable entry size: 512
 Card Set container configuration: InlinePtr #cards 4 size 8 Array Of Cards #cards 32 size 80 Howl #buckets 8 coarsen threshold 7372 Howl Bitmap #cards 1024 size 144 coarsen threshold 921 Card regions per heap region 1 cards per card region 8192
 CPUs: 14 total, 14 available
 Memory: 32220M
 Large Page Support: Disabled
 NUMA Support: Disabled
 Compressed Oops: Enabled (Zero based)
 Heap Region Size: 4M
 Heap Min Capacity: 8M
 Heap Initial Capacity: 504M
 Heap Max Capacity: 8056M
 Pre-touch: Disabled
 Parallel Workers: 11
 Concurrent Workers: 3
 Concurrent Refinement Workers: 11
 Periodic GC: Disabled
Heap:
 garbage-first heap   total reserved 8249344K, committed 57344K, used 15412K [0x0000000608800000, 0x0000000800000000)
  region size 4096K, 4 young (16384K), 1 survivors (4096K)
 Metaspace       used 23444K, committed 23808K, reserved 1114112K
  class space    used 2715K, committed 2880K, reserved 1048576K
GC Heap History (8 events):
Event: 0.794 GC heap before
{Heap before GC invocations=0 (full 0):
 garbage-first heap   total reserved 8249344K, committed 516096K, used 20480K [0x0000000608800000, 0x0000000800000000)
  region size 4096K, 6 young (24576K), 0 survivors (0K)
 Metaspace       used 7772K, committed 7936K, reserved 1114112K
  class space    used 901K, committed 960K, reserved 1048576K
}
Event: 0.802 GC heap after
{Heap after GC invocations=1 (full 0):
 garbage-first heap   total reserved 8249344K, committed 516096K, used 5821K [0x0000000608800000, 0x0000000800000000)
  region size 4096K, 1 young (4096K), 1 survivors (4096K)
 Metaspace       used 7772K, committed 7936K, reserved 1114112K
  class space    used 901K, committed 960K, reserved 1048576K
}
Event: 5.416 GC heap before
{Heap before GC invocations=1 (full 0):
 garbage-first heap   total reserved 8249344K, committed 516096K, used 22205K [0x0000000608800000, 0x0000000800000000)
  region size 4096K, 6 young (24576K), 1 survivors (4096K)
 Metaspace       used 14576K, committed 14912K, reserved 1114112K
  class space    used 1731K, committed 1856K, reserved 1048576K
}
Event: 5.420 GC heap after
{Heap after GC invocations=2 (full 0):
 garbage-first heap   total reserved 8249344K, committed 516096K, used 9450K [0x0000000608800000, 0x0000000800000000)
  region size 4096K, 1 young (4096K), 1 survivors (4096K)
 Metaspace       used 14576K, committed 14912K, reserved 1114112K
  class space    used 1731K, committed 1856K, reserved 1048576K
}
Event: 60.337 GC heap before
{Heap before GC invocations=2 (full 0):
 garbage-first heap   total reserved 8249344K, committed 516096K, used 46314K [0x0000000608800000, 0x0000000800000000)
  region size 4096K, 12 young (49152K), 1 survivors (4096K)
 Metaspace       used 21150K, committed 21504K, reserved 1114112K
  class space    used 2514K, committed 2688K, reserved 1048576K
}
Event: 60.374 GC heap after
{Heap after GC invocations=3 (full 0):
 garbage-first heap   total reserved 8249344K, committed 516096K, used 10654K [0x0000000608800000, 0x0000000800000000)
  region size 4096K, 2 young (8192K), 2 survivors (8192K)
 Metaspace       used 21150K, committed 21504K, reserved 1114112K
  class space    used 2514K, committed 2688K, reserved 1048576K
}
Event: 182.303 GC heap before
{Heap before GC invocations=4 (full 0):
 garbage-first heap   total reserved 8249344K, committed 57344K, used 31134K [0x0000000608800000, 0x0000000800000000)
  region size 4096K, 8 young (32768K), 2 survivors (8192K)
 Metaspace       used 23166K, committed 23616K, reserved 1114112K
  class space    used 2689K, committed 2880K, reserved 1048576K
}
Event: 182.311 GC heap after
{Heap after GC invocations=5 (full 0):
 garbage-first heap   total reserved 8249344K, committed 57344K, used 11316K [0x0000000608800000, 0x0000000800000000)
  region size 4096K, 1 young (4096K), 1 survivors (4096K)
 Metaspace       used 23166K, committed 23616K, reserved 1114112K
  class space    used 2689K, committed 2880K, reserved 1048576K
}

