<?xml version="1.0" encoding="UTF-8"?>
<!-- Generated by org.testng.reporters.JUnitXMLReporter -->
<testsuite ignored="0" hostname="DESKTOP-OPA9RAC" failures="0" tests="5" name="Default test" time="20.298" errors="0" timestamp="2026-06-29T14:54:49 EDT">
  <testcase classname="com.Base.TestBase" name="@BeforeClass beforeClass" time="19.178">
    <failure type="java.lang.AssertionError" message="Exception on Login button">
      <![CDATA[java.lang.AssertionError: Exception on Login button
at org.testng.Assert.fail(Assert.java:99)
at com.Base.TestBase.javaScriptClickOn(TestBase.java:355)
at com.Base.TestBase.loginToApplication(TestBase.java:369)
at com.Base.TestBase.beforeClass(TestBase.java:193)
at java.base/jdk.internal.reflect.DirectMethodHandleAccessor.invoke(DirectMethodHandleAccessor.java:103)
at java.base/java.lang.reflect.Method.invoke(Method.java:580)
at org.testng.internal.MethodInvocationHelper.invokeMethod(MethodInvocationHelper.java:133)
at org.testng.internal.MethodInvocationHelper.invokeMethodConsideringTimeout(MethodInvocationHelper.java:62)
at org.testng.internal.ConfigInvoker.invokeConfigurationMethod(ConfigInvoker.java:385)
at org.testng.internal.ConfigInvoker.invokeConfigurations(ConfigInvoker.java:321)
at org.testng.internal.TestMethodWorker.invokeBeforeClassMethods(TestMethodWorker.java:176)
at org.testng.internal.TestMethodWorker.run(TestMethodWorker.java:122)
at java.base/java.util.ArrayList.forEach(ArrayList.java:1597)
at org.testng.TestRunner.privateRun(TestRunner.java:794)
at org.testng.TestRunner.run(TestRunner.java:596)
at org.testng.SuiteRunner.runTest(SuiteRunner.java:377)
at org.testng.SuiteRunner.runSequentially(SuiteRunner.java:371)
at org.testng.SuiteRunner.privateRun(SuiteRunner.java:332)
at org.testng.SuiteRunner.run(SuiteRunner.java:276)
at org.testng.SuiteRunnerWorker.runSuite(SuiteRunnerWorker.java:53)
at org.testng.SuiteRunnerWorker.run(SuiteRunnerWorker.java:96)
at org.testng.TestNG.runSuitesSequentially(TestNG.java:1212)
at org.testng.TestNG.runSuitesLocally(TestNG.java:1134)
at org.testng.TestNG.runSuites(TestNG.java:1063)
at org.testng.TestNG.run(TestNG.java:1031)
at org.testng.remote.AbstractRemoteTestNG.run(AbstractRemoteTestNG.java:115)
at org.testng.remote.RemoteTestNG.initAndRun(RemoteTestNG.java:293)
at org.testng.remote.RemoteTestNG.main(RemoteTestNG.java:91)
]]>
    </failure>
  </testcase> <!-- @BeforeClass beforeClass -->
  <testcase classname="com.Base.TestBase" name="@BeforeMethod beofreMethod" time="-1.782759288304E9">
    <skipped/>
  </testcase> <!-- @BeforeMethod beofreMethod -->
  <testcase classname="com.Base.TestBase" name="@AfterMethod afterMethod" time="-1.782759288318E9">
    <skipped/>
  </testcase> <!-- @AfterMethod afterMethod -->
  <testcase classname="com.Base.TestBase" name="@AfterClass afterClass" time="-1.782759288352E9">
    <skipped/>
  </testcase> <!-- @AfterClass afterClass -->
  <testcase classname="com.CertificationWorkflow_TestSuite.CertificationWorkflow_TestSuite" name="TC_001_Verifying_Certification_Workflow_Creation" time="0.0">
    <skipped/>
  </testcase> <!-- TC_001_Verifying_Certification_Workflow_Creation -->
  <testcase classname="com.CertificationWorkflow_TestSuite.CertificationWorkflow_TestSuite" name="TC_002_Verifying_CW_SO_Review" time="0.0">
    <skipped/>
  </testcase> <!-- TC_002_Verifying_CW_SO_Review -->
  <testcase classname="com.CertificationWorkflow_TestSuite.CertificationWorkflow_TestSuite" name="TC_003_Verifying_CMS_Certification_Lead_Review" time="0.0">
    <skipped/>
  </testcase> <!-- TC_003_Verifying_CMS_Certification_Lead_Review -->
  <testcase classname="com.CertificationWorkflow_TestSuite.CertificationWorkflow_TestSuite" name="TC_004_Verifying_DSS_DSG_Review" time="0.0">
    <skipped/>
  </testcase> <!-- TC_004_Verifying_DSS_DSG_Review -->
  <testcase classname="com.CertificationWorkflow_TestSuite.CertificationWorkflow_TestSuite" name="TC_005_Verifying_Pending_Issuance_To_State_Review" time="0.0">
    <skipped/>
  </testcase> <!-- TC_005_Verifying_Pending_Issuance_To_State_Review -->
</testsuite> <!-- Default test -->
