<?xml version="1.0" encoding="UTF-8"?>
<!-- Generated by org.testng.reporters.JUnitXMLReporter -->
<testsuite ignored="0" hostname="DESKTOP-OPA9RAC" failures="0" tests="6" name="Default test" time="1017.572" errors="0" timestamp="2026-03-10T09:24:16 EDT">
  <testcase classname="com.Mesh_TestSuites.Escalation_Tracking" name="TC_001_Verify_Creation_Of_New_Escalation_Tracking" time="182.564"/>
  <testcase classname="com.Mesh_TestSuites.Escalation_Tracking" name="TC_002_Verify_Escalation_Tracking_NoActionNeede" time="100.569"/>
  <testcase classname="com.Mesh_TestSuites.Escalation_Tracking" name="TC_003_Verify_Escalation_Tracking_Other_Reason" time="104.881"/>
  <testcase classname="com.Mesh_TestSuites.Escalation_Tracking" name="TC_004_Verify_Escalation_Tracking_Return_Item" time="201.381"/>
  <testcase classname="com.Mesh_TestSuites.Escalation_Tracking" name="TC_005_Verify_Escalation_Tracking_Creation_From_DecisionPackage" time="108.524"/>
  <testcase classname="com.Mesh_TestSuites.Escalation_Tracking" name="TC_006_Verify_Escalation_Tracking_Emails_Validations" time="311.847"/>
</testsuite> <!-- Default test -->
