<?xml version="1.0" encoding="UTF-8"?>
<!-- Generated by org.testng.reporters.JUnitXMLReporter -->
<testsuite ignored="3" hostname="DESKTOP-OPA9RAC" failures="0" tests="1" name="Default test" time="147.112" errors="0" timestamp="2025-12-01T09:03:13 EST">
  <testcase classname="com.Mesh_TestSuites.Escalation_Tracking" name="TC_004_Verify_Escalation_Tracking_Return_Item" time="139.482"/>
  <testcase classname="com.Mesh_TestSuites.Escalation_Tracking" name="TC_002_Verify_Escalation_Tracking_NoActionNeede" time="0.0">
    <ignored/>
  </testcase> <!-- TC_002_Verify_Escalation_Tracking_NoActionNeede -->
  <testcase classname="com.Mesh_TestSuites.Escalation_Tracking" name="TC_003_Verify_Escalation_Tracking_Other_Reason" time="0.0">
    <ignored/>
  </testcase> <!-- TC_003_Verify_Escalation_Tracking_Other_Reason -->
  <testcase classname="com.Mesh_TestSuites.Escalation_Tracking" name="TC_001_Verify_Creation_Of_New_Escalation_Tracking" time="0.0">
    <ignored/>
  </testcase> <!-- TC_001_Verify_Creation_Of_New_Escalation_Tracking -->
</testsuite> <!-- Default test -->
