<?xml version="1.0" encoding="UTF-8"?>
<!-- Generated by org.testng.reporters.JUnitXMLReporter -->
<testsuite ignored="0" hostname="DESKTOP-OPA9RAC" failures="0" tests="5" name="Default test" time="1051.079" errors="0" timestamp="2025-09-23T20:46:14 EDT">
  <testcase classname="com.Mesh_TestSuites.CMS_FNS_DecisionPackages_Bundle_Validation" name="DecisionPackage_TC_001_Verify_DecisionPackage_Creation_with_APD_as_SubmisionType" time="124.146"/>
  <testcase classname="com.Mesh_TestSuites.CMS_FNS_DecisionPackages_Bundle_Validation" name="DecisionPackage_TC_002_Verify_DecisionPackage_Creation_with_RFP_as_SubmisionType" time="80.251"/>
  <testcase classname="com.Mesh_TestSuites.CMS_FNS_DecisionPackages_Bundle_Validation" name="DecisionPackage_TC_003_Verify_DecisionPackage_Creation_with_Contract_as_SubmisionType" time="96.373"/>
  <testcase classname="com.Mesh_TestSuites.CMS_FNS_DecisionPackages_Bundle_Validation" name="DecisionPackage_TC_004_Verify_Adding_bundle_Packages" time="435.845"/>
  <testcase classname="com.Mesh_TestSuites.CMS_FNS_DecisionPackages_Bundle_Validation" name="DecisionPackage_TC_005_Verify_Package_Completion_Flow" time="304.384"/>
</testsuite> <!-- Default test -->
