<?xml version="1.0" encoding="UTF-8"?>
<!-- Generated by org.testng.reporters.JUnitXMLReporter -->
<testsuite ignored="0" hostname="DESKTOP-OPA9RAC" failures="0" tests="4" name="Default test" time="751.381" errors="0" timestamp="2025-07-10T09:59:47 EDT">
  <testcase classname="com.Mesh_TestSuites.DecisionPackages" name="DecisionPackage_TC_001_Verify_DecisionPackage_Creation_with_APD_as_SubmisionType" time="271.503"/>
  <testcase classname="com.Mesh_TestSuites.DecisionPackages" name="DecisionPackage_TC_002_Verify_DecisionPackage_Creation_with_RFP_as_SubmisionType" time="213.829"/>
  <testcase classname="com.Mesh_TestSuites.DecisionPackages" name="DecisionPackage_TC_003_Verify_DecisionPackage_Creation_with_Contract_as_SubmisionType" time="233.621"/>
  <testcase classname="com.Mesh_TestSuites.DecisionPackages" name="DecisionPackage_TC_004_Verify_Adding_bundle_Packages" time="26.019"/>
</testsuite> <!-- Default test -->
