<?xml version="1.0" encoding="UTF-8"?>
<!-- Generated by org.testng.reporters.JUnitXMLReporter -->
<testsuite ignored="0" hostname="DESKTOP-OPA9RAC" failures="0" tests="5" name="Default test" time="396.638" errors="0" timestamp="2026-01-07T22:14:48 EST">
  <testcase classname="com.Mesh_TestSuites.Package_SO_Updates_Suite" name="TC_001_Verify_Package_SO_Updates_Displays_Only_For_Admin_OPsTeam" time="120.738"/>
  <testcase classname="com.Mesh_TestSuites.Package_SO_Updates_Suite" name="TC_002_Verify_Package_SO_Updates_StateOfficer_Replacement" time="200.722"/>
  <testcase classname="com.Mesh_TestSuites.Package_SO_Updates_Suite" name="TC_003_Verify_Email_Notification_After_StateOfficer_Replacement" time="25.948"/>
  <testcase classname="com.Mesh_TestSuites.Package_SO_Updates_Suite" name="TC_004_Verify_Package_SO_Updates_StateOfficer_Re_ASSIGN" time="22.253"/>
  <testcase classname="com.Mesh_TestSuites.Package_SO_Updates_Suite" name="TC_005_Verify_Email_Notification_After_StateOfficer_ReAssignment" time="19.004"/>
</testsuite> <!-- Default test -->
