<?xml version="1.0" encoding="UTF-8"?>
<!-- Generated by org.testng.reporters.JUnitXMLReporter -->
<testsuite ignored="0" hostname="DESKTOP-OPA9RAC" failures="0" tests="7" name="Default test" time="1420.344" errors="0" timestamp="2026-06-16T07:58:09 EDT">
  <testcase classname="com.Mesh_TestSuites.Escalation_Tracking" name="TC_001_Verify_Creation_Of_New_Escalation_Tracking" time="258.332"/>
  <testcase classname="com.Mesh_TestSuites.Escalation_Tracking" name="TC_002_Verify_Escalation_Tracking_NoActionNeeded" time="108.721"/>
  <testcase classname="com.Mesh_TestSuites.Escalation_Tracking" name="TC_003_Verify_Escalation_Tracking_NoActionNeeded" time="160.67"/>
  <testcase classname="com.Mesh_TestSuites.Escalation_Tracking" name="TC_004_Verify_Escalation_Tracking_Other_Reason" time="113.894"/>
  <testcase classname="com.Mesh_TestSuites.Escalation_Tracking" name="TC_005_Verify_Escalation_Tracking_Return_Item" time="193.273"/>
  <testcase classname="com.Mesh_TestSuites.Escalation_Tracking" name="TC_006_Verify_Escalation_Tracking_Creation_From_DecisionPackage" time="142.299"/>
  <testcase classname="com.Mesh_TestSuites.Escalation_Tracking" name="TC_007_Verify_Escalation_Tracking_Emails_Validations" time="432.814"/>
</testsuite> <!-- Default test -->
