<?xml version="1.0" encoding="UTF-8"?>
<!-- Generated by org.testng.reporters.JUnitXMLReporter -->
<testsuite ignored="0" hostname="DESKTOP-OPA9RAC" failures="0" tests="6" name="Default test" time="973.219" errors="0" timestamp="2026-03-31T08:07:02 EDT">
  <testcase classname="com.Mesh_TestSuites.Escalation_Tracking" name="TC_001_Verify_Creation_Of_New_Escalation_Tracking" time="135.75"/>
  <testcase classname="com.Mesh_TestSuites.Escalation_Tracking" name="TC_002_Verify_Escalation_Tracking_NoActionNeede" time="99.61"/>
  <testcase classname="com.Mesh_TestSuites.Escalation_Tracking" name="TC_003_Verify_Escalation_Tracking_Other_Reason" time="104.434"/>
  <testcase classname="com.Mesh_TestSuites.Escalation_Tracking" name="TC_004_Verify_Escalation_Tracking_Return_Item" time="195.171"/>
  <testcase classname="com.Mesh_TestSuites.Escalation_Tracking" name="TC_005_Verify_Escalation_Tracking_Creation_From_DecisionPackage" time="109.103"/>
  <testcase classname="com.Mesh_TestSuites.Escalation_Tracking" name="TC_006_Verify_Escalation_Tracking_Emails_Validations" time="323.229"/>
</testsuite> <!-- Default test -->
