<?xml version="1.0" encoding="UTF-8"?>
<testng-results ignored="0" total="7" passed="7" failed="0" skipped="0">
  <reporter-output>
  </reporter-output>
  <suite started-at="2026-06-16T07:34:29 EDT" name="Default suite" finished-at="2026-06-16T07:58:09 EDT" duration-ms="1420344">
    <groups>
    </groups>
    <test started-at="2026-06-16T07:34:29 EDT" name="Default test" finished-at="2026-06-16T07:58:09 EDT" duration-ms="1420344">
      <class name="com.Mesh_TestSuites.Escalation_Tracking">
        <test-method is-config="true" signature="beforetest(org.testng.ITestContext)[pri:0, instance:com.Mesh_TestSuites.Escalation_Tracking@3754a4bf]" started-at="2026-06-16T07:34:29 EDT" name="beforetest" finished-at="2026-06-16T07:34:29 EDT" duration-ms="326" status="PASS">
          <params>
            <param index="0">
              <value>
                <![CDATA[org.testng.TestRunner@28e7fbc4]]>
              </value>
            </param>
          </params>
          <reporter-output>
          </reporter-output>
        </test-method> <!-- beforetest -->
        <test-method is-config="true" signature="beforeClass()[pri:0, instance:com.Mesh_TestSuites.Escalation_Tracking@3754a4bf]" started-at="2026-06-16T07:34:29 EDT" name="beforeClass" finished-at="2026-06-16T07:34:37 EDT" duration-ms="7732" status="PASS">
          <reporter-output>
          </reporter-output>
        </test-method> <!-- beforeClass -->
        <test-method is-config="true" signature="beofreMethod(org.testng.ITestResult)[pri:0, instance:com.Mesh_TestSuites.Escalation_Tracking@3754a4bf]" started-at="2026-06-16T07:34:37 EDT" name="beofreMethod" finished-at="2026-06-16T07:34:37 EDT" duration-ms="2" status="PASS">
          <params>
            <param index="0">
              <value>
                <![CDATA[[TestResult name={null} status=CREATED method=Escalation_Tracking.TC_001_Verify_Creation_Of_New_Escalation_Tracking()[pri:0, instance:com.Mesh_TestSuites.Escalation_Tracking@3754a4bf] output={null}]]]>
              </value>
            </param>
          </params>
          <reporter-output>
          </reporter-output>
        </test-method> <!-- beofreMethod -->
        <test-method signature="TC_001_Verify_Creation_Of_New_Escalation_Tracking()[pri:0, instance:com.Mesh_TestSuites.Escalation_Tracking@3754a4bf]" started-at="2026-06-16T07:34:37 EDT" name="TC_001_Verify_Creation_Of_New_Escalation_Tracking" finished-at="2026-06-16T07:38:56 EDT" duration-ms="258332" status="PASS">
          <reporter-output>
          </reporter-output>
        </test-method> <!-- TC_001_Verify_Creation_Of_New_Escalation_Tracking -->
        <test-method is-config="true" signature="afterMethod(org.testng.ITestResult)[pri:0, instance:com.Mesh_TestSuites.Escalation_Tracking@3754a4bf]" started-at="2026-06-16T07:38:56 EDT" name="afterMethod" finished-at="2026-06-16T07:38:56 EDT" duration-ms="182" status="PASS">
          <params>
            <param index="0">
              <value>
                <![CDATA[[TestResult name=TC_001_Verify_Creation_Of_New_Escalation_Tracking status=SUCCESS method=Escalation_Tracking.TC_001_Verify_Creation_Of_New_Escalation_Tracking()[pri:0, instance:com.Mesh_TestSuites.Escalation_Tracking@3754a4bf] output={null}]]]>
              </value>
            </param>
          </params>
          <reporter-output>
          </reporter-output>
        </test-method> <!-- afterMethod -->
        <test-method is-config="true" signature="beofreMethod(org.testng.ITestResult)[pri:0, instance:com.Mesh_TestSuites.Escalation_Tracking@3754a4bf]" started-at="2026-06-16T07:38:56 EDT" name="beofreMethod" finished-at="2026-06-16T07:38:56 EDT" duration-ms="1" status="PASS">
          <params>
            <param index="0">
              <value>
                <![CDATA[[TestResult name={null} status=CREATED method=Escalation_Tracking.TC_002_Verify_Escalation_Tracking_NoActionNeeded()[pri:0, instance:com.Mesh_TestSuites.Escalation_Tracking@3754a4bf] output={null}]]]>
              </value>
            </param>
          </params>
          <reporter-output>
          </reporter-output>
        </test-method> <!-- beofreMethod -->
        <test-method signature="TC_002_Verify_Escalation_Tracking_NoActionNeeded()[pri:0, instance:com.Mesh_TestSuites.Escalation_Tracking@3754a4bf]" started-at="2026-06-16T07:38:56 EDT" name="TC_002_Verify_Escalation_Tracking_NoActionNeeded" finished-at="2026-06-16T07:40:44 EDT" duration-ms="108721" status="PASS">
          <reporter-output>
          </reporter-output>
        </test-method> <!-- TC_002_Verify_Escalation_Tracking_NoActionNeeded -->
        <test-method is-config="true" signature="afterMethod(org.testng.ITestResult)[pri:0, instance:com.Mesh_TestSuites.Escalation_Tracking@3754a4bf]" started-at="2026-06-16T07:40:44 EDT" name="afterMethod" finished-at="2026-06-16T07:40:45 EDT" duration-ms="161" status="PASS">
          <params>
            <param index="0">
              <value>
                <![CDATA[[TestResult name=TC_002_Verify_Escalation_Tracking_NoActionNeeded status=SUCCESS method=Escalation_Tracking.TC_002_Verify_Escalation_Tracking_NoActionNeeded()[pri:0, instance:com.Mesh_TestSuites.Escalation_Tracking@3754a4bf] output={null}]]]>
              </value>
            </param>
          </params>
          <reporter-output>
          </reporter-output>
        </test-method> <!-- afterMethod -->
        <test-method is-config="true" signature="beofreMethod(org.testng.ITestResult)[pri:0, instance:com.Mesh_TestSuites.Escalation_Tracking@3754a4bf]" started-at="2026-06-16T07:40:45 EDT" name="beofreMethod" finished-at="2026-06-16T07:40:45 EDT" duration-ms="2" status="PASS">
          <params>
            <param index="0">
              <value>
                <![CDATA[[TestResult name={null} status=CREATED method=Escalation_Tracking.TC_003_Verify_Escalation_Tracking_NoActionNeeded()[pri:0, instance:com.Mesh_TestSuites.Escalation_Tracking@3754a4bf] output={null}]]]>
              </value>
            </param>
          </params>
          <reporter-output>
          </reporter-output>
        </test-method> <!-- beofreMethod -->
        <test-method signature="TC_003_Verify_Escalation_Tracking_NoActionNeeded()[pri:0, instance:com.Mesh_TestSuites.Escalation_Tracking@3754a4bf]" started-at="2026-06-16T07:40:45 EDT" name="TC_003_Verify_Escalation_Tracking_NoActionNeeded" finished-at="2026-06-16T07:43:25 EDT" duration-ms="160670" status="PASS">
          <reporter-output>
          </reporter-output>
        </test-method> <!-- TC_003_Verify_Escalation_Tracking_NoActionNeeded -->
        <test-method is-config="true" signature="afterMethod(org.testng.ITestResult)[pri:0, instance:com.Mesh_TestSuites.Escalation_Tracking@3754a4bf]" started-at="2026-06-16T07:43:25 EDT" name="afterMethod" finished-at="2026-06-16T07:43:26 EDT" duration-ms="357" status="PASS">
          <params>
            <param index="0">
              <value>
                <![CDATA[[TestResult name=TC_003_Verify_Escalation_Tracking_NoActionNeeded status=SUCCESS method=Escalation_Tracking.TC_003_Verify_Escalation_Tracking_NoActionNeeded()[pri:0, instance:com.Mesh_TestSuites.Escalation_Tracking@3754a4bf] output={null}]]]>
              </value>
            </param>
          </params>
          <reporter-output>
          </reporter-output>
        </test-method> <!-- afterMethod -->
        <test-method is-config="true" signature="beofreMethod(org.testng.ITestResult)[pri:0, instance:com.Mesh_TestSuites.Escalation_Tracking@3754a4bf]" started-at="2026-06-16T07:43:26 EDT" name="beofreMethod" finished-at="2026-06-16T07:43:26 EDT" duration-ms="1" status="PASS">
          <params>
            <param index="0">
              <value>
                <![CDATA[[TestResult name={null} status=CREATED method=Escalation_Tracking.TC_004_Verify_Escalation_Tracking_Other_Reason()[pri:0, instance:com.Mesh_TestSuites.Escalation_Tracking@3754a4bf] output={null}]]]>
              </value>
            </param>
          </params>
          <reporter-output>
          </reporter-output>
        </test-method> <!-- beofreMethod -->
        <test-method signature="TC_004_Verify_Escalation_Tracking_Other_Reason()[pri:0, instance:com.Mesh_TestSuites.Escalation_Tracking@3754a4bf]" started-at="2026-06-16T07:43:26 EDT" name="TC_004_Verify_Escalation_Tracking_Other_Reason" finished-at="2026-06-16T07:45:20 EDT" duration-ms="113894" status="PASS">
          <reporter-output>
          </reporter-output>
        </test-method> <!-- TC_004_Verify_Escalation_Tracking_Other_Reason -->
        <test-method is-config="true" signature="afterMethod(org.testng.ITestResult)[pri:0, instance:com.Mesh_TestSuites.Escalation_Tracking@3754a4bf]" started-at="2026-06-16T07:45:20 EDT" name="afterMethod" finished-at="2026-06-16T07:45:20 EDT" duration-ms="172" status="PASS">
          <params>
            <param index="0">
              <value>
                <![CDATA[[TestResult name=TC_004_Verify_Escalation_Tracking_Other_Reason status=SUCCESS method=Escalation_Tracking.TC_004_Verify_Escalation_Tracking_Other_Reason()[pri:0, instance:com.Mesh_TestSuites.Escalation_Tracking@3754a4bf] output={null}]]]>
              </value>
            </param>
          </params>
          <reporter-output>
          </reporter-output>
        </test-method> <!-- afterMethod -->
        <test-method is-config="true" signature="beofreMethod(org.testng.ITestResult)[pri:0, instance:com.Mesh_TestSuites.Escalation_Tracking@3754a4bf]" started-at="2026-06-16T07:45:20 EDT" name="beofreMethod" finished-at="2026-06-16T07:45:20 EDT" duration-ms="1" status="PASS">
          <params>
            <param index="0">
              <value>
                <![CDATA[[TestResult name={null} status=CREATED method=Escalation_Tracking.TC_005_Verify_Escalation_Tracking_Return_Item()[pri:0, instance:com.Mesh_TestSuites.Escalation_Tracking@3754a4bf] output={null}]]]>
              </value>
            </param>
          </params>
          <reporter-output>
          </reporter-output>
        </test-method> <!-- beofreMethod -->
        <test-method signature="TC_005_Verify_Escalation_Tracking_Return_Item()[pri:0, instance:com.Mesh_TestSuites.Escalation_Tracking@3754a4bf]" started-at="2026-06-16T07:45:20 EDT" name="TC_005_Verify_Escalation_Tracking_Return_Item" finished-at="2026-06-16T07:48:33 EDT" duration-ms="193273" status="PASS">
          <reporter-output>
          </reporter-output>
        </test-method> <!-- TC_005_Verify_Escalation_Tracking_Return_Item -->
        <test-method is-config="true" signature="afterMethod(org.testng.ITestResult)[pri:0, instance:com.Mesh_TestSuites.Escalation_Tracking@3754a4bf]" started-at="2026-06-16T07:48:33 EDT" name="afterMethod" finished-at="2026-06-16T07:48:33 EDT" duration-ms="289" status="PASS">
          <params>
            <param index="0">
              <value>
                <![CDATA[[TestResult name=TC_005_Verify_Escalation_Tracking_Return_Item status=SUCCESS method=Escalation_Tracking.TC_005_Verify_Escalation_Tracking_Return_Item()[pri:0, instance:com.Mesh_TestSuites.Escalation_Tracking@3754a4bf] output={null}]]]>
              </value>
            </param>
          </params>
          <reporter-output>
          </reporter-output>
        </test-method> <!-- afterMethod -->
        <test-method is-config="true" signature="beofreMethod(org.testng.ITestResult)[pri:0, instance:com.Mesh_TestSuites.Escalation_Tracking@3754a4bf]" started-at="2026-06-16T07:48:33 EDT" name="beofreMethod" finished-at="2026-06-16T07:48:33 EDT" duration-ms="1" status="PASS">
          <params>
            <param index="0">
              <value>
                <![CDATA[[TestResult name={null} status=CREATED method=Escalation_Tracking.TC_006_Verify_Escalation_Tracking_Creation_From_DecisionPackage()[pri:0, instance:com.Mesh_TestSuites.Escalation_Tracking@3754a4bf] output={null}]]]>
              </value>
            </param>
          </params>
          <reporter-output>
          </reporter-output>
        </test-method> <!-- beofreMethod -->
        <test-method signature="TC_006_Verify_Escalation_Tracking_Creation_From_DecisionPackage()[pri:0, instance:com.Mesh_TestSuites.Escalation_Tracking@3754a4bf]" started-at="2026-06-16T07:48:33 EDT" name="TC_006_Verify_Escalation_Tracking_Creation_From_DecisionPackage" finished-at="2026-06-16T07:50:56 EDT" duration-ms="142299" status="PASS">
          <reporter-output>
          </reporter-output>
        </test-method> <!-- TC_006_Verify_Escalation_Tracking_Creation_From_DecisionPackage -->
        <test-method is-config="true" signature="afterMethod(org.testng.ITestResult)[pri:0, instance:com.Mesh_TestSuites.Escalation_Tracking@3754a4bf]" started-at="2026-06-16T07:50:56 EDT" name="afterMethod" finished-at="2026-06-16T07:50:56 EDT" duration-ms="175" status="PASS">
          <params>
            <param index="0">
              <value>
                <![CDATA[[TestResult name=TC_006_Verify_Escalation_Tracking_Creation_From_DecisionPackage status=SUCCESS method=Escalation_Tracking.TC_006_Verify_Escalation_Tracking_Creation_From_DecisionPackage()[pri:0, instance:com.Mesh_TestSuites.Escalation_Tracking@3754a4bf] output={null}]]]>
              </value>
            </param>
          </params>
          <reporter-output>
          </reporter-output>
        </test-method> <!-- afterMethod -->
        <test-method is-config="true" signature="beofreMethod(org.testng.ITestResult)[pri:0, instance:com.Mesh_TestSuites.Escalation_Tracking@3754a4bf]" started-at="2026-06-16T07:50:56 EDT" name="beofreMethod" finished-at="2026-06-16T07:50:56 EDT" duration-ms="2" status="PASS">
          <params>
            <param index="0">
              <value>
                <![CDATA[[TestResult name={null} status=CREATED method=Escalation_Tracking.TC_007_Verify_Escalation_Tracking_Emails_Validations()[pri:0, instance:com.Mesh_TestSuites.Escalation_Tracking@3754a4bf] output={null}]]]>
              </value>
            </param>
          </params>
          <reporter-output>
          </reporter-output>
        </test-method> <!-- beofreMethod -->
        <test-method signature="TC_007_Verify_Escalation_Tracking_Emails_Validations()[pri:0, instance:com.Mesh_TestSuites.Escalation_Tracking@3754a4bf]" started-at="2026-06-16T07:50:56 EDT" name="TC_007_Verify_Escalation_Tracking_Emails_Validations" finished-at="2026-06-16T07:58:09 EDT" duration-ms="432814" status="PASS">
          <reporter-output>
          </reporter-output>
        </test-method> <!-- TC_007_Verify_Escalation_Tracking_Emails_Validations -->
        <test-method is-config="true" signature="afterMethod(org.testng.ITestResult)[pri:0, instance:com.Mesh_TestSuites.Escalation_Tracking@3754a4bf]" started-at="2026-06-16T07:58:09 EDT" name="afterMethod" finished-at="2026-06-16T07:58:09 EDT" duration-ms="132" status="PASS">
          <params>
            <param index="0">
              <value>
                <![CDATA[[TestResult name=TC_007_Verify_Escalation_Tracking_Emails_Validations status=SUCCESS method=Escalation_Tracking.TC_007_Verify_Escalation_Tracking_Emails_Validations()[pri:0, instance:com.Mesh_TestSuites.Escalation_Tracking@3754a4bf] output={null}]]]>
              </value>
            </param>
          </params>
          <reporter-output>
          </reporter-output>
        </test-method> <!-- afterMethod -->
        <test-method is-config="true" signature="afterClass()[pri:0, instance:com.Mesh_TestSuites.Escalation_Tracking@3754a4bf]" started-at="2026-06-16T07:58:09 EDT" name="afterClass" finished-at="2026-06-16T07:58:09 EDT" duration-ms="0" status="PASS">
          <reporter-output>
          </reporter-output>
        </test-method> <!-- afterClass -->
        <test-method is-config="true" signature="afterTest()[pri:0, instance:com.Mesh_TestSuites.Escalation_Tracking@3754a4bf]" started-at="2026-06-16T07:58:09 EDT" name="afterTest" finished-at="2026-06-16T07:58:09 EDT" duration-ms="725" status="PASS">
          <reporter-output>
          </reporter-output>
        </test-method> <!-- afterTest -->
      </class> <!-- com.Mesh_TestSuites.Escalation_Tracking -->
    </test> <!-- Default test -->
  </suite> <!-- Default suite -->
</testng-results>
