<?xml version="1.0" encoding="UTF-8"?>
<testng-results ignored="0" total="1" passed="1" failed="0" skipped="0">
  <reporter-output>
  </reporter-output>
  <suite started-at="2026-02-02T00:00:48 EST" name="Default suite" finished-at="2026-02-02T00:01:20 EST" duration-ms="32092">
    <groups>
    </groups>
    <test started-at="2026-02-02T00:00:48 EST" name="Default test" finished-at="2026-02-02T00:01:20 EST" duration-ms="32092">
      <class name="com.Mesh_TestSuites.CertificationWorkflow_TestSuite">
        <test-method is-config="true" signature="beforetest(org.testng.ITestContext)[pri:0, instance:com.Mesh_TestSuites.CertificationWorkflow_TestSuite@5e0e82ae]" started-at="2026-02-02T00:00:48 EST" name="beforetest" finished-at="2026-02-02T00:00:48 EST" duration-ms="202" status="PASS">
          <params>
            <param index="0">
              <value>
                <![CDATA[org.testng.TestRunner@b835727]]>
              </value>
            </param>
          </params>
          <reporter-output>
          </reporter-output>
        </test-method> <!-- beforetest -->
        <test-method is-config="true" signature="beforeClass()[pri:0, instance:com.Mesh_TestSuites.CertificationWorkflow_TestSuite@5e0e82ae]" started-at="2026-02-02T00:00:48 EST" name="beforeClass" finished-at="2026-02-02T00:00:58 EST" duration-ms="9270" status="PASS">
          <reporter-output>
          </reporter-output>
        </test-method> <!-- beforeClass -->
        <test-method is-config="true" signature="beofreMethod(org.testng.ITestResult)[pri:0, instance:com.Mesh_TestSuites.CertificationWorkflow_TestSuite@5e0e82ae]" started-at="2026-02-02T00:00:58 EST" name="beofreMethod" finished-at="2026-02-02T00:00:58 EST" duration-ms="1" status="PASS">
          <params>
            <param index="0">
              <value>
                <![CDATA[[TestResult name={null} status=CREATED method=CertificationWorkflow_TestSuite.TC_001_Verifying_Certification_Workflow_Creation()[pri:0, instance:com.Mesh_TestSuites.CertificationWorkflow_TestSuite@5e0e82ae] output={null}]]]>
              </value>
            </param>
          </params>
          <reporter-output>
          </reporter-output>
        </test-method> <!-- beofreMethod -->
        <test-method signature="TC_001_Verifying_Certification_Workflow_Creation()[pri:0, instance:com.Mesh_TestSuites.CertificationWorkflow_TestSuite@5e0e82ae]" started-at="2026-02-02T00:00:58 EST" name="TC_001_Verifying_Certification_Workflow_Creation" finished-at="2026-02-02T00:01:20 EST" duration-ms="21954" status="PASS">
          <reporter-output>
          </reporter-output>
        </test-method> <!-- TC_001_Verifying_Certification_Workflow_Creation -->
        <test-method is-config="true" signature="afterMethod(org.testng.ITestResult)[pri:0, instance:com.Mesh_TestSuites.CertificationWorkflow_TestSuite@5e0e82ae]" started-at="2026-02-02T00:01:20 EST" name="afterMethod" finished-at="2026-02-02T00:01:20 EST" duration-ms="137" status="PASS">
          <params>
            <param index="0">
              <value>
                <![CDATA[[TestResult name=TC_001_Verifying_Certification_Workflow_Creation status=SUCCESS method=CertificationWorkflow_TestSuite.TC_001_Verifying_Certification_Workflow_Creation()[pri:0, instance:com.Mesh_TestSuites.CertificationWorkflow_TestSuite@5e0e82ae] output={null}]]]>
              </value>
            </param>
          </params>
          <reporter-output>
          </reporter-output>
        </test-method> <!-- afterMethod -->
        <test-method is-config="true" signature="afterClass()[pri:0, instance:com.Mesh_TestSuites.CertificationWorkflow_TestSuite@5e0e82ae]" started-at="2026-02-02T00:01:20 EST" name="afterClass" finished-at="2026-02-02T00:01:20 EST" duration-ms="0" status="PASS">
          <reporter-output>
          </reporter-output>
        </test-method> <!-- afterClass -->
        <test-method is-config="true" signature="afterTest()[pri:0, instance:com.Mesh_TestSuites.CertificationWorkflow_TestSuite@5e0e82ae]" started-at="2026-02-02T00:01:20 EST" name="afterTest" finished-at="2026-02-02T00:01:20 EST" duration-ms="491" status="PASS">
          <reporter-output>
          </reporter-output>
        </test-method> <!-- afterTest -->
      </class> <!-- com.Mesh_TestSuites.CertificationWorkflow_TestSuite -->
    </test> <!-- Default test -->
  </suite> <!-- Default suite -->
</testng-results>
