<?xml version="1.0" encoding="UTF-8"?>
<testng-results ignored="0" total="5" passed="5" failed="0" skipped="0">
  <reporter-output>
  </reporter-output>
  <suite started-at="2025-12-09T08:25:49 EST" name="Default suite" finished-at="2025-12-09T08:35:46 EST" duration-ms="597118">
    <groups>
    </groups>
    <test started-at="2025-12-09T08:25:49 EST" name="Default test" finished-at="2025-12-09T08:35:46 EST" duration-ms="597118">
      <class name="com.Mesh_TestSuites.Escalation_Tracking">
        <test-method is-config="true" signature="beforetest(org.testng.ITestContext)[pri:0, instance:com.Mesh_TestSuites.Escalation_Tracking@36fc695d]" started-at="2025-12-09T08:25:49 EST" name="beforetest" finished-at="2025-12-09T08:25:50 EST" duration-ms="536" status="PASS">
          <params>
            <param index="0">
              <value>
                <![CDATA[org.testng.TestRunner@31e5d408]]>
              </value>
            </param>
          </params>
          <reporter-output>
          </reporter-output>
        </test-method> <!-- beforetest -->
        <test-method is-config="true" signature="beforeClass()[pri:0, instance:com.Mesh_TestSuites.Escalation_Tracking@36fc695d]" started-at="2025-12-09T08:25:50 EST" name="beforeClass" finished-at="2025-12-09T08:25:56 EST" duration-ms="6002" status="PASS">
          <reporter-output>
          </reporter-output>
        </test-method> <!-- beforeClass -->
        <test-method is-config="true" signature="beofreMethod(org.testng.ITestResult)[pri:0, instance:com.Mesh_TestSuites.Escalation_Tracking@36fc695d]" started-at="2025-12-09T08:25:56 EST" name="beofreMethod" finished-at="2025-12-09T08:25:56 EST" duration-ms="2" status="PASS">
          <params>
            <param index="0">
              <value>
                <![CDATA[[TestResult name={null} status=CREATED method=Escalation_Tracking.TC_001_Verify_Creation_Of_New_Escalation_Tracking()[pri:0, instance:com.Mesh_TestSuites.Escalation_Tracking@36fc695d] output={null}]]]>
              </value>
            </param>
          </params>
          <reporter-output>
          </reporter-output>
        </test-method> <!-- beofreMethod -->
        <test-method signature="TC_001_Verify_Creation_Of_New_Escalation_Tracking()[pri:0, instance:com.Mesh_TestSuites.Escalation_Tracking@36fc695d]" started-at="2025-12-09T08:25:56 EST" name="TC_001_Verify_Creation_Of_New_Escalation_Tracking" finished-at="2025-12-09T08:27:52 EST" duration-ms="116467" status="PASS">
          <reporter-output>
          </reporter-output>
        </test-method> <!-- TC_001_Verify_Creation_Of_New_Escalation_Tracking -->
        <test-method is-config="true" signature="afterMethod(org.testng.ITestResult)[pri:0, instance:com.Mesh_TestSuites.Escalation_Tracking@36fc695d]" started-at="2025-12-09T08:27:52 EST" name="afterMethod" finished-at="2025-12-09T08:27:53 EST" duration-ms="309" status="PASS">
          <params>
            <param index="0">
              <value>
                <![CDATA[[TestResult name=TC_001_Verify_Creation_Of_New_Escalation_Tracking status=SUCCESS method=Escalation_Tracking.TC_001_Verify_Creation_Of_New_Escalation_Tracking()[pri:0, instance:com.Mesh_TestSuites.Escalation_Tracking@36fc695d] output={null}]]]>
              </value>
            </param>
          </params>
          <reporter-output>
          </reporter-output>
        </test-method> <!-- afterMethod -->
        <test-method is-config="true" signature="beofreMethod(org.testng.ITestResult)[pri:0, instance:com.Mesh_TestSuites.Escalation_Tracking@36fc695d]" started-at="2025-12-09T08:27:53 EST" name="beofreMethod" finished-at="2025-12-09T08:27:53 EST" duration-ms="1" status="PASS">
          <params>
            <param index="0">
              <value>
                <![CDATA[[TestResult name={null} status=CREATED method=Escalation_Tracking.TC_002_Verify_Escalation_Tracking_NoActionNeede()[pri:0, instance:com.Mesh_TestSuites.Escalation_Tracking@36fc695d] output={null}]]]>
              </value>
            </param>
          </params>
          <reporter-output>
          </reporter-output>
        </test-method> <!-- beofreMethod -->
        <test-method signature="TC_002_Verify_Escalation_Tracking_NoActionNeede()[pri:0, instance:com.Mesh_TestSuites.Escalation_Tracking@36fc695d]" started-at="2025-12-09T08:27:53 EST" name="TC_002_Verify_Escalation_Tracking_NoActionNeede" finished-at="2025-12-09T08:29:06 EST" duration-ms="73198" status="PASS">
          <reporter-output>
          </reporter-output>
        </test-method> <!-- TC_002_Verify_Escalation_Tracking_NoActionNeede -->
        <test-method is-config="true" signature="afterMethod(org.testng.ITestResult)[pri:0, instance:com.Mesh_TestSuites.Escalation_Tracking@36fc695d]" started-at="2025-12-09T08:29:06 EST" name="afterMethod" finished-at="2025-12-09T08:29:06 EST" duration-ms="295" status="PASS">
          <params>
            <param index="0">
              <value>
                <![CDATA[[TestResult name=TC_002_Verify_Escalation_Tracking_NoActionNeede status=SUCCESS method=Escalation_Tracking.TC_002_Verify_Escalation_Tracking_NoActionNeede()[pri:0, instance:com.Mesh_TestSuites.Escalation_Tracking@36fc695d] output={null}]]]>
              </value>
            </param>
          </params>
          <reporter-output>
          </reporter-output>
        </test-method> <!-- afterMethod -->
        <test-method is-config="true" signature="beofreMethod(org.testng.ITestResult)[pri:0, instance:com.Mesh_TestSuites.Escalation_Tracking@36fc695d]" started-at="2025-12-09T08:29:06 EST" name="beofreMethod" finished-at="2025-12-09T08:29:06 EST" duration-ms="1" status="PASS">
          <params>
            <param index="0">
              <value>
                <![CDATA[[TestResult name={null} status=CREATED method=Escalation_Tracking.TC_003_Verify_Escalation_Tracking_Other_Reason()[pri:0, instance:com.Mesh_TestSuites.Escalation_Tracking@36fc695d] output={null}]]]>
              </value>
            </param>
          </params>
          <reporter-output>
          </reporter-output>
        </test-method> <!-- beofreMethod -->
        <test-method signature="TC_003_Verify_Escalation_Tracking_Other_Reason()[pri:0, instance:com.Mesh_TestSuites.Escalation_Tracking@36fc695d]" started-at="2025-12-09T08:29:06 EST" name="TC_003_Verify_Escalation_Tracking_Other_Reason" finished-at="2025-12-09T08:30:56 EST" duration-ms="110422" status="PASS">
          <reporter-output>
          </reporter-output>
        </test-method> <!-- TC_003_Verify_Escalation_Tracking_Other_Reason -->
        <test-method is-config="true" signature="afterMethod(org.testng.ITestResult)[pri:0, instance:com.Mesh_TestSuites.Escalation_Tracking@36fc695d]" started-at="2025-12-09T08:30:56 EST" name="afterMethod" finished-at="2025-12-09T08:30:57 EST" duration-ms="266" status="PASS">
          <params>
            <param index="0">
              <value>
                <![CDATA[[TestResult name=TC_003_Verify_Escalation_Tracking_Other_Reason status=SUCCESS method=Escalation_Tracking.TC_003_Verify_Escalation_Tracking_Other_Reason()[pri:0, instance:com.Mesh_TestSuites.Escalation_Tracking@36fc695d] output={null}]]]>
              </value>
            </param>
          </params>
          <reporter-output>
          </reporter-output>
        </test-method> <!-- afterMethod -->
        <test-method is-config="true" signature="beofreMethod(org.testng.ITestResult)[pri:0, instance:com.Mesh_TestSuites.Escalation_Tracking@36fc695d]" started-at="2025-12-09T08:30:57 EST" name="beofreMethod" finished-at="2025-12-09T08:30:57 EST" duration-ms="1" status="PASS">
          <params>
            <param index="0">
              <value>
                <![CDATA[[TestResult name={null} status=CREATED method=Escalation_Tracking.TC_004_Verify_Escalation_Tracking_Return_Item()[pri:0, instance:com.Mesh_TestSuites.Escalation_Tracking@36fc695d] output={null}]]]>
              </value>
            </param>
          </params>
          <reporter-output>
          </reporter-output>
        </test-method> <!-- beofreMethod -->
        <test-method signature="TC_004_Verify_Escalation_Tracking_Return_Item()[pri:0, instance:com.Mesh_TestSuites.Escalation_Tracking@36fc695d]" started-at="2025-12-09T08:30:57 EST" name="TC_004_Verify_Escalation_Tracking_Return_Item" finished-at="2025-12-09T08:34:18 EST" duration-ms="201172" status="PASS">
          <reporter-output>
          </reporter-output>
        </test-method> <!-- TC_004_Verify_Escalation_Tracking_Return_Item -->
        <test-method is-config="true" signature="afterMethod(org.testng.ITestResult)[pri:0, instance:com.Mesh_TestSuites.Escalation_Tracking@36fc695d]" started-at="2025-12-09T08:34:18 EST" name="afterMethod" finished-at="2025-12-09T08:34:18 EST" duration-ms="295" status="PASS">
          <params>
            <param index="0">
              <value>
                <![CDATA[[TestResult name=TC_004_Verify_Escalation_Tracking_Return_Item status=SUCCESS method=Escalation_Tracking.TC_004_Verify_Escalation_Tracking_Return_Item()[pri:0, instance:com.Mesh_TestSuites.Escalation_Tracking@36fc695d] output={null}]]]>
              </value>
            </param>
          </params>
          <reporter-output>
          </reporter-output>
        </test-method> <!-- afterMethod -->
        <test-method is-config="true" signature="beofreMethod(org.testng.ITestResult)[pri:0, instance:com.Mesh_TestSuites.Escalation_Tracking@36fc695d]" started-at="2025-12-09T08:34:18 EST" name="beofreMethod" finished-at="2025-12-09T08:34:18 EST" duration-ms="2" status="PASS">
          <params>
            <param index="0">
              <value>
                <![CDATA[[TestResult name={null} status=CREATED method=Escalation_Tracking.TC_005_Verify_Escalation_Tracking_Creation_From_DecisionPackage()[pri:0, instance:com.Mesh_TestSuites.Escalation_Tracking@36fc695d] output={null}]]]>
              </value>
            </param>
          </params>
          <reporter-output>
          </reporter-output>
        </test-method> <!-- beofreMethod -->
        <test-method signature="TC_005_Verify_Escalation_Tracking_Creation_From_DecisionPackage()[pri:0, instance:com.Mesh_TestSuites.Escalation_Tracking@36fc695d]" started-at="2025-12-09T08:34:18 EST" name="TC_005_Verify_Escalation_Tracking_Creation_From_DecisionPackage" finished-at="2025-12-09T08:35:45 EST" duration-ms="86743" status="PASS">
          <reporter-output>
          </reporter-output>
        </test-method> <!-- TC_005_Verify_Escalation_Tracking_Creation_From_DecisionPackage -->
        <test-method is-config="true" signature="afterMethod(org.testng.ITestResult)[pri:0, instance:com.Mesh_TestSuites.Escalation_Tracking@36fc695d]" started-at="2025-12-09T08:35:45 EST" name="afterMethod" finished-at="2025-12-09T08:35:45 EST" duration-ms="360" status="PASS">
          <params>
            <param index="0">
              <value>
                <![CDATA[[TestResult name=TC_005_Verify_Escalation_Tracking_Creation_From_DecisionPackage status=SUCCESS method=Escalation_Tracking.TC_005_Verify_Escalation_Tracking_Creation_From_DecisionPackage()[pri:0, instance:com.Mesh_TestSuites.Escalation_Tracking@36fc695d] output={null}]]]>
              </value>
            </param>
          </params>
          <reporter-output>
          </reporter-output>
        </test-method> <!-- afterMethod -->
        <test-method is-config="true" signature="afterClass()[pri:0, instance:com.Mesh_TestSuites.Escalation_Tracking@36fc695d]" started-at="2025-12-09T08:35:45 EST" name="afterClass" finished-at="2025-12-09T08:35:45 EST" duration-ms="1" status="PASS">
          <reporter-output>
          </reporter-output>
        </test-method> <!-- afterClass -->
        <test-method is-config="true" signature="afterTest()[pri:0, instance:com.Mesh_TestSuites.Escalation_Tracking@36fc695d]" started-at="2025-12-09T08:35:45 EST" name="afterTest" finished-at="2025-12-09T08:35:46 EST" duration-ms="949" status="PASS">
          <reporter-output>
          </reporter-output>
        </test-method> <!-- afterTest -->
      </class> <!-- com.Mesh_TestSuites.Escalation_Tracking -->
    </test> <!-- Default test -->
  </suite> <!-- Default suite -->
</testng-results>
