<?xml version="1.0" encoding="UTF-8"?>
<testng-results ignored="0" total="5" passed="5" failed="0" skipped="0">
  <reporter-output>
  </reporter-output>
  <suite started-at="2026-08-19T09:42:30 EDT" name="Default suite" finished-at="2026-08-19T09:47:19 EDT" duration-ms="289239">
    <groups>
    </groups>
    <test started-at="2026-08-19T09:42:30 EDT" name="Default test" finished-at="2026-08-19T09:47:19 EDT" duration-ms="289239">
      <class name="com.Mesh_TestSuites.Package_SO_Updates_Suite">
        <test-method is-config="true" signature="beforetest(org.testng.ITestContext)[pri:0, instance:com.Mesh_TestSuites.Package_SO_Updates_Suite@28701274]" started-at="2026-08-19T09:42:30 EDT" name="beforetest" finished-at="2026-08-19T09:42:30 EDT" duration-ms="256" status="PASS">
          <params>
            <param index="0">
              <value>
                <![CDATA[org.testng.TestRunner@2a8f8555]]>
              </value>
            </param>
          </params>
          <reporter-output>
          </reporter-output>
        </test-method> <!-- beforetest -->
        <test-method is-config="true" signature="beforeClass()[pri:0, instance:com.Mesh_TestSuites.Package_SO_Updates_Suite@28701274]" started-at="2026-08-19T09:42:30 EDT" name="beforeClass" finished-at="2026-08-19T09:42:36 EDT" duration-ms="5264" status="PASS">
          <reporter-output>
          </reporter-output>
        </test-method> <!-- beforeClass -->
        <test-method is-config="true" signature="beofreMethod(org.testng.ITestResult)[pri:0, instance:com.Mesh_TestSuites.Package_SO_Updates_Suite@28701274]" started-at="2026-08-19T09:42:36 EDT" name="beofreMethod" finished-at="2026-08-19T09:42:36 EDT" duration-ms="1" status="PASS">
          <params>
            <param index="0">
              <value>
                <![CDATA[[TestResult name={null} status=CREATED method=Package_SO_Updates_Suite.TC_001_Verify_Package_SO_Updates_Displays_Only_For_Admin_OPsTeam()[pri:0, instance:com.Mesh_TestSuites.Package_SO_Updates_Suite@28701274] output={null}]]]>
              </value>
            </param>
          </params>
          <reporter-output>
          </reporter-output>
        </test-method> <!-- beofreMethod -->
        <test-method signature="TC_001_Verify_Package_SO_Updates_Displays_Only_For_Admin_OPsTeam()[pri:0, instance:com.Mesh_TestSuites.Package_SO_Updates_Suite@28701274]" started-at="2026-08-19T09:42:36 EDT" name="TC_001_Verify_Package_SO_Updates_Displays_Only_For_Admin_OPsTeam" finished-at="2026-08-19T09:45:21 EDT" duration-ms="165611" status="PASS">
          <reporter-output>
          </reporter-output>
        </test-method> <!-- TC_001_Verify_Package_SO_Updates_Displays_Only_For_Admin_OPsTeam -->
        <test-method is-config="true" signature="afterMethod(org.testng.ITestResult)[pri:0, instance:com.Mesh_TestSuites.Package_SO_Updates_Suite@28701274]" started-at="2026-08-19T09:45:21 EDT" name="afterMethod" finished-at="2026-08-19T09:45:22 EDT" duration-ms="239" status="PASS">
          <params>
            <param index="0">
              <value>
                <![CDATA[[TestResult name=TC_001_Verify_Package_SO_Updates_Displays_Only_For_Admin_OPsTeam status=SUCCESS method=Package_SO_Updates_Suite.TC_001_Verify_Package_SO_Updates_Displays_Only_For_Admin_OPsTeam()[pri:0, instance:com.Mesh_TestSuites.Package_SO_Updates_Suite@28701274] output={null}]]]>
              </value>
            </param>
          </params>
          <reporter-output>
          </reporter-output>
        </test-method> <!-- afterMethod -->
        <test-method signature="TC_002_Verify_Package_SO_Updates_StateOfficer_Replacement()[pri:0, instance:com.Mesh_TestSuites.Package_SO_Updates_Suite@28701274]" started-at="2026-08-19T09:45:22 EDT" name="TC_002_Verify_Package_SO_Updates_StateOfficer_Replacement" finished-at="2026-08-19T09:46:08 EDT" duration-ms="46779" status="PASS">
          <reporter-output>
          </reporter-output>
        </test-method> <!-- TC_002_Verify_Package_SO_Updates_StateOfficer_Replacement -->
        <test-method is-config="true" signature="beofreMethod(org.testng.ITestResult)[pri:0, instance:com.Mesh_TestSuites.Package_SO_Updates_Suite@28701274]" started-at="2026-08-19T09:45:22 EDT" name="beofreMethod" finished-at="2026-08-19T09:45:22 EDT" duration-ms="0" status="PASS">
          <params>
            <param index="0">
              <value>
                <![CDATA[[TestResult name={null} status=CREATED method=Package_SO_Updates_Suite.TC_002_Verify_Package_SO_Updates_StateOfficer_Replacement()[pri:0, instance:com.Mesh_TestSuites.Package_SO_Updates_Suite@28701274] output={null}]]]>
              </value>
            </param>
          </params>
          <reporter-output>
          </reporter-output>
        </test-method> <!-- beofreMethod -->
        <test-method is-config="true" signature="afterMethod(org.testng.ITestResult)[pri:0, instance:com.Mesh_TestSuites.Package_SO_Updates_Suite@28701274]" started-at="2026-08-19T09:46:08 EDT" name="afterMethod" finished-at="2026-08-19T09:46:09 EDT" duration-ms="220" status="PASS">
          <params>
            <param index="0">
              <value>
                <![CDATA[[TestResult name=TC_002_Verify_Package_SO_Updates_StateOfficer_Replacement status=SUCCESS method=Package_SO_Updates_Suite.TC_002_Verify_Package_SO_Updates_StateOfficer_Replacement()[pri:0, instance:com.Mesh_TestSuites.Package_SO_Updates_Suite@28701274] output={null}]]]>
              </value>
            </param>
          </params>
          <reporter-output>
          </reporter-output>
        </test-method> <!-- afterMethod -->
        <test-method is-config="true" signature="beofreMethod(org.testng.ITestResult)[pri:0, instance:com.Mesh_TestSuites.Package_SO_Updates_Suite@28701274]" started-at="2026-08-19T09:46:09 EDT" name="beofreMethod" finished-at="2026-08-19T09:46:09 EDT" duration-ms="1" status="PASS">
          <params>
            <param index="0">
              <value>
                <![CDATA[[TestResult name={null} status=CREATED method=Package_SO_Updates_Suite.TC_003_Verify_Email_Notification_After_StateOfficer_Replacement()[pri:0, instance:com.Mesh_TestSuites.Package_SO_Updates_Suite@28701274] output={null}]]]>
              </value>
            </param>
          </params>
          <reporter-output>
          </reporter-output>
        </test-method> <!-- beofreMethod -->
        <test-method signature="TC_003_Verify_Email_Notification_After_StateOfficer_Replacement()[pri:0, instance:com.Mesh_TestSuites.Package_SO_Updates_Suite@28701274]" started-at="2026-08-19T09:46:09 EDT" name="TC_003_Verify_Email_Notification_After_StateOfficer_Replacement" finished-at="2026-08-19T09:46:34 EDT" duration-ms="25546" status="PASS">
          <reporter-output>
          </reporter-output>
        </test-method> <!-- TC_003_Verify_Email_Notification_After_StateOfficer_Replacement -->
        <test-method is-config="true" signature="afterMethod(org.testng.ITestResult)[pri:0, instance:com.Mesh_TestSuites.Package_SO_Updates_Suite@28701274]" started-at="2026-08-19T09:46:34 EDT" name="afterMethod" finished-at="2026-08-19T09:46:34 EDT" duration-ms="198" status="PASS">
          <params>
            <param index="0">
              <value>
                <![CDATA[[TestResult name=TC_003_Verify_Email_Notification_After_StateOfficer_Replacement status=SUCCESS method=Package_SO_Updates_Suite.TC_003_Verify_Email_Notification_After_StateOfficer_Replacement()[pri:0, instance:com.Mesh_TestSuites.Package_SO_Updates_Suite@28701274] output={null}]]]>
              </value>
            </param>
          </params>
          <reporter-output>
          </reporter-output>
        </test-method> <!-- afterMethod -->
        <test-method is-config="true" signature="beofreMethod(org.testng.ITestResult)[pri:0, instance:com.Mesh_TestSuites.Package_SO_Updates_Suite@28701274]" started-at="2026-08-19T09:46:34 EDT" name="beofreMethod" finished-at="2026-08-19T09:46:34 EDT" duration-ms="0" status="PASS">
          <params>
            <param index="0">
              <value>
                <![CDATA[[TestResult name={null} status=CREATED method=Package_SO_Updates_Suite.TC_004_Verify_Package_SO_Updates_StateOfficer_Re_ASSIGN()[pri:0, instance:com.Mesh_TestSuites.Package_SO_Updates_Suite@28701274] output={null}]]]>
              </value>
            </param>
          </params>
          <reporter-output>
          </reporter-output>
        </test-method> <!-- beofreMethod -->
        <test-method signature="TC_004_Verify_Package_SO_Updates_StateOfficer_Re_ASSIGN()[pri:0, instance:com.Mesh_TestSuites.Package_SO_Updates_Suite@28701274]" started-at="2026-08-19T09:46:34 EDT" name="TC_004_Verify_Package_SO_Updates_StateOfficer_Re_ASSIGN" finished-at="2026-08-19T09:47:05 EDT" duration-ms="30815" status="PASS">
          <reporter-output>
          </reporter-output>
        </test-method> <!-- TC_004_Verify_Package_SO_Updates_StateOfficer_Re_ASSIGN -->
        <test-method is-config="true" signature="afterMethod(org.testng.ITestResult)[pri:0, instance:com.Mesh_TestSuites.Package_SO_Updates_Suite@28701274]" started-at="2026-08-19T09:47:05 EDT" name="afterMethod" finished-at="2026-08-19T09:47:05 EDT" duration-ms="305" status="PASS">
          <params>
            <param index="0">
              <value>
                <![CDATA[[TestResult name=TC_004_Verify_Package_SO_Updates_StateOfficer_Re_ASSIGN status=SUCCESS method=Package_SO_Updates_Suite.TC_004_Verify_Package_SO_Updates_StateOfficer_Re_ASSIGN()[pri:0, instance:com.Mesh_TestSuites.Package_SO_Updates_Suite@28701274] output={null}]]]>
              </value>
            </param>
          </params>
          <reporter-output>
          </reporter-output>
        </test-method> <!-- afterMethod -->
        <test-method is-config="true" signature="beofreMethod(org.testng.ITestResult)[pri:0, instance:com.Mesh_TestSuites.Package_SO_Updates_Suite@28701274]" started-at="2026-08-19T09:47:05 EDT" name="beofreMethod" finished-at="2026-08-19T09:47:05 EDT" duration-ms="1" status="PASS">
          <params>
            <param index="0">
              <value>
                <![CDATA[[TestResult name={null} status=CREATED method=Package_SO_Updates_Suite.TC_005_Verify_Email_Notification_After_StateOfficer_ReAssignment()[pri:0, instance:com.Mesh_TestSuites.Package_SO_Updates_Suite@28701274] output={null}]]]>
              </value>
            </param>
          </params>
          <reporter-output>
          </reporter-output>
        </test-method> <!-- beofreMethod -->
        <test-method signature="TC_005_Verify_Email_Notification_After_StateOfficer_ReAssignment()[pri:0, instance:com.Mesh_TestSuites.Package_SO_Updates_Suite@28701274]" started-at="2026-08-19T09:47:05 EDT" name="TC_005_Verify_Email_Notification_After_StateOfficer_ReAssignment" finished-at="2026-08-19T09:47:19 EDT" duration-ms="13230" status="PASS">
          <reporter-output>
          </reporter-output>
        </test-method> <!-- TC_005_Verify_Email_Notification_After_StateOfficer_ReAssignment -->
        <test-method is-config="true" signature="afterMethod(org.testng.ITestResult)[pri:0, instance:com.Mesh_TestSuites.Package_SO_Updates_Suite@28701274]" started-at="2026-08-19T09:47:19 EDT" name="afterMethod" finished-at="2026-08-19T09:47:19 EDT" duration-ms="260" status="PASS">
          <params>
            <param index="0">
              <value>
                <![CDATA[[TestResult name=TC_005_Verify_Email_Notification_After_StateOfficer_ReAssignment status=SUCCESS method=Package_SO_Updates_Suite.TC_005_Verify_Email_Notification_After_StateOfficer_ReAssignment()[pri:0, instance:com.Mesh_TestSuites.Package_SO_Updates_Suite@28701274] output={null}]]]>
              </value>
            </param>
          </params>
          <reporter-output>
          </reporter-output>
        </test-method> <!-- afterMethod -->
        <test-method is-config="true" signature="afterClass()[pri:0, instance:com.Mesh_TestSuites.Package_SO_Updates_Suite@28701274]" started-at="2026-08-19T09:47:19 EDT" name="afterClass" finished-at="2026-08-19T09:47:19 EDT" duration-ms="1" status="PASS">
          <reporter-output>
          </reporter-output>
        </test-method> <!-- afterClass -->
        <test-method is-config="true" signature="afterTest()[pri:0, instance:com.Mesh_TestSuites.Package_SO_Updates_Suite@28701274]" started-at="2026-08-19T09:47:19 EDT" name="afterTest" finished-at="2026-08-19T09:47:19 EDT" duration-ms="449" status="PASS">
          <reporter-output>
          </reporter-output>
        </test-method> <!-- afterTest -->
      </class> <!-- com.Mesh_TestSuites.Package_SO_Updates_Suite -->
    </test> <!-- Default test -->
  </suite> <!-- Default suite -->
</testng-results>
