<?xml version="1.0" encoding="UTF-8"?>
<testng-results ignored="0" total="6" passed="6" failed="0" skipped="0">
  <reporter-output>
  </reporter-output>
  <suite started-at="2026-03-31T07:50:49 EDT" name="Default suite" finished-at="2026-03-31T08:07:02 EDT" duration-ms="973219">
    <groups>
    </groups>
    <test started-at="2026-03-31T07:50:49 EDT" name="Default test" finished-at="2026-03-31T08:07:02 EDT" duration-ms="973219">
      <class name="com.Mesh_TestSuites.Escalation_Tracking">
        <test-method is-config="true" signature="beforetest(org.testng.ITestContext)[pri:0, instance:com.Mesh_TestSuites.Escalation_Tracking@13c9d689]" started-at="2026-03-31T07:50:49 EDT" name="beforetest" finished-at="2026-03-31T07:50:49 EDT" duration-ms="236" status="PASS">
          <params>
            <param index="0">
              <value>
                <![CDATA[org.testng.TestRunner@504ed038]]>
              </value>
            </param>
          </params>
          <reporter-output>
          </reporter-output>
        </test-method> <!-- beforetest -->
        <test-method is-config="true" signature="beforeClass()[pri:0, instance:com.Mesh_TestSuites.Escalation_Tracking@13c9d689]" started-at="2026-03-31T07:50:49 EDT" name="beforeClass" finished-at="2026-03-31T07:50:53 EDT" duration-ms="3925" status="PASS">
          <reporter-output>
          </reporter-output>
        </test-method> <!-- beforeClass -->
        <test-method is-config="true" signature="beofreMethod(org.testng.ITestResult)[pri:0, instance:com.Mesh_TestSuites.Escalation_Tracking@13c9d689]" started-at="2026-03-31T07:50:53 EDT" name="beofreMethod" finished-at="2026-03-31T07:50:53 EDT" duration-ms="3" status="PASS">
          <params>
            <param index="0">
              <value>
                <![CDATA[[TestResult name={null} status=CREATED method=Escalation_Tracking.TC_001_Verify_Creation_Of_New_Escalation_Tracking()[pri:0, instance:com.Mesh_TestSuites.Escalation_Tracking@13c9d689] output={null}]]]>
              </value>
            </param>
          </params>
          <reporter-output>
          </reporter-output>
        </test-method> <!-- beofreMethod -->
        <test-method signature="TC_001_Verify_Creation_Of_New_Escalation_Tracking()[pri:0, instance:com.Mesh_TestSuites.Escalation_Tracking@13c9d689]" started-at="2026-03-31T07:50:53 EDT" name="TC_001_Verify_Creation_Of_New_Escalation_Tracking" finished-at="2026-03-31T07:53:09 EDT" duration-ms="135750" status="PASS">
          <reporter-output>
          </reporter-output>
        </test-method> <!-- TC_001_Verify_Creation_Of_New_Escalation_Tracking -->
        <test-method is-config="true" signature="afterMethod(org.testng.ITestResult)[pri:0, instance:com.Mesh_TestSuites.Escalation_Tracking@13c9d689]" started-at="2026-03-31T07:53:09 EDT" name="afterMethod" finished-at="2026-03-31T07:53:09 EDT" duration-ms="144" status="PASS">
          <params>
            <param index="0">
              <value>
                <![CDATA[[TestResult name=TC_001_Verify_Creation_Of_New_Escalation_Tracking status=SUCCESS method=Escalation_Tracking.TC_001_Verify_Creation_Of_New_Escalation_Tracking()[pri:0, instance:com.Mesh_TestSuites.Escalation_Tracking@13c9d689] output={null}]]]>
              </value>
            </param>
          </params>
          <reporter-output>
          </reporter-output>
        </test-method> <!-- afterMethod -->
        <test-method is-config="true" signature="beofreMethod(org.testng.ITestResult)[pri:0, instance:com.Mesh_TestSuites.Escalation_Tracking@13c9d689]" started-at="2026-03-31T07:53:09 EDT" name="beofreMethod" finished-at="2026-03-31T07:53:09 EDT" duration-ms="2" status="PASS">
          <params>
            <param index="0">
              <value>
                <![CDATA[[TestResult name={null} status=CREATED method=Escalation_Tracking.TC_002_Verify_Escalation_Tracking_NoActionNeede()[pri:0, instance:com.Mesh_TestSuites.Escalation_Tracking@13c9d689] output={null}]]]>
              </value>
            </param>
          </params>
          <reporter-output>
          </reporter-output>
        </test-method> <!-- beofreMethod -->
        <test-method signature="TC_002_Verify_Escalation_Tracking_NoActionNeede()[pri:0, instance:com.Mesh_TestSuites.Escalation_Tracking@13c9d689]" started-at="2026-03-31T07:53:09 EDT" name="TC_002_Verify_Escalation_Tracking_NoActionNeede" finished-at="2026-03-31T07:54:49 EDT" duration-ms="99610" status="PASS">
          <reporter-output>
          </reporter-output>
        </test-method> <!-- TC_002_Verify_Escalation_Tracking_NoActionNeede -->
        <test-method is-config="true" signature="afterMethod(org.testng.ITestResult)[pri:0, instance:com.Mesh_TestSuites.Escalation_Tracking@13c9d689]" started-at="2026-03-31T07:54:49 EDT" name="afterMethod" finished-at="2026-03-31T07:54:49 EDT" duration-ms="152" status="PASS">
          <params>
            <param index="0">
              <value>
                <![CDATA[[TestResult name=TC_002_Verify_Escalation_Tracking_NoActionNeede status=SUCCESS method=Escalation_Tracking.TC_002_Verify_Escalation_Tracking_NoActionNeede()[pri:0, instance:com.Mesh_TestSuites.Escalation_Tracking@13c9d689] output={null}]]]>
              </value>
            </param>
          </params>
          <reporter-output>
          </reporter-output>
        </test-method> <!-- afterMethod -->
        <test-method is-config="true" signature="beofreMethod(org.testng.ITestResult)[pri:0, instance:com.Mesh_TestSuites.Escalation_Tracking@13c9d689]" started-at="2026-03-31T07:54:49 EDT" name="beofreMethod" finished-at="2026-03-31T07:54:49 EDT" duration-ms="0" status="PASS">
          <params>
            <param index="0">
              <value>
                <![CDATA[[TestResult name={null} status=CREATED method=Escalation_Tracking.TC_003_Verify_Escalation_Tracking_Other_Reason()[pri:0, instance:com.Mesh_TestSuites.Escalation_Tracking@13c9d689] output={null}]]]>
              </value>
            </param>
          </params>
          <reporter-output>
          </reporter-output>
        </test-method> <!-- beofreMethod -->
        <test-method signature="TC_003_Verify_Escalation_Tracking_Other_Reason()[pri:0, instance:com.Mesh_TestSuites.Escalation_Tracking@13c9d689]" started-at="2026-03-31T07:54:49 EDT" name="TC_003_Verify_Escalation_Tracking_Other_Reason" finished-at="2026-03-31T07:56:33 EDT" duration-ms="104434" status="PASS">
          <reporter-output>
          </reporter-output>
        </test-method> <!-- TC_003_Verify_Escalation_Tracking_Other_Reason -->
        <test-method is-config="true" signature="afterMethod(org.testng.ITestResult)[pri:0, instance:com.Mesh_TestSuites.Escalation_Tracking@13c9d689]" started-at="2026-03-31T07:56:33 EDT" name="afterMethod" finished-at="2026-03-31T07:56:33 EDT" duration-ms="157" status="PASS">
          <params>
            <param index="0">
              <value>
                <![CDATA[[TestResult name=TC_003_Verify_Escalation_Tracking_Other_Reason status=SUCCESS method=Escalation_Tracking.TC_003_Verify_Escalation_Tracking_Other_Reason()[pri:0, instance:com.Mesh_TestSuites.Escalation_Tracking@13c9d689] output={null}]]]>
              </value>
            </param>
          </params>
          <reporter-output>
          </reporter-output>
        </test-method> <!-- afterMethod -->
        <test-method is-config="true" signature="beofreMethod(org.testng.ITestResult)[pri:0, instance:com.Mesh_TestSuites.Escalation_Tracking@13c9d689]" started-at="2026-03-31T07:56:33 EDT" name="beofreMethod" finished-at="2026-03-31T07:56:33 EDT" duration-ms="0" status="PASS">
          <params>
            <param index="0">
              <value>
                <![CDATA[[TestResult name={null} status=CREATED method=Escalation_Tracking.TC_004_Verify_Escalation_Tracking_Return_Item()[pri:0, instance:com.Mesh_TestSuites.Escalation_Tracking@13c9d689] output={null}]]]>
              </value>
            </param>
          </params>
          <reporter-output>
          </reporter-output>
        </test-method> <!-- beofreMethod -->
        <test-method signature="TC_004_Verify_Escalation_Tracking_Return_Item()[pri:0, instance:com.Mesh_TestSuites.Escalation_Tracking@13c9d689]" started-at="2026-03-31T07:56:33 EDT" name="TC_004_Verify_Escalation_Tracking_Return_Item" finished-at="2026-03-31T07:59:48 EDT" duration-ms="195171" status="PASS">
          <reporter-output>
          </reporter-output>
        </test-method> <!-- TC_004_Verify_Escalation_Tracking_Return_Item -->
        <test-method is-config="true" signature="afterMethod(org.testng.ITestResult)[pri:0, instance:com.Mesh_TestSuites.Escalation_Tracking@13c9d689]" started-at="2026-03-31T07:59:48 EDT" name="afterMethod" finished-at="2026-03-31T07:59:49 EDT" duration-ms="304" status="PASS">
          <params>
            <param index="0">
              <value>
                <![CDATA[[TestResult name=TC_004_Verify_Escalation_Tracking_Return_Item status=SUCCESS method=Escalation_Tracking.TC_004_Verify_Escalation_Tracking_Return_Item()[pri:0, instance:com.Mesh_TestSuites.Escalation_Tracking@13c9d689] output={null}]]]>
              </value>
            </param>
          </params>
          <reporter-output>
          </reporter-output>
        </test-method> <!-- afterMethod -->
        <test-method is-config="true" signature="beofreMethod(org.testng.ITestResult)[pri:0, instance:com.Mesh_TestSuites.Escalation_Tracking@13c9d689]" started-at="2026-03-31T07:59:49 EDT" name="beofreMethod" finished-at="2026-03-31T07:59:49 EDT" duration-ms="1" status="PASS">
          <params>
            <param index="0">
              <value>
                <![CDATA[[TestResult name={null} status=CREATED method=Escalation_Tracking.TC_005_Verify_Escalation_Tracking_Creation_From_DecisionPackage()[pri:0, instance:com.Mesh_TestSuites.Escalation_Tracking@13c9d689] output={null}]]]>
              </value>
            </param>
          </params>
          <reporter-output>
          </reporter-output>
        </test-method> <!-- beofreMethod -->
        <test-method signature="TC_005_Verify_Escalation_Tracking_Creation_From_DecisionPackage()[pri:0, instance:com.Mesh_TestSuites.Escalation_Tracking@13c9d689]" started-at="2026-03-31T07:59:49 EDT" name="TC_005_Verify_Escalation_Tracking_Creation_From_DecisionPackage" finished-at="2026-03-31T08:01:38 EDT" duration-ms="109103" status="PASS">
          <reporter-output>
          </reporter-output>
        </test-method> <!-- TC_005_Verify_Escalation_Tracking_Creation_From_DecisionPackage -->
        <test-method is-config="true" signature="afterMethod(org.testng.ITestResult)[pri:0, instance:com.Mesh_TestSuites.Escalation_Tracking@13c9d689]" started-at="2026-03-31T08:01:38 EDT" name="afterMethod" finished-at="2026-03-31T08:01:38 EDT" duration-ms="170" status="PASS">
          <params>
            <param index="0">
              <value>
                <![CDATA[[TestResult name=TC_005_Verify_Escalation_Tracking_Creation_From_DecisionPackage status=SUCCESS method=Escalation_Tracking.TC_005_Verify_Escalation_Tracking_Creation_From_DecisionPackage()[pri:0, instance:com.Mesh_TestSuites.Escalation_Tracking@13c9d689] output={null}]]]>
              </value>
            </param>
          </params>
          <reporter-output>
          </reporter-output>
        </test-method> <!-- afterMethod -->
        <test-method is-config="true" signature="beofreMethod(org.testng.ITestResult)[pri:0, instance:com.Mesh_TestSuites.Escalation_Tracking@13c9d689]" started-at="2026-03-31T08:01:38 EDT" name="beofreMethod" finished-at="2026-03-31T08:01:38 EDT" duration-ms="0" status="PASS">
          <params>
            <param index="0">
              <value>
                <![CDATA[[TestResult name={null} status=CREATED method=Escalation_Tracking.TC_006_Verify_Escalation_Tracking_Emails_Validations()[pri:0, instance:com.Mesh_TestSuites.Escalation_Tracking@13c9d689] output={null}]]]>
              </value>
            </param>
          </params>
          <reporter-output>
          </reporter-output>
        </test-method> <!-- beofreMethod -->
        <test-method signature="TC_006_Verify_Escalation_Tracking_Emails_Validations()[pri:0, instance:com.Mesh_TestSuites.Escalation_Tracking@13c9d689]" started-at="2026-03-31T08:01:38 EDT" name="TC_006_Verify_Escalation_Tracking_Emails_Validations" finished-at="2026-03-31T08:07:01 EDT" duration-ms="323229" status="PASS">
          <reporter-output>
          </reporter-output>
        </test-method> <!-- TC_006_Verify_Escalation_Tracking_Emails_Validations -->
        <test-method is-config="true" signature="afterMethod(org.testng.ITestResult)[pri:0, instance:com.Mesh_TestSuites.Escalation_Tracking@13c9d689]" started-at="2026-03-31T08:07:01 EDT" name="afterMethod" finished-at="2026-03-31T08:07:02 EDT" duration-ms="277" status="PASS">
          <params>
            <param index="0">
              <value>
                <![CDATA[[TestResult name=TC_006_Verify_Escalation_Tracking_Emails_Validations status=SUCCESS method=Escalation_Tracking.TC_006_Verify_Escalation_Tracking_Emails_Validations()[pri:0, instance:com.Mesh_TestSuites.Escalation_Tracking@13c9d689] output={null}]]]>
              </value>
            </param>
          </params>
          <reporter-output>
          </reporter-output>
        </test-method> <!-- afterMethod -->
        <test-method is-config="true" signature="afterClass()[pri:0, instance:com.Mesh_TestSuites.Escalation_Tracking@13c9d689]" started-at="2026-03-31T08:07:02 EDT" name="afterClass" finished-at="2026-03-31T08:07:02 EDT" duration-ms="0" status="PASS">
          <reporter-output>
          </reporter-output>
        </test-method> <!-- afterClass -->
        <test-method is-config="true" signature="afterTest()[pri:0, instance:com.Mesh_TestSuites.Escalation_Tracking@13c9d689]" started-at="2026-03-31T08:07:02 EDT" name="afterTest" finished-at="2026-03-31T08:07:02 EDT" duration-ms="480" status="PASS">
          <reporter-output>
          </reporter-output>
        </test-method> <!-- afterTest -->
      </class> <!-- com.Mesh_TestSuites.Escalation_Tracking -->
    </test> <!-- Default test -->
  </suite> <!-- Default suite -->
</testng-results>
