<?xml version="1.0" encoding="UTF-8"?>
<testng-results ignored="3" total="4" passed="1" failed="0" skipped="0">
  <reporter-output>
  </reporter-output>
  <suite started-at="2025-12-01T09:00:46 EST" name="Default suite" finished-at="2025-12-01T09:03:13 EST" duration-ms="147112">
    <groups>
    </groups>
    <test started-at="2025-12-01T09:00:46 EST" name="Default test" finished-at="2025-12-01T09:03:13 EST" duration-ms="147112">
      <class name="com.Mesh_TestSuites.Escalation_Tracking">
        <test-method is-config="true" signature="beforetest(org.testng.ITestContext)[pri:0, instance:com.Mesh_TestSuites.Escalation_Tracking@13c9d689]" started-at="2025-12-01T09:00:46 EST" name="beforetest" finished-at="2025-12-01T09:00:46 EST" duration-ms="180" status="PASS">
          <params>
            <param index="0">
              <value>
                <![CDATA[org.testng.TestRunner@2fd39436]]>
              </value>
            </param>
          </params>
          <reporter-output>
          </reporter-output>
        </test-method> <!-- beforetest -->
        <test-method is-config="true" signature="beforeClass()[pri:0, instance:com.Mesh_TestSuites.Escalation_Tracking@13c9d689]" started-at="2025-12-01T09:00:46 EST" name="beforeClass" finished-at="2025-12-01T09:00:53 EST" duration-ms="6470" status="PASS">
          <reporter-output>
          </reporter-output>
        </test-method> <!-- beforeClass -->
        <test-method is-config="true" signature="beofreMethod(org.testng.ITestResult)[pri:0, instance:com.Mesh_TestSuites.Escalation_Tracking@13c9d689]" started-at="2025-12-01T09:00:53 EST" name="beofreMethod" finished-at="2025-12-01T09:00:53 EST" duration-ms="3" status="PASS">
          <params>
            <param index="0">
              <value>
                <![CDATA[[TestResult name={null} status=CREATED method=Escalation_Tracking.TC_004_Verify_Escalation_Tracking_Return_Item()[pri:0, instance:com.Mesh_TestSuites.Escalation_Tracking@13c9d689] output={null}]]]>
              </value>
            </param>
          </params>
          <reporter-output>
          </reporter-output>
        </test-method> <!-- beofreMethod -->
        <test-method signature="TC_004_Verify_Escalation_Tracking_Return_Item()[pri:0, instance:com.Mesh_TestSuites.Escalation_Tracking@13c9d689]" started-at="2025-12-01T09:00:53 EST" name="TC_004_Verify_Escalation_Tracking_Return_Item" finished-at="2025-12-01T09:03:12 EST" duration-ms="139482" status="PASS">
          <reporter-output>
          </reporter-output>
        </test-method> <!-- TC_004_Verify_Escalation_Tracking_Return_Item -->
        <test-method is-config="true" signature="afterMethod(org.testng.ITestResult)[pri:0, instance:com.Mesh_TestSuites.Escalation_Tracking@13c9d689]" started-at="2025-12-01T09:03:12 EST" name="afterMethod" finished-at="2025-12-01T09:03:12 EST" duration-ms="235" status="PASS">
          <params>
            <param index="0">
              <value>
                <![CDATA[[TestResult name=TC_004_Verify_Escalation_Tracking_Return_Item status=SUCCESS method=Escalation_Tracking.TC_004_Verify_Escalation_Tracking_Return_Item()[pri:0, instance:com.Mesh_TestSuites.Escalation_Tracking@13c9d689] output={null}]]]>
              </value>
            </param>
          </params>
          <reporter-output>
          </reporter-output>
        </test-method> <!-- afterMethod -->
        <test-method is-config="true" signature="afterClass()[pri:0, instance:com.Mesh_TestSuites.Escalation_Tracking@13c9d689]" started-at="2025-12-01T09:03:12 EST" name="afterClass" finished-at="2025-12-01T09:03:12 EST" duration-ms="0" status="PASS">
          <reporter-output>
          </reporter-output>
        </test-method> <!-- afterClass -->
        <test-method is-config="true" signature="afterTest()[pri:0, instance:com.Mesh_TestSuites.Escalation_Tracking@13c9d689]" started-at="2025-12-01T09:03:12 EST" name="afterTest" finished-at="2025-12-01T09:03:13 EST" duration-ms="702" status="PASS">
          <reporter-output>
          </reporter-output>
        </test-method> <!-- afterTest -->
      </class> <!-- com.Mesh_TestSuites.Escalation_Tracking -->
    </test> <!-- Default test -->
  </suite> <!-- Default suite -->
</testng-results>
