<?xml version="1.0" encoding="UTF-8"?>
<testng-results ignored="0" total="4" passed="4" failed="0" skipped="0">
  <reporter-output>
  </reporter-output>
  <suite started-at="2025-07-10T09:47:16 EDT" name="Default suite" finished-at="2025-07-10T09:59:47 EDT" duration-ms="751381">
    <groups>
      <group name="Regression">
        <method signature="DecisionPackages.DecisionPackage_TC_001_Verify_DecisionPackage_Creation_with_APD_as_SubmisionType()[pri:0, instance:com.Mesh_TestSuites.DecisionPackages@2925bf5b]" name="DecisionPackage_TC_001_Verify_DecisionPackage_Creation_with_APD_as_SubmisionType" class="com.Mesh_TestSuites.DecisionPackages"/>
        <method signature="DecisionPackages.DecisionPackage_TC_002_Verify_DecisionPackage_Creation_with_RFP_as_SubmisionType()[pri:0, instance:com.Mesh_TestSuites.DecisionPackages@2925bf5b]" name="DecisionPackage_TC_002_Verify_DecisionPackage_Creation_with_RFP_as_SubmisionType" class="com.Mesh_TestSuites.DecisionPackages"/>
        <method signature="DecisionPackages.DecisionPackage_TC_003_Verify_DecisionPackage_Creation_with_Contract_as_SubmisionType()[pri:0, instance:com.Mesh_TestSuites.DecisionPackages@2925bf5b]" name="DecisionPackage_TC_003_Verify_DecisionPackage_Creation_with_Contract_as_SubmisionType" class="com.Mesh_TestSuites.DecisionPackages"/>
        <method signature="DecisionPackages.DecisionPackage_TC_004_Verify_Adding_bundle_Packages()[pri:0, instance:com.Mesh_TestSuites.DecisionPackages@2925bf5b]" name="DecisionPackage_TC_004_Verify_Adding_bundle_Packages" class="com.Mesh_TestSuites.DecisionPackages"/>
      </group> <!-- Regression -->
    </groups>
    <test started-at="2025-07-10T09:47:16 EDT" name="Default test" finished-at="2025-07-10T09:59:47 EDT" duration-ms="751381">
      <class name="com.Mesh_TestSuites.DecisionPackages">
        <test-method is-config="true" signature="beforetest(org.testng.ITestContext)[pri:0, instance:com.Mesh_TestSuites.DecisionPackages@2925bf5b]" started-at="2025-07-10T09:47:16 EDT" name="beforetest" finished-at="2025-07-10T09:47:16 EDT" duration-ms="279" status="PASS">
          <params>
            <param index="0">
              <value>
                <![CDATA[org.testng.TestRunner@77da2881]]>
              </value>
            </param>
          </params>
          <reporter-output>
          </reporter-output>
        </test-method> <!-- beforetest -->
        <test-method is-config="true" signature="beforeClass()[pri:0, instance:com.Mesh_TestSuites.DecisionPackages@2925bf5b]" started-at="2025-07-10T09:47:16 EDT" name="beforeClass" finished-at="2025-07-10T09:47:21 EDT" duration-ms="4720" status="PASS">
          <reporter-output>
          </reporter-output>
        </test-method> <!-- beforeClass -->
        <test-method is-config="true" signature="beofreMethod(org.testng.ITestResult)[pri:0, instance:com.Mesh_TestSuites.DecisionPackages@2925bf5b]" started-at="2025-07-10T09:47:21 EDT" name="beofreMethod" finished-at="2025-07-10T09:47:21 EDT" duration-ms="0" status="PASS">
          <params>
            <param index="0">
              <value>
                <![CDATA[[TestResult name={null} status=CREATED method=DecisionPackages.DecisionPackage_TC_001_Verify_DecisionPackage_Creation_with_APD_as_SubmisionType()[pri:0, instance:com.Mesh_TestSuites.DecisionPackages@2925bf5b] output={null}]]]>
              </value>
            </param>
          </params>
          <reporter-output>
          </reporter-output>
        </test-method> <!-- beofreMethod -->
        <test-method signature="DecisionPackage_TC_001_Verify_DecisionPackage_Creation_with_APD_as_SubmisionType()[pri:0, instance:com.Mesh_TestSuites.DecisionPackages@2925bf5b]" started-at="2025-07-10T09:47:21 EDT" name="DecisionPackage_TC_001_Verify_DecisionPackage_Creation_with_APD_as_SubmisionType" finished-at="2025-07-10T09:51:52 EDT" duration-ms="271503" status="PASS">
          <reporter-output>
          </reporter-output>
        </test-method> <!-- DecisionPackage_TC_001_Verify_DecisionPackage_Creation_with_APD_as_SubmisionType -->
        <test-method is-config="true" signature="afterMethod(org.testng.ITestResult)[pri:0, instance:com.Mesh_TestSuites.DecisionPackages@2925bf5b]" started-at="2025-07-10T09:51:52 EDT" name="afterMethod" finished-at="2025-07-10T09:51:52 EDT" duration-ms="182" status="PASS">
          <params>
            <param index="0">
              <value>
                <![CDATA[[TestResult name=DecisionPackage_TC_001_Verify_DecisionPackage_Creation_with_APD_as_SubmisionType status=SUCCESS method=DecisionPackages.DecisionPackage_TC_001_Verify_DecisionPackage_Creation_with_APD_as_SubmisionType()[pri:0, instance:com.Mesh_TestSuites.DecisionPackages@2925bf5b] output={null}]]]>
              </value>
            </param>
          </params>
          <reporter-output>
          </reporter-output>
        </test-method> <!-- afterMethod -->
        <test-method is-config="true" signature="beofreMethod(org.testng.ITestResult)[pri:0, instance:com.Mesh_TestSuites.DecisionPackages@2925bf5b]" started-at="2025-07-10T09:51:52 EDT" name="beofreMethod" finished-at="2025-07-10T09:51:52 EDT" duration-ms="2" status="PASS">
          <params>
            <param index="0">
              <value>
                <![CDATA[[TestResult name={null} status=CREATED method=DecisionPackages.DecisionPackage_TC_002_Verify_DecisionPackage_Creation_with_RFP_as_SubmisionType()[pri:0, instance:com.Mesh_TestSuites.DecisionPackages@2925bf5b] output={null}]]]>
              </value>
            </param>
          </params>
          <reporter-output>
          </reporter-output>
        </test-method> <!-- beofreMethod -->
        <test-method signature="DecisionPackage_TC_002_Verify_DecisionPackage_Creation_with_RFP_as_SubmisionType()[pri:0, instance:com.Mesh_TestSuites.DecisionPackages@2925bf5b]" started-at="2025-07-10T09:51:52 EDT" name="DecisionPackage_TC_002_Verify_DecisionPackage_Creation_with_RFP_as_SubmisionType" finished-at="2025-07-10T09:55:26 EDT" duration-ms="213829" status="PASS">
          <reporter-output>
          </reporter-output>
        </test-method> <!-- DecisionPackage_TC_002_Verify_DecisionPackage_Creation_with_RFP_as_SubmisionType -->
        <test-method is-config="true" signature="afterMethod(org.testng.ITestResult)[pri:0, instance:com.Mesh_TestSuites.DecisionPackages@2925bf5b]" started-at="2025-07-10T09:55:26 EDT" name="afterMethod" finished-at="2025-07-10T09:55:26 EDT" duration-ms="213" status="PASS">
          <params>
            <param index="0">
              <value>
                <![CDATA[[TestResult name=DecisionPackage_TC_002_Verify_DecisionPackage_Creation_with_RFP_as_SubmisionType status=SUCCESS method=DecisionPackages.DecisionPackage_TC_002_Verify_DecisionPackage_Creation_with_RFP_as_SubmisionType()[pri:0, instance:com.Mesh_TestSuites.DecisionPackages@2925bf5b] output={null}]]]>
              </value>
            </param>
          </params>
          <reporter-output>
          </reporter-output>
        </test-method> <!-- afterMethod -->
        <test-method is-config="true" signature="beofreMethod(org.testng.ITestResult)[pri:0, instance:com.Mesh_TestSuites.DecisionPackages@2925bf5b]" started-at="2025-07-10T09:55:26 EDT" name="beofreMethod" finished-at="2025-07-10T09:55:26 EDT" duration-ms="1" status="PASS">
          <params>
            <param index="0">
              <value>
                <![CDATA[[TestResult name={null} status=CREATED method=DecisionPackages.DecisionPackage_TC_003_Verify_DecisionPackage_Creation_with_Contract_as_SubmisionType()[pri:0, instance:com.Mesh_TestSuites.DecisionPackages@2925bf5b] output={null}]]]>
              </value>
            </param>
          </params>
          <reporter-output>
          </reporter-output>
        </test-method> <!-- beofreMethod -->
        <test-method signature="DecisionPackage_TC_003_Verify_DecisionPackage_Creation_with_Contract_as_SubmisionType()[pri:0, instance:com.Mesh_TestSuites.DecisionPackages@2925bf5b]" started-at="2025-07-10T09:55:26 EDT" name="DecisionPackage_TC_003_Verify_DecisionPackage_Creation_with_Contract_as_SubmisionType" finished-at="2025-07-10T09:59:20 EDT" duration-ms="233621" status="PASS">
          <reporter-output>
          </reporter-output>
        </test-method> <!-- DecisionPackage_TC_003_Verify_DecisionPackage_Creation_with_Contract_as_SubmisionType -->
        <test-method is-config="true" signature="afterMethod(org.testng.ITestResult)[pri:0, instance:com.Mesh_TestSuites.DecisionPackages@2925bf5b]" started-at="2025-07-10T09:59:20 EDT" name="afterMethod" finished-at="2025-07-10T09:59:20 EDT" duration-ms="217" status="PASS">
          <params>
            <param index="0">
              <value>
                <![CDATA[[TestResult name=DecisionPackage_TC_003_Verify_DecisionPackage_Creation_with_Contract_as_SubmisionType status=SUCCESS method=DecisionPackages.DecisionPackage_TC_003_Verify_DecisionPackage_Creation_with_Contract_as_SubmisionType()[pri:0, instance:com.Mesh_TestSuites.DecisionPackages@2925bf5b] output={null}]]]>
              </value>
            </param>
          </params>
          <reporter-output>
          </reporter-output>
        </test-method> <!-- afterMethod -->
        <test-method signature="DecisionPackage_TC_004_Verify_Adding_bundle_Packages()[pri:0, instance:com.Mesh_TestSuites.DecisionPackages@2925bf5b]" started-at="2025-07-10T09:59:20 EDT" name="DecisionPackage_TC_004_Verify_Adding_bundle_Packages" finished-at="2025-07-10T09:59:46 EDT" duration-ms="26019" status="PASS">
          <reporter-output>
          </reporter-output>
        </test-method> <!-- DecisionPackage_TC_004_Verify_Adding_bundle_Packages -->
        <test-method is-config="true" signature="beofreMethod(org.testng.ITestResult)[pri:0, instance:com.Mesh_TestSuites.DecisionPackages@2925bf5b]" started-at="2025-07-10T09:59:20 EDT" name="beofreMethod" finished-at="2025-07-10T09:59:20 EDT" duration-ms="0" status="PASS">
          <params>
            <param index="0">
              <value>
                <![CDATA[[TestResult name={null} status=CREATED method=DecisionPackages.DecisionPackage_TC_004_Verify_Adding_bundle_Packages()[pri:0, instance:com.Mesh_TestSuites.DecisionPackages@2925bf5b] output={null}]]]>
              </value>
            </param>
          </params>
          <reporter-output>
          </reporter-output>
        </test-method> <!-- beofreMethod -->
        <test-method is-config="true" signature="afterMethod(org.testng.ITestResult)[pri:0, instance:com.Mesh_TestSuites.DecisionPackages@2925bf5b]" started-at="2025-07-10T09:59:46 EDT" name="afterMethod" finished-at="2025-07-10T09:59:46 EDT" duration-ms="208" status="PASS">
          <params>
            <param index="0">
              <value>
                <![CDATA[[TestResult name=DecisionPackage_TC_004_Verify_Adding_bundle_Packages status=SUCCESS method=DecisionPackages.DecisionPackage_TC_004_Verify_Adding_bundle_Packages()[pri:0, instance:com.Mesh_TestSuites.DecisionPackages@2925bf5b] output={null}]]]>
              </value>
            </param>
          </params>
          <reporter-output>
          </reporter-output>
        </test-method> <!-- afterMethod -->
        <test-method is-config="true" signature="afterClass()[pri:0, instance:com.Mesh_TestSuites.DecisionPackages@2925bf5b]" started-at="2025-07-10T09:59:46 EDT" name="afterClass" finished-at="2025-07-10T09:59:46 EDT" duration-ms="1" status="PASS">
          <reporter-output>
          </reporter-output>
        </test-method> <!-- afterClass -->
        <test-method is-config="true" signature="afterTest()[pri:0, instance:com.Mesh_TestSuites.DecisionPackages@2925bf5b]" started-at="2025-07-10T09:59:46 EDT" name="afterTest" finished-at="2025-07-10T09:59:47 EDT" duration-ms="541" status="PASS">
          <reporter-output>
          </reporter-output>
        </test-method> <!-- afterTest -->
      </class> <!-- com.Mesh_TestSuites.DecisionPackages -->
    </test> <!-- Default test -->
  </suite> <!-- Default suite -->
</testng-results>
