<?xml version="1.0" encoding="UTF-8"?>
<testng-results ignored="0" total="5" passed="5" failed="0" skipped="0">
  <reporter-output>
  </reporter-output>
  <suite started-at="2026-01-07T22:08:11 EST" name="Default suite" finished-at="2026-01-07T22:14:48 EST" duration-ms="396638">
    <groups>
    </groups>
    <test started-at="2026-01-07T22:08:11 EST" name="Default test" finished-at="2026-01-07T22:14:48 EST" duration-ms="396638">
      <class name="com.Mesh_TestSuites.Package_SO_Updates_Suite">
        <test-method is-config="true" signature="beforetest(org.testng.ITestContext)[pri:0, instance:com.Mesh_TestSuites.Package_SO_Updates_Suite@36fc695d]" started-at="2026-01-07T22:08:11 EST" name="beforetest" finished-at="2026-01-07T22:08:11 EST" duration-ms="184" status="PASS">
          <params>
            <param index="0">
              <value>
                <![CDATA[org.testng.TestRunner@6fbe4800]]>
              </value>
            </param>
          </params>
          <reporter-output>
          </reporter-output>
        </test-method> <!-- beforetest -->
        <test-method is-config="true" signature="beforeClass()[pri:0, instance:com.Mesh_TestSuites.Package_SO_Updates_Suite@36fc695d]" started-at="2026-01-07T22:08:11 EST" name="beforeClass" finished-at="2026-01-07T22:08:16 EST" duration-ms="5306" status="PASS">
          <reporter-output>
          </reporter-output>
        </test-method> <!-- beforeClass -->
        <test-method is-config="true" signature="beofreMethod(org.testng.ITestResult)[pri:0, instance:com.Mesh_TestSuites.Package_SO_Updates_Suite@36fc695d]" started-at="2026-01-07T22:08:16 EST" name="beofreMethod" finished-at="2026-01-07T22:08:16 EST" duration-ms="1" status="PASS">
          <params>
            <param index="0">
              <value>
                <![CDATA[[TestResult name={null} status=CREATED method=Package_SO_Updates_Suite.TC_001_Verify_Package_SO_Updates_Displays_Only_For_Admin_OPsTeam()[pri:0, instance:com.Mesh_TestSuites.Package_SO_Updates_Suite@36fc695d] output={null}]]]>
              </value>
            </param>
          </params>
          <reporter-output>
          </reporter-output>
        </test-method> <!-- beofreMethod -->
        <test-method signature="TC_001_Verify_Package_SO_Updates_Displays_Only_For_Admin_OPsTeam()[pri:0, instance:com.Mesh_TestSuites.Package_SO_Updates_Suite@36fc695d]" started-at="2026-01-07T22:08:16 EST" name="TC_001_Verify_Package_SO_Updates_Displays_Only_For_Admin_OPsTeam" finished-at="2026-01-07T22:10:17 EST" duration-ms="120738" status="PASS">
          <reporter-output>
          </reporter-output>
        </test-method> <!-- TC_001_Verify_Package_SO_Updates_Displays_Only_For_Admin_OPsTeam -->
        <test-method is-config="true" signature="afterMethod(org.testng.ITestResult)[pri:0, instance:com.Mesh_TestSuites.Package_SO_Updates_Suite@36fc695d]" started-at="2026-01-07T22:10:17 EST" name="afterMethod" finished-at="2026-01-07T22:10:18 EST" duration-ms="352" status="PASS">
          <params>
            <param index="0">
              <value>
                <![CDATA[[TestResult name=TC_001_Verify_Package_SO_Updates_Displays_Only_For_Admin_OPsTeam status=SUCCESS method=Package_SO_Updates_Suite.TC_001_Verify_Package_SO_Updates_Displays_Only_For_Admin_OPsTeam()[pri:0, instance:com.Mesh_TestSuites.Package_SO_Updates_Suite@36fc695d] output={null}]]]>
              </value>
            </param>
          </params>
          <reporter-output>
          </reporter-output>
        </test-method> <!-- afterMethod -->
        <test-method is-config="true" signature="beofreMethod(org.testng.ITestResult)[pri:0, instance:com.Mesh_TestSuites.Package_SO_Updates_Suite@36fc695d]" started-at="2026-01-07T22:10:18 EST" name="beofreMethod" finished-at="2026-01-07T22:10:18 EST" duration-ms="2" status="PASS">
          <params>
            <param index="0">
              <value>
                <![CDATA[[TestResult name={null} status=CREATED method=Package_SO_Updates_Suite.TC_002_Verify_Package_SO_Updates_StateOfficer_Replacement()[pri:0, instance:com.Mesh_TestSuites.Package_SO_Updates_Suite@36fc695d] output={null}]]]>
              </value>
            </param>
          </params>
          <reporter-output>
          </reporter-output>
        </test-method> <!-- beofreMethod -->
        <test-method signature="TC_002_Verify_Package_SO_Updates_StateOfficer_Replacement()[pri:0, instance:com.Mesh_TestSuites.Package_SO_Updates_Suite@36fc695d]" started-at="2026-01-07T22:10:18 EST" name="TC_002_Verify_Package_SO_Updates_StateOfficer_Replacement" finished-at="2026-01-07T22:13:38 EST" duration-ms="200722" status="PASS">
          <reporter-output>
          </reporter-output>
        </test-method> <!-- TC_002_Verify_Package_SO_Updates_StateOfficer_Replacement -->
        <test-method is-config="true" signature="afterMethod(org.testng.ITestResult)[pri:0, instance:com.Mesh_TestSuites.Package_SO_Updates_Suite@36fc695d]" started-at="2026-01-07T22:13:38 EST" name="afterMethod" finished-at="2026-01-07T22:13:39 EST" duration-ms="319" status="PASS">
          <params>
            <param index="0">
              <value>
                <![CDATA[[TestResult name=TC_002_Verify_Package_SO_Updates_StateOfficer_Replacement status=SUCCESS method=Package_SO_Updates_Suite.TC_002_Verify_Package_SO_Updates_StateOfficer_Replacement()[pri:0, instance:com.Mesh_TestSuites.Package_SO_Updates_Suite@36fc695d] output={null}]]]>
              </value>
            </param>
          </params>
          <reporter-output>
          </reporter-output>
        </test-method> <!-- afterMethod -->
        <test-method is-config="true" signature="beofreMethod(org.testng.ITestResult)[pri:0, instance:com.Mesh_TestSuites.Package_SO_Updates_Suite@36fc695d]" started-at="2026-01-07T22:13:39 EST" name="beofreMethod" finished-at="2026-01-07T22:13:39 EST" duration-ms="2" status="PASS">
          <params>
            <param index="0">
              <value>
                <![CDATA[[TestResult name={null} status=CREATED method=Package_SO_Updates_Suite.TC_003_Verify_Email_Notification_After_StateOfficer_Replacement()[pri:0, instance:com.Mesh_TestSuites.Package_SO_Updates_Suite@36fc695d] output={null}]]]>
              </value>
            </param>
          </params>
          <reporter-output>
          </reporter-output>
        </test-method> <!-- beofreMethod -->
        <test-method signature="TC_003_Verify_Email_Notification_After_StateOfficer_Replacement()[pri:0, instance:com.Mesh_TestSuites.Package_SO_Updates_Suite@36fc695d]" started-at="2026-01-07T22:13:39 EST" name="TC_003_Verify_Email_Notification_After_StateOfficer_Replacement" finished-at="2026-01-07T22:14:05 EST" duration-ms="25948" status="PASS">
          <reporter-output>
          </reporter-output>
        </test-method> <!-- TC_003_Verify_Email_Notification_After_StateOfficer_Replacement -->
        <test-method is-config="true" signature="afterMethod(org.testng.ITestResult)[pri:0, instance:com.Mesh_TestSuites.Package_SO_Updates_Suite@36fc695d]" started-at="2026-01-07T22:14:05 EST" name="afterMethod" finished-at="2026-01-07T22:14:05 EST" duration-ms="299" status="PASS">
          <params>
            <param index="0">
              <value>
                <![CDATA[[TestResult name=TC_003_Verify_Email_Notification_After_StateOfficer_Replacement status=SUCCESS method=Package_SO_Updates_Suite.TC_003_Verify_Email_Notification_After_StateOfficer_Replacement()[pri:0, instance:com.Mesh_TestSuites.Package_SO_Updates_Suite@36fc695d] output={null}]]]>
              </value>
            </param>
          </params>
          <reporter-output>
          </reporter-output>
        </test-method> <!-- afterMethod -->
        <test-method is-config="true" signature="beofreMethod(org.testng.ITestResult)[pri:0, instance:com.Mesh_TestSuites.Package_SO_Updates_Suite@36fc695d]" started-at="2026-01-07T22:14:05 EST" name="beofreMethod" finished-at="2026-01-07T22:14:05 EST" duration-ms="1" status="PASS">
          <params>
            <param index="0">
              <value>
                <![CDATA[[TestResult name={null} status=CREATED method=Package_SO_Updates_Suite.TC_004_Verify_Package_SO_Updates_StateOfficer_Re_ASSIGN()[pri:0, instance:com.Mesh_TestSuites.Package_SO_Updates_Suite@36fc695d] output={null}]]]>
              </value>
            </param>
          </params>
          <reporter-output>
          </reporter-output>
        </test-method> <!-- beofreMethod -->
        <test-method signature="TC_004_Verify_Package_SO_Updates_StateOfficer_Re_ASSIGN()[pri:0, instance:com.Mesh_TestSuites.Package_SO_Updates_Suite@36fc695d]" started-at="2026-01-07T22:14:05 EST" name="TC_004_Verify_Package_SO_Updates_StateOfficer_Re_ASSIGN" finished-at="2026-01-07T22:14:27 EST" duration-ms="22253" status="PASS">
          <reporter-output>
          </reporter-output>
        </test-method> <!-- TC_004_Verify_Package_SO_Updates_StateOfficer_Re_ASSIGN -->
        <test-method is-config="true" signature="afterMethod(org.testng.ITestResult)[pri:0, instance:com.Mesh_TestSuites.Package_SO_Updates_Suite@36fc695d]" started-at="2026-01-07T22:14:27 EST" name="afterMethod" finished-at="2026-01-07T22:14:27 EST" duration-ms="322" status="PASS">
          <params>
            <param index="0">
              <value>
                <![CDATA[[TestResult name=TC_004_Verify_Package_SO_Updates_StateOfficer_Re_ASSIGN status=SUCCESS method=Package_SO_Updates_Suite.TC_004_Verify_Package_SO_Updates_StateOfficer_Re_ASSIGN()[pri:0, instance:com.Mesh_TestSuites.Package_SO_Updates_Suite@36fc695d] output={null}]]]>
              </value>
            </param>
          </params>
          <reporter-output>
          </reporter-output>
        </test-method> <!-- afterMethod -->
        <test-method is-config="true" signature="beofreMethod(org.testng.ITestResult)[pri:0, instance:com.Mesh_TestSuites.Package_SO_Updates_Suite@36fc695d]" started-at="2026-01-07T22:14:27 EST" name="beofreMethod" finished-at="2026-01-07T22:14:27 EST" duration-ms="2" status="PASS">
          <params>
            <param index="0">
              <value>
                <![CDATA[[TestResult name={null} status=CREATED method=Package_SO_Updates_Suite.TC_005_Verify_Email_Notification_After_StateOfficer_ReAssignment()[pri:0, instance:com.Mesh_TestSuites.Package_SO_Updates_Suite@36fc695d] output={null}]]]>
              </value>
            </param>
          </params>
          <reporter-output>
          </reporter-output>
        </test-method> <!-- beofreMethod -->
        <test-method signature="TC_005_Verify_Email_Notification_After_StateOfficer_ReAssignment()[pri:0, instance:com.Mesh_TestSuites.Package_SO_Updates_Suite@36fc695d]" started-at="2026-01-07T22:14:27 EST" name="TC_005_Verify_Email_Notification_After_StateOfficer_ReAssignment" finished-at="2026-01-07T22:14:46 EST" duration-ms="19004" status="PASS">
          <reporter-output>
          </reporter-output>
        </test-method> <!-- TC_005_Verify_Email_Notification_After_StateOfficer_ReAssignment -->
        <test-method is-config="true" signature="afterMethod(org.testng.ITestResult)[pri:0, instance:com.Mesh_TestSuites.Package_SO_Updates_Suite@36fc695d]" started-at="2026-01-07T22:14:46 EST" name="afterMethod" finished-at="2026-01-07T22:14:47 EST" duration-ms="294" status="PASS">
          <params>
            <param index="0">
              <value>
                <![CDATA[[TestResult name=TC_005_Verify_Email_Notification_After_StateOfficer_ReAssignment status=SUCCESS method=Package_SO_Updates_Suite.TC_005_Verify_Email_Notification_After_StateOfficer_ReAssignment()[pri:0, instance:com.Mesh_TestSuites.Package_SO_Updates_Suite@36fc695d] output={null}]]]>
              </value>
            </param>
          </params>
          <reporter-output>
          </reporter-output>
        </test-method> <!-- afterMethod -->
        <test-method is-config="true" signature="afterClass()[pri:0, instance:com.Mesh_TestSuites.Package_SO_Updates_Suite@36fc695d]" started-at="2026-01-07T22:14:47 EST" name="afterClass" finished-at="2026-01-07T22:14:47 EST" duration-ms="1" status="PASS">
          <reporter-output>
          </reporter-output>
        </test-method> <!-- afterClass -->
        <test-method is-config="true" signature="afterTest()[pri:0, instance:com.Mesh_TestSuites.Package_SO_Updates_Suite@36fc695d]" started-at="2026-01-07T22:14:47 EST" name="afterTest" finished-at="2026-01-07T22:14:48 EST" duration-ms="826" status="PASS">
          <reporter-output>
          </reporter-output>
        </test-method> <!-- afterTest -->
      </class> <!-- com.Mesh_TestSuites.Package_SO_Updates_Suite -->
    </test> <!-- Default test -->
  </suite> <!-- Default suite -->
</testng-results>
