<?xml version="1.0" encoding="UTF-8"?>
<testng-results ignored="0" total="3" passed="2" failed="1" skipped="0">
  <reporter-output>
  </reporter-output>
  <suite started-at="2025-06-09T14:36:35 EDT" name="Default suite" finished-at="2025-06-09T14:40:25 EDT" duration-ms="229292">
    <groups>
      <group name="Regression">
        <method signature="DecisionPackages.DecisionPackage_TC_001_Verify_DecisionPackage_Creation_with_APD_as_SubmisionType()[pri:0, instance:com.Mesh_TestSuites.DecisionPackages@51399530]" name="DecisionPackage_TC_001_Verify_DecisionPackage_Creation_with_APD_as_SubmisionType" class="com.Mesh_TestSuites.DecisionPackages"/>
        <method signature="DecisionPackages.DecisionPackage_TC_002_Verify_DecisionPackage_Creation_with_RFP_as_SubmisionType()[pri:0, instance:com.Mesh_TestSuites.DecisionPackages@51399530]" name="DecisionPackage_TC_002_Verify_DecisionPackage_Creation_with_RFP_as_SubmisionType" class="com.Mesh_TestSuites.DecisionPackages"/>
        <method signature="DecisionPackages.DecisionPackage_TC_003_Verify_DecisionPackage_Creation_with_Contract_as_SubmisionType()[pri:0, instance:com.Mesh_TestSuites.DecisionPackages@51399530]" name="DecisionPackage_TC_003_Verify_DecisionPackage_Creation_with_Contract_as_SubmisionType" class="com.Mesh_TestSuites.DecisionPackages"/>
      </group> <!-- Regression -->
    </groups>
    <test started-at="2025-06-09T14:36:35 EDT" name="Default test" finished-at="2025-06-09T14:40:25 EDT" duration-ms="229292">
      <class name="com.Mesh_TestSuites.DecisionPackages">
        <test-method is-config="true" signature="beforetest(org.testng.ITestContext)[pri:0, instance:com.Mesh_TestSuites.DecisionPackages@51399530]" started-at="2025-06-09T14:36:35 EDT" name="beforetest" finished-at="2025-06-09T14:36:36 EDT" duration-ms="228" status="PASS">
          <params>
            <param index="0">
              <value>
                <![CDATA[org.testng.TestRunner@2086d469]]>
              </value>
            </param>
          </params>
          <reporter-output>
          </reporter-output>
        </test-method> <!-- beforetest -->
        <test-method is-config="true" signature="beforeClass()[pri:0, instance:com.Mesh_TestSuites.DecisionPackages@51399530]" started-at="2025-06-09T14:36:36 EDT" name="beforeClass" finished-at="2025-06-09T14:36:42 EDT" duration-ms="5877" status="PASS">
          <reporter-output>
          </reporter-output>
        </test-method> <!-- beforeClass -->
        <test-method is-config="true" signature="beofreMethod(org.testng.ITestResult)[pri:0, instance:com.Mesh_TestSuites.DecisionPackages@51399530]" started-at="2025-06-09T14:36:42 EDT" name="beofreMethod" finished-at="2025-06-09T14:36:42 EDT" duration-ms="2" status="PASS">
          <params>
            <param index="0">
              <value>
                <![CDATA[[TestResult name={null} status=CREATED method=DecisionPackages.DecisionPackage_TC_001_Verify_DecisionPackage_Creation_with_APD_as_SubmisionType()[pri:0, instance:com.Mesh_TestSuites.DecisionPackages@51399530] output={null}]]]>
              </value>
            </param>
          </params>
          <reporter-output>
          </reporter-output>
        </test-method> <!-- beofreMethod -->
        <test-method signature="DecisionPackage_TC_001_Verify_DecisionPackage_Creation_with_APD_as_SubmisionType()[pri:0, instance:com.Mesh_TestSuites.DecisionPackages@51399530]" started-at="2025-06-09T14:36:42 EDT" name="DecisionPackage_TC_001_Verify_DecisionPackage_Creation_with_APD_as_SubmisionType" finished-at="2025-06-09T14:38:34 EDT" duration-ms="111965" status="PASS">
          <reporter-output>
          </reporter-output>
        </test-method> <!-- DecisionPackage_TC_001_Verify_DecisionPackage_Creation_with_APD_as_SubmisionType -->
        <test-method is-config="true" signature="afterMethod(org.testng.ITestResult)[pri:0, instance:com.Mesh_TestSuites.DecisionPackages@51399530]" started-at="2025-06-09T14:38:34 EDT" name="afterMethod" finished-at="2025-06-09T14:38:34 EDT" duration-ms="326" status="PASS">
          <params>
            <param index="0">
              <value>
                <![CDATA[[TestResult name=DecisionPackage_TC_001_Verify_DecisionPackage_Creation_with_APD_as_SubmisionType status=SUCCESS method=DecisionPackages.DecisionPackage_TC_001_Verify_DecisionPackage_Creation_with_APD_as_SubmisionType()[pri:0, instance:com.Mesh_TestSuites.DecisionPackages@51399530] output={null}]]]>
              </value>
            </param>
          </params>
          <reporter-output>
          </reporter-output>
        </test-method> <!-- afterMethod -->
        <test-method is-config="true" signature="beofreMethod(org.testng.ITestResult)[pri:0, instance:com.Mesh_TestSuites.DecisionPackages@51399530]" started-at="2025-06-09T14:38:34 EDT" name="beofreMethod" finished-at="2025-06-09T14:38:34 EDT" duration-ms="2" status="PASS">
          <params>
            <param index="0">
              <value>
                <![CDATA[[TestResult name={null} status=CREATED method=DecisionPackages.DecisionPackage_TC_002_Verify_DecisionPackage_Creation_with_RFP_as_SubmisionType()[pri:0, instance:com.Mesh_TestSuites.DecisionPackages@51399530] output={null}]]]>
              </value>
            </param>
          </params>
          <reporter-output>
          </reporter-output>
        </test-method> <!-- beofreMethod -->
        <test-method signature="DecisionPackage_TC_002_Verify_DecisionPackage_Creation_with_RFP_as_SubmisionType()[pri:0, instance:com.Mesh_TestSuites.DecisionPackages@51399530]" started-at="2025-06-09T14:38:34 EDT" name="DecisionPackage_TC_002_Verify_DecisionPackage_Creation_with_RFP_as_SubmisionType" finished-at="2025-06-09T14:39:06 EDT" duration-ms="32245" status="FAIL">
          <exception class="java.lang.AssertionError">
            <message>
              <![CDATA[E&E-HHS-RFP NOT displayed on the screen, so failed expected [true] but found [false]]]>
            </message>
            <full-stacktrace>
              <![CDATA[java.lang.AssertionError: E&E-HHS-RFP NOT displayed on the screen, so failed expected [true] but found [false]
at org.testng.Assert.fail(Assert.java:99)
at org.testng.Assert.failNotEquals(Assert.java:1037)
at org.testng.Assert.assertTrue(Assert.java:45)
at com.utility.SafeActions.verifyTextDisplay(SafeActions.java:254)
at com.Pages.DecisionPackagePage.verifyMandatoryFields_OnDecisionPackage(DecisionPackagePage.java:94)
at com.Mesh_TestSuites.DecisionPackages.DecisionPackage_TC_002_Verify_DecisionPackage_Creation_with_RFP_as_SubmisionType(DecisionPackages.java:36)
at java.base/jdk.internal.reflect.DirectMethodHandleAccessor.invoke(DirectMethodHandleAccessor.java:103)
at java.base/java.lang.reflect.Method.invoke(Method.java:580)
at org.testng.internal.MethodInvocationHelper.invokeMethod(MethodInvocationHelper.java:133)
at org.testng.internal.TestInvoker.invokeMethod(TestInvoker.java:598)
at org.testng.internal.TestInvoker.invokeTestMethod(TestInvoker.java:173)
at org.testng.internal.MethodRunner.runInSequence(MethodRunner.java:46)
at org.testng.internal.TestInvoker$MethodInvocationAgent.invoke(TestInvoker.java:824)
at org.testng.internal.TestInvoker.invokeTestMethods(TestInvoker.java:146)
at org.testng.internal.TestMethodWorker.invokeTestMethods(TestMethodWorker.java:146)
at org.testng.internal.TestMethodWorker.run(TestMethodWorker.java:128)
at java.base/java.util.ArrayList.forEach(ArrayList.java:1597)
at org.testng.TestRunner.privateRun(TestRunner.java:794)
at org.testng.TestRunner.run(TestRunner.java:596)
at org.testng.SuiteRunner.runTest(SuiteRunner.java:377)
at org.testng.SuiteRunner.runSequentially(SuiteRunner.java:371)
at org.testng.SuiteRunner.privateRun(SuiteRunner.java:332)
at org.testng.SuiteRunner.run(SuiteRunner.java:276)
at org.testng.SuiteRunnerWorker.runSuite(SuiteRunnerWorker.java:53)
at org.testng.SuiteRunnerWorker.run(SuiteRunnerWorker.java:96)
at org.testng.TestNG.runSuitesSequentially(TestNG.java:1212)
at org.testng.TestNG.runSuitesLocally(TestNG.java:1134)
at org.testng.TestNG.runSuites(TestNG.java:1063)
at org.testng.TestNG.run(TestNG.java:1031)
at org.testng.remote.AbstractRemoteTestNG.run(AbstractRemoteTestNG.java:115)
at org.testng.remote.RemoteTestNG.initAndRun(RemoteTestNG.java:293)
at org.testng.remote.RemoteTestNG.main(RemoteTestNG.java:91)
]]>
            </full-stacktrace>
          </exception> <!-- java.lang.AssertionError -->
          <reporter-output>
          </reporter-output>
        </test-method> <!-- DecisionPackage_TC_002_Verify_DecisionPackage_Creation_with_RFP_as_SubmisionType -->
        <test-method is-config="true" signature="afterMethod(org.testng.ITestResult)[pri:0, instance:com.Mesh_TestSuites.DecisionPackages@51399530]" started-at="2025-06-09T14:39:06 EDT" name="afterMethod" finished-at="2025-06-09T14:39:07 EDT" duration-ms="585" status="PASS">
          <params>
            <param index="0">
              <value>
                <![CDATA[[TestResult name=DecisionPackage_TC_002_Verify_DecisionPackage_Creation_with_RFP_as_SubmisionType status=FAILURE method=DecisionPackages.DecisionPackage_TC_002_Verify_DecisionPackage_Creation_with_RFP_as_SubmisionType()[pri:0, instance:com.Mesh_TestSuites.DecisionPackages@51399530] output={null}]]]>
              </value>
            </param>
          </params>
          <reporter-output>
          </reporter-output>
        </test-method> <!-- afterMethod -->
        <test-method is-config="true" signature="beofreMethod(org.testng.ITestResult)[pri:0, instance:com.Mesh_TestSuites.DecisionPackages@51399530]" started-at="2025-06-09T14:39:07 EDT" name="beofreMethod" finished-at="2025-06-09T14:39:07 EDT" duration-ms="2" status="PASS">
          <params>
            <param index="0">
              <value>
                <![CDATA[[TestResult name={null} status=CREATED method=DecisionPackages.DecisionPackage_TC_003_Verify_DecisionPackage_Creation_with_Contract_as_SubmisionType()[pri:0, instance:com.Mesh_TestSuites.DecisionPackages@51399530] output={null}]]]>
              </value>
            </param>
          </params>
          <reporter-output>
          </reporter-output>
        </test-method> <!-- beofreMethod -->
        <test-method signature="DecisionPackage_TC_003_Verify_DecisionPackage_Creation_with_Contract_as_SubmisionType()[pri:0, instance:com.Mesh_TestSuites.DecisionPackages@51399530]" started-at="2025-06-09T14:39:07 EDT" name="DecisionPackage_TC_003_Verify_DecisionPackage_Creation_with_Contract_as_SubmisionType" finished-at="2025-06-09T14:40:23 EDT" duration-ms="76755" status="PASS">
          <reporter-output>
          </reporter-output>
        </test-method> <!-- DecisionPackage_TC_003_Verify_DecisionPackage_Creation_with_Contract_as_SubmisionType -->
        <test-method is-config="true" signature="afterMethod(org.testng.ITestResult)[pri:0, instance:com.Mesh_TestSuites.DecisionPackages@51399530]" started-at="2025-06-09T14:40:23 EDT" name="afterMethod" finished-at="2025-06-09T14:40:24 EDT" duration-ms="347" status="PASS">
          <params>
            <param index="0">
              <value>
                <![CDATA[[TestResult name=DecisionPackage_TC_003_Verify_DecisionPackage_Creation_with_Contract_as_SubmisionType status=SUCCESS method=DecisionPackages.DecisionPackage_TC_003_Verify_DecisionPackage_Creation_with_Contract_as_SubmisionType()[pri:0, instance:com.Mesh_TestSuites.DecisionPackages@51399530] output={null}]]]>
              </value>
            </param>
          </params>
          <reporter-output>
          </reporter-output>
        </test-method> <!-- afterMethod -->
        <test-method is-config="true" signature="afterClass()[pri:0, instance:com.Mesh_TestSuites.DecisionPackages@51399530]" started-at="2025-06-09T14:40:24 EDT" name="afterClass" finished-at="2025-06-09T14:40:24 EDT" duration-ms="0" status="PASS">
          <reporter-output>
          </reporter-output>
        </test-method> <!-- afterClass -->
        <test-method is-config="true" signature="afterTest()[pri:0, instance:com.Mesh_TestSuites.DecisionPackages@51399530]" started-at="2025-06-09T14:40:24 EDT" name="afterTest" finished-at="2025-06-09T14:40:25 EDT" duration-ms="896" status="PASS">
          <reporter-output>
          </reporter-output>
        </test-method> <!-- afterTest -->
      </class> <!-- com.Mesh_TestSuites.DecisionPackages -->
    </test> <!-- Default test -->
  </suite> <!-- Default suite -->
</testng-results>
