<?xml version="1.0" encoding="UTF-8"?>
<testng-results ignored="0" total="4" passed="4" failed="0" skipped="0">
  <reporter-output>
  </reporter-output>
  <suite started-at="2025-09-12T10:27:24 EDT" name="Default suite" finished-at="2025-09-12T10:36:42 EDT" duration-ms="558359">
    <groups>
      <group name="Regression">
        <method signature="HHS_DecisionPackages_Bundle_Validation.DecisionPackage_TC_001_Verify_DecisionPackage_Creation_with_APD_as_SubmisionType()[pri:0, instance:com.Mesh_TestSuites.HHS_DecisionPackages_Bundle_Validation@2925bf5b]" name="DecisionPackage_TC_001_Verify_DecisionPackage_Creation_with_APD_as_SubmisionType" class="com.Mesh_TestSuites.HHS_DecisionPackages_Bundle_Validation"/>
        <method signature="HHS_DecisionPackages_Bundle_Validation.DecisionPackage_TC_002_Verify_DecisionPackage_Creation_with_RFP_as_SubmisionType()[pri:0, instance:com.Mesh_TestSuites.HHS_DecisionPackages_Bundle_Validation@2925bf5b]" name="DecisionPackage_TC_002_Verify_DecisionPackage_Creation_with_RFP_as_SubmisionType" class="com.Mesh_TestSuites.HHS_DecisionPackages_Bundle_Validation"/>
        <method signature="HHS_DecisionPackages_Bundle_Validation.DecisionPackage_TC_003_Verify_DecisionPackage_Creation_with_Contract_as_SubmisionType()[pri:0, instance:com.Mesh_TestSuites.HHS_DecisionPackages_Bundle_Validation@2925bf5b]" name="DecisionPackage_TC_003_Verify_DecisionPackage_Creation_with_Contract_as_SubmisionType" class="com.Mesh_TestSuites.HHS_DecisionPackages_Bundle_Validation"/>
        <method signature="HHS_DecisionPackages_Bundle_Validation.DecisionPackage_TC_004_Verify_Adding_bundle_Packages()[pri:0, instance:com.Mesh_TestSuites.HHS_DecisionPackages_Bundle_Validation@2925bf5b]" name="DecisionPackage_TC_004_Verify_Adding_bundle_Packages" class="com.Mesh_TestSuites.HHS_DecisionPackages_Bundle_Validation"/>
      </group> <!-- Regression -->
    </groups>
    <test started-at="2025-09-12T10:27:24 EDT" name="Default test" finished-at="2025-09-12T10:36:42 EDT" duration-ms="558359">
      <class name="com.Mesh_TestSuites.HHS_DecisionPackages_Bundle_Validation">
        <test-method is-config="true" signature="beforetest(org.testng.ITestContext)[pri:0, instance:com.Mesh_TestSuites.HHS_DecisionPackages_Bundle_Validation@2925bf5b]" started-at="2025-09-12T10:27:24 EDT" name="beforetest" finished-at="2025-09-12T10:27:25 EDT" duration-ms="705" status="PASS">
          <params>
            <param index="0">
              <value>
                <![CDATA[org.testng.TestRunner@50f65fe0]]>
              </value>
            </param>
          </params>
          <reporter-output>
          </reporter-output>
        </test-method> <!-- beforetest -->
        <test-method is-config="true" signature="beforeClass()[pri:0, instance:com.Mesh_TestSuites.HHS_DecisionPackages_Bundle_Validation@2925bf5b]" started-at="2025-09-12T10:27:25 EDT" name="beforeClass" finished-at="2025-09-12T10:27:30 EDT" duration-ms="5193" status="PASS">
          <reporter-output>
          </reporter-output>
        </test-method> <!-- beforeClass -->
        <test-method is-config="true" signature="beofreMethod(org.testng.ITestResult)[pri:0, instance:com.Mesh_TestSuites.HHS_DecisionPackages_Bundle_Validation@2925bf5b]" started-at="2025-09-12T10:27:30 EDT" name="beofreMethod" finished-at="2025-09-12T10:27:30 EDT" duration-ms="2" status="PASS">
          <params>
            <param index="0">
              <value>
                <![CDATA[[TestResult name={null} status=CREATED method=HHS_DecisionPackages_Bundle_Validation.DecisionPackage_TC_001_Verify_DecisionPackage_Creation_with_APD_as_SubmisionType()[pri:0, instance:com.Mesh_TestSuites.HHS_DecisionPackages_Bundle_Validation@2925bf5b] output={null}]]]>
              </value>
            </param>
          </params>
          <reporter-output>
          </reporter-output>
        </test-method> <!-- beofreMethod -->
        <test-method signature="DecisionPackage_TC_001_Verify_DecisionPackage_Creation_with_APD_as_SubmisionType()[pri:0, instance:com.Mesh_TestSuites.HHS_DecisionPackages_Bundle_Validation@2925bf5b]" started-at="2025-09-12T10:27:30 EDT" name="DecisionPackage_TC_001_Verify_DecisionPackage_Creation_with_APD_as_SubmisionType" finished-at="2025-09-12T10:29:49 EDT" duration-ms="138921" status="PASS">
          <reporter-output>
          </reporter-output>
        </test-method> <!-- DecisionPackage_TC_001_Verify_DecisionPackage_Creation_with_APD_as_SubmisionType -->
        <test-method is-config="true" signature="afterMethod(org.testng.ITestResult)[pri:0, instance:com.Mesh_TestSuites.HHS_DecisionPackages_Bundle_Validation@2925bf5b]" started-at="2025-09-12T10:29:49 EDT" name="afterMethod" finished-at="2025-09-12T10:29:49 EDT" duration-ms="301" status="PASS">
          <params>
            <param index="0">
              <value>
                <![CDATA[[TestResult name=DecisionPackage_TC_001_Verify_DecisionPackage_Creation_with_APD_as_SubmisionType status=SUCCESS method=HHS_DecisionPackages_Bundle_Validation.DecisionPackage_TC_001_Verify_DecisionPackage_Creation_with_APD_as_SubmisionType()[pri:0, instance:com.Mesh_TestSuites.HHS_DecisionPackages_Bundle_Validation@2925bf5b] output={null}]]]>
              </value>
            </param>
          </params>
          <reporter-output>
          </reporter-output>
        </test-method> <!-- afterMethod -->
        <test-method is-config="true" signature="beofreMethod(org.testng.ITestResult)[pri:0, instance:com.Mesh_TestSuites.HHS_DecisionPackages_Bundle_Validation@2925bf5b]" started-at="2025-09-12T10:29:49 EDT" name="beofreMethod" finished-at="2025-09-12T10:29:49 EDT" duration-ms="1" status="PASS">
          <params>
            <param index="0">
              <value>
                <![CDATA[[TestResult name={null} status=CREATED method=HHS_DecisionPackages_Bundle_Validation.DecisionPackage_TC_002_Verify_DecisionPackage_Creation_with_RFP_as_SubmisionType()[pri:0, instance:com.Mesh_TestSuites.HHS_DecisionPackages_Bundle_Validation@2925bf5b] output={null}]]]>
              </value>
            </param>
          </params>
          <reporter-output>
          </reporter-output>
        </test-method> <!-- beofreMethod -->
        <test-method signature="DecisionPackage_TC_002_Verify_DecisionPackage_Creation_with_RFP_as_SubmisionType()[pri:0, instance:com.Mesh_TestSuites.HHS_DecisionPackages_Bundle_Validation@2925bf5b]" started-at="2025-09-12T10:29:49 EDT" name="DecisionPackage_TC_002_Verify_DecisionPackage_Creation_with_RFP_as_SubmisionType" finished-at="2025-09-12T10:31:15 EDT" duration-ms="85693" status="PASS">
          <reporter-output>
          </reporter-output>
        </test-method> <!-- DecisionPackage_TC_002_Verify_DecisionPackage_Creation_with_RFP_as_SubmisionType -->
        <test-method is-config="true" signature="afterMethod(org.testng.ITestResult)[pri:0, instance:com.Mesh_TestSuites.HHS_DecisionPackages_Bundle_Validation@2925bf5b]" started-at="2025-09-12T10:31:15 EDT" name="afterMethod" finished-at="2025-09-12T10:31:15 EDT" duration-ms="169" status="PASS">
          <params>
            <param index="0">
              <value>
                <![CDATA[[TestResult name=DecisionPackage_TC_002_Verify_DecisionPackage_Creation_with_RFP_as_SubmisionType status=SUCCESS method=HHS_DecisionPackages_Bundle_Validation.DecisionPackage_TC_002_Verify_DecisionPackage_Creation_with_RFP_as_SubmisionType()[pri:0, instance:com.Mesh_TestSuites.HHS_DecisionPackages_Bundle_Validation@2925bf5b] output={null}]]]>
              </value>
            </param>
          </params>
          <reporter-output>
          </reporter-output>
        </test-method> <!-- afterMethod -->
        <test-method signature="DecisionPackage_TC_003_Verify_DecisionPackage_Creation_with_Contract_as_SubmisionType()[pri:0, instance:com.Mesh_TestSuites.HHS_DecisionPackages_Bundle_Validation@2925bf5b]" started-at="2025-09-12T10:31:15 EDT" name="DecisionPackage_TC_003_Verify_DecisionPackage_Creation_with_Contract_as_SubmisionType" finished-at="2025-09-12T10:32:49 EDT" duration-ms="93822" status="PASS">
          <reporter-output>
          </reporter-output>
        </test-method> <!-- DecisionPackage_TC_003_Verify_DecisionPackage_Creation_with_Contract_as_SubmisionType -->
        <test-method is-config="true" signature="beofreMethod(org.testng.ITestResult)[pri:0, instance:com.Mesh_TestSuites.HHS_DecisionPackages_Bundle_Validation@2925bf5b]" started-at="2025-09-12T10:31:15 EDT" name="beofreMethod" finished-at="2025-09-12T10:31:15 EDT" duration-ms="0" status="PASS">
          <params>
            <param index="0">
              <value>
                <![CDATA[[TestResult name={null} status=CREATED method=HHS_DecisionPackages_Bundle_Validation.DecisionPackage_TC_003_Verify_DecisionPackage_Creation_with_Contract_as_SubmisionType()[pri:0, instance:com.Mesh_TestSuites.HHS_DecisionPackages_Bundle_Validation@2925bf5b] output={null}]]]>
              </value>
            </param>
          </params>
          <reporter-output>
          </reporter-output>
        </test-method> <!-- beofreMethod -->
        <test-method is-config="true" signature="afterMethod(org.testng.ITestResult)[pri:0, instance:com.Mesh_TestSuites.HHS_DecisionPackages_Bundle_Validation@2925bf5b]" started-at="2025-09-12T10:32:49 EDT" name="afterMethod" finished-at="2025-09-12T10:32:49 EDT" duration-ms="197" status="PASS">
          <params>
            <param index="0">
              <value>
                <![CDATA[[TestResult name=DecisionPackage_TC_003_Verify_DecisionPackage_Creation_with_Contract_as_SubmisionType status=SUCCESS method=HHS_DecisionPackages_Bundle_Validation.DecisionPackage_TC_003_Verify_DecisionPackage_Creation_with_Contract_as_SubmisionType()[pri:0, instance:com.Mesh_TestSuites.HHS_DecisionPackages_Bundle_Validation@2925bf5b] output={null}]]]>
              </value>
            </param>
          </params>
          <reporter-output>
          </reporter-output>
        </test-method> <!-- afterMethod -->
        <test-method is-config="true" signature="beofreMethod(org.testng.ITestResult)[pri:0, instance:com.Mesh_TestSuites.HHS_DecisionPackages_Bundle_Validation@2925bf5b]" started-at="2025-09-12T10:32:49 EDT" name="beofreMethod" finished-at="2025-09-12T10:32:49 EDT" duration-ms="1" status="PASS">
          <params>
            <param index="0">
              <value>
                <![CDATA[[TestResult name={null} status=CREATED method=HHS_DecisionPackages_Bundle_Validation.DecisionPackage_TC_004_Verify_Adding_bundle_Packages()[pri:0, instance:com.Mesh_TestSuites.HHS_DecisionPackages_Bundle_Validation@2925bf5b] output={null}]]]>
              </value>
            </param>
          </params>
          <reporter-output>
          </reporter-output>
        </test-method> <!-- beofreMethod -->
        <test-method signature="DecisionPackage_TC_004_Verify_Adding_bundle_Packages()[pri:0, instance:com.Mesh_TestSuites.HHS_DecisionPackages_Bundle_Validation@2925bf5b]" started-at="2025-09-12T10:32:49 EDT" name="DecisionPackage_TC_004_Verify_Adding_bundle_Packages" finished-at="2025-09-12T10:36:41 EDT" duration-ms="232437" status="PASS">
          <reporter-output>
          </reporter-output>
        </test-method> <!-- DecisionPackage_TC_004_Verify_Adding_bundle_Packages -->
        <test-method is-config="true" signature="afterMethod(org.testng.ITestResult)[pri:0, instance:com.Mesh_TestSuites.HHS_DecisionPackages_Bundle_Validation@2925bf5b]" started-at="2025-09-12T10:36:41 EDT" name="afterMethod" finished-at="2025-09-12T10:36:42 EDT" duration-ms="197" status="PASS">
          <params>
            <param index="0">
              <value>
                <![CDATA[[TestResult name=DecisionPackage_TC_004_Verify_Adding_bundle_Packages status=SUCCESS method=HHS_DecisionPackages_Bundle_Validation.DecisionPackage_TC_004_Verify_Adding_bundle_Packages()[pri:0, instance:com.Mesh_TestSuites.HHS_DecisionPackages_Bundle_Validation@2925bf5b] output={null}]]]>
              </value>
            </param>
          </params>
          <reporter-output>
          </reporter-output>
        </test-method> <!-- afterMethod -->
        <test-method is-config="true" signature="afterClass()[pri:0, instance:com.Mesh_TestSuites.HHS_DecisionPackages_Bundle_Validation@2925bf5b]" started-at="2025-09-12T10:36:42 EDT" name="afterClass" finished-at="2025-09-12T10:36:42 EDT" duration-ms="0" status="PASS">
          <reporter-output>
          </reporter-output>
        </test-method> <!-- afterClass -->
        <test-method is-config="true" signature="afterTest()[pri:0, instance:com.Mesh_TestSuites.HHS_DecisionPackages_Bundle_Validation@2925bf5b]" started-at="2025-09-12T10:36:42 EDT" name="afterTest" finished-at="2025-09-12T10:36:42 EDT" duration-ms="628" status="PASS">
          <reporter-output>
          </reporter-output>
        </test-method> <!-- afterTest -->
      </class> <!-- com.Mesh_TestSuites.HHS_DecisionPackages_Bundle_Validation -->
    </test> <!-- Default test -->
  </suite> <!-- Default suite -->
</testng-results>
