<?xml version="1.0" encoding="UTF-8"?>
<testng-results ignored="0" total="5" passed="0" failed="0" skipped="5">
  <reporter-output>
  </reporter-output>
  <suite started-at="2026-06-29T14:54:28 EDT" name="Default suite" finished-at="2026-06-29T14:54:49 EDT" duration-ms="20298">
    <groups>
    </groups>
    <test started-at="2026-06-29T14:54:28 EDT" name="Default test" finished-at="2026-06-29T14:54:49 EDT" duration-ms="20298">
      <class name="com.CertificationWorkflow_TestSuite.CertificationWorkflow_TestSuite">
        <test-method is-config="true" signature="beforetest(org.testng.ITestContext)[pri:0, instance:com.CertificationWorkflow_TestSuite.CertificationWorkflow_TestSuite@75d4a5c2]" started-at="2026-06-29T14:54:28 EDT" name="beforetest" finished-at="2026-06-29T14:54:29 EDT" duration-ms="245" status="PASS">
          <params>
            <param index="0">
              <value>
                <![CDATA[org.testng.TestRunner@359b650b]]>
              </value>
            </param>
          </params>
          <reporter-output>
          </reporter-output>
        </test-method> <!-- beforetest -->
        <test-method is-config="true" signature="beforeClass()[pri:0, instance:com.CertificationWorkflow_TestSuite.CertificationWorkflow_TestSuite@75d4a5c2]" started-at="2026-06-29T14:54:29 EDT" name="beforeClass" finished-at="2026-06-29T14:54:48 EDT" duration-ms="19178" status="FAIL">
          <exception class="java.lang.AssertionError">
            <message>
              <![CDATA[Exception on Login button]]>
            </message>
            <full-stacktrace>
              <![CDATA[java.lang.AssertionError: Exception on Login button
at org.testng.Assert.fail(Assert.java:99)
at com.Base.TestBase.javaScriptClickOn(TestBase.java:355)
at com.Base.TestBase.loginToApplication(TestBase.java:369)
at com.Base.TestBase.beforeClass(TestBase.java:193)
at java.base/jdk.internal.reflect.DirectMethodHandleAccessor.invoke(DirectMethodHandleAccessor.java:103)
at java.base/java.lang.reflect.Method.invoke(Method.java:580)
at org.testng.internal.MethodInvocationHelper.invokeMethod(MethodInvocationHelper.java:133)
at org.testng.internal.MethodInvocationHelper.invokeMethodConsideringTimeout(MethodInvocationHelper.java:62)
at org.testng.internal.ConfigInvoker.invokeConfigurationMethod(ConfigInvoker.java:385)
at org.testng.internal.ConfigInvoker.invokeConfigurations(ConfigInvoker.java:321)
at org.testng.internal.TestMethodWorker.invokeBeforeClassMethods(TestMethodWorker.java:176)
at org.testng.internal.TestMethodWorker.run(TestMethodWorker.java:122)
at java.base/java.util.ArrayList.forEach(ArrayList.java:1597)
at org.testng.TestRunner.privateRun(TestRunner.java:794)
at org.testng.TestRunner.run(TestRunner.java:596)
at org.testng.SuiteRunner.runTest(SuiteRunner.java:377)
at org.testng.SuiteRunner.runSequentially(SuiteRunner.java:371)
at org.testng.SuiteRunner.privateRun(SuiteRunner.java:332)
at org.testng.SuiteRunner.run(SuiteRunner.java:276)
at org.testng.SuiteRunnerWorker.runSuite(SuiteRunnerWorker.java:53)
at org.testng.SuiteRunnerWorker.run(SuiteRunnerWorker.java:96)
at org.testng.TestNG.runSuitesSequentially(TestNG.java:1212)
at org.testng.TestNG.runSuitesLocally(TestNG.java:1134)
at org.testng.TestNG.runSuites(TestNG.java:1063)
at org.testng.TestNG.run(TestNG.java:1031)
at org.testng.remote.AbstractRemoteTestNG.run(AbstractRemoteTestNG.java:115)
at org.testng.remote.RemoteTestNG.initAndRun(RemoteTestNG.java:293)
at org.testng.remote.RemoteTestNG.main(RemoteTestNG.java:91)
]]>
            </full-stacktrace>
          </exception> <!-- java.lang.AssertionError -->
          <reporter-output>
          </reporter-output>
        </test-method> <!-- beforeClass -->
        <test-method is-config="true" signature="beofreMethod(org.testng.ITestResult)[pri:0, instance:com.CertificationWorkflow_TestSuite.CertificationWorkflow_TestSuite@75d4a5c2]" started-at="2026-06-29T14:54:48 EDT" name="beofreMethod" finished-at="1969-12-31T19:00:00 EST" duration-ms="-1782759288304" status="SKIP">
          <reporter-output>
          </reporter-output>
        </test-method> <!-- beofreMethod -->
        <test-method signature="TC_001_Verifying_Certification_Workflow_Creation()[pri:0, instance:com.CertificationWorkflow_TestSuite.CertificationWorkflow_TestSuite@75d4a5c2]" started-at="2026-06-29T14:54:48 EDT" name="TC_001_Verifying_Certification_Workflow_Creation" finished-at="2026-06-29T14:54:48 EDT" duration-ms="0" status="SKIP">
          <exception class="java.lang.AssertionError">
            <message>
              <![CDATA[Exception on Login button]]>
            </message>
            <full-stacktrace>
              <![CDATA[java.lang.AssertionError: Exception on Login button
at org.testng.Assert.fail(Assert.java:99)
at com.Base.TestBase.javaScriptClickOn(TestBase.java:355)
at com.Base.TestBase.loginToApplication(TestBase.java:369)
at com.Base.TestBase.beforeClass(TestBase.java:193)
at java.base/jdk.internal.reflect.DirectMethodHandleAccessor.invoke(DirectMethodHandleAccessor.java:103)
at java.base/java.lang.reflect.Method.invoke(Method.java:580)
at org.testng.internal.MethodInvocationHelper.invokeMethod(MethodInvocationHelper.java:133)
at org.testng.internal.MethodInvocationHelper.invokeMethodConsideringTimeout(MethodInvocationHelper.java:62)
at org.testng.internal.ConfigInvoker.invokeConfigurationMethod(ConfigInvoker.java:385)
at org.testng.internal.ConfigInvoker.invokeConfigurations(ConfigInvoker.java:321)
at org.testng.internal.TestMethodWorker.invokeBeforeClassMethods(TestMethodWorker.java:176)
at org.testng.internal.TestMethodWorker.run(TestMethodWorker.java:122)
at java.base/java.util.ArrayList.forEach(ArrayList.java:1597)
at org.testng.TestRunner.privateRun(TestRunner.java:794)
at org.testng.TestRunner.run(TestRunner.java:596)
at org.testng.SuiteRunner.runTest(SuiteRunner.java:377)
at org.testng.SuiteRunner.runSequentially(SuiteRunner.java:371)
at org.testng.SuiteRunner.privateRun(SuiteRunner.java:332)
at org.testng.SuiteRunner.run(SuiteRunner.java:276)
at org.testng.SuiteRunnerWorker.runSuite(SuiteRunnerWorker.java:53)
at org.testng.SuiteRunnerWorker.run(SuiteRunnerWorker.java:96)
at org.testng.TestNG.runSuitesSequentially(TestNG.java:1212)
at org.testng.TestNG.runSuitesLocally(TestNG.java:1134)
at org.testng.TestNG.runSuites(TestNG.java:1063)
at org.testng.TestNG.run(TestNG.java:1031)
at org.testng.remote.AbstractRemoteTestNG.run(AbstractRemoteTestNG.java:115)
at org.testng.remote.RemoteTestNG.initAndRun(RemoteTestNG.java:293)
at org.testng.remote.RemoteTestNG.main(RemoteTestNG.java:91)
]]>
            </full-stacktrace>
          </exception> <!-- java.lang.AssertionError -->
          <reporter-output>
          </reporter-output>
        </test-method> <!-- TC_001_Verifying_Certification_Workflow_Creation -->
        <test-method is-config="true" signature="afterMethod(org.testng.ITestResult)[pri:0, instance:com.CertificationWorkflow_TestSuite.CertificationWorkflow_TestSuite@75d4a5c2]" started-at="2026-06-29T14:54:48 EDT" name="afterMethod" finished-at="1969-12-31T19:00:00 EST" duration-ms="-1782759288318" status="SKIP">
          <reporter-output>
          </reporter-output>
        </test-method> <!-- afterMethod -->
        <test-method signature="TC_002_Verifying_CW_SO_Review()[pri:0, instance:com.CertificationWorkflow_TestSuite.CertificationWorkflow_TestSuite@75d4a5c2]" started-at="2026-06-29T14:54:48 EDT" name="TC_002_Verifying_CW_SO_Review" finished-at="2026-06-29T14:54:48 EDT" depends-on-methods="com.CertificationWorkflow_TestSuite.CertificationWorkflow_TestSuite.TC_001_Verifying_Certification_Workflow_Creation" duration-ms="0" status="SKIP">
          <exception class="java.lang.Throwable">
            <message>
              <![CDATA[Method CertificationWorkflow_TestSuite.TC_002_Verifying_CW_SO_Review()[pri:0, instance:com.CertificationWorkflow_TestSuite.CertificationWorkflow_TestSuite@75d4a5c2] depends on not successfully finished methods]]>
            </message>
            <full-stacktrace>
              <![CDATA[java.lang.Throwable: Method CertificationWorkflow_TestSuite.TC_002_Verifying_CW_SO_Review()[pri:0, instance:com.CertificationWorkflow_TestSuite.CertificationWorkflow_TestSuite@75d4a5c2] depends on not successfully finished methods
at org.testng.internal.TestInvoker.invokeTestMethods(TestInvoker.java:102)
at org.testng.internal.TestMethodWorker.invokeTestMethods(TestMethodWorker.java:146)
at org.testng.internal.TestMethodWorker.run(TestMethodWorker.java:128)
at java.base/java.util.ArrayList.forEach(ArrayList.java:1597)
at org.testng.TestRunner.privateRun(TestRunner.java:794)
at org.testng.TestRunner.run(TestRunner.java:596)
at org.testng.SuiteRunner.runTest(SuiteRunner.java:377)
at org.testng.SuiteRunner.runSequentially(SuiteRunner.java:371)
at org.testng.SuiteRunner.privateRun(SuiteRunner.java:332)
at org.testng.SuiteRunner.run(SuiteRunner.java:276)
at org.testng.SuiteRunnerWorker.runSuite(SuiteRunnerWorker.java:53)
at org.testng.SuiteRunnerWorker.run(SuiteRunnerWorker.java:96)
at org.testng.TestNG.runSuitesSequentially(TestNG.java:1212)
at org.testng.TestNG.runSuitesLocally(TestNG.java:1134)
at org.testng.TestNG.runSuites(TestNG.java:1063)
at org.testng.TestNG.run(TestNG.java:1031)
at org.testng.remote.AbstractRemoteTestNG.run(AbstractRemoteTestNG.java:115)
at org.testng.remote.RemoteTestNG.initAndRun(RemoteTestNG.java:293)
at org.testng.remote.RemoteTestNG.main(RemoteTestNG.java:91)
]]>
            </full-stacktrace>
          </exception> <!-- java.lang.Throwable -->
          <reporter-output>
          </reporter-output>
        </test-method> <!-- TC_002_Verifying_CW_SO_Review -->
        <test-method signature="TC_003_Verifying_CMS_Certification_Lead_Review()[pri:0, instance:com.CertificationWorkflow_TestSuite.CertificationWorkflow_TestSuite@75d4a5c2]" started-at="2026-06-29T14:54:48 EDT" name="TC_003_Verifying_CMS_Certification_Lead_Review" finished-at="2026-06-29T14:54:48 EDT" depends-on-methods="com.CertificationWorkflow_TestSuite.CertificationWorkflow_TestSuite.TC_002_Verifying_CW_SO_Review" duration-ms="0" status="SKIP">
          <exception class="java.lang.Throwable">
            <message>
              <![CDATA[Method CertificationWorkflow_TestSuite.TC_003_Verifying_CMS_Certification_Lead_Review()[pri:0, instance:com.CertificationWorkflow_TestSuite.CertificationWorkflow_TestSuite@75d4a5c2] depends on not successfully finished methods]]>
            </message>
            <full-stacktrace>
              <![CDATA[java.lang.Throwable: Method CertificationWorkflow_TestSuite.TC_003_Verifying_CMS_Certification_Lead_Review()[pri:0, instance:com.CertificationWorkflow_TestSuite.CertificationWorkflow_TestSuite@75d4a5c2] depends on not successfully finished methods
at org.testng.internal.TestInvoker.invokeTestMethods(TestInvoker.java:102)
at org.testng.internal.TestMethodWorker.invokeTestMethods(TestMethodWorker.java:146)
at org.testng.internal.TestMethodWorker.run(TestMethodWorker.java:128)
at java.base/java.util.ArrayList.forEach(ArrayList.java:1597)
at org.testng.TestRunner.privateRun(TestRunner.java:794)
at org.testng.TestRunner.run(TestRunner.java:596)
at org.testng.SuiteRunner.runTest(SuiteRunner.java:377)
at org.testng.SuiteRunner.runSequentially(SuiteRunner.java:371)
at org.testng.SuiteRunner.privateRun(SuiteRunner.java:332)
at org.testng.SuiteRunner.run(SuiteRunner.java:276)
at org.testng.SuiteRunnerWorker.runSuite(SuiteRunnerWorker.java:53)
at org.testng.SuiteRunnerWorker.run(SuiteRunnerWorker.java:96)
at org.testng.TestNG.runSuitesSequentially(TestNG.java:1212)
at org.testng.TestNG.runSuitesLocally(TestNG.java:1134)
at org.testng.TestNG.runSuites(TestNG.java:1063)
at org.testng.TestNG.run(TestNG.java:1031)
at org.testng.remote.AbstractRemoteTestNG.run(AbstractRemoteTestNG.java:115)
at org.testng.remote.RemoteTestNG.initAndRun(RemoteTestNG.java:293)
at org.testng.remote.RemoteTestNG.main(RemoteTestNG.java:91)
]]>
            </full-stacktrace>
          </exception> <!-- java.lang.Throwable -->
          <reporter-output>
          </reporter-output>
        </test-method> <!-- TC_003_Verifying_CMS_Certification_Lead_Review -->
        <test-method signature="TC_004_Verifying_DSS_DSG_Review()[pri:0, instance:com.CertificationWorkflow_TestSuite.CertificationWorkflow_TestSuite@75d4a5c2]" started-at="2026-06-29T14:54:48 EDT" name="TC_004_Verifying_DSS_DSG_Review" finished-at="2026-06-29T14:54:48 EDT" depends-on-methods="com.CertificationWorkflow_TestSuite.CertificationWorkflow_TestSuite.TC_003_Verifying_CMS_Certification_Lead_Review" duration-ms="0" status="SKIP">
          <exception class="java.lang.Throwable">
            <message>
              <![CDATA[Method CertificationWorkflow_TestSuite.TC_004_Verifying_DSS_DSG_Review()[pri:0, instance:com.CertificationWorkflow_TestSuite.CertificationWorkflow_TestSuite@75d4a5c2] depends on not successfully finished methods]]>
            </message>
            <full-stacktrace>
              <![CDATA[java.lang.Throwable: Method CertificationWorkflow_TestSuite.TC_004_Verifying_DSS_DSG_Review()[pri:0, instance:com.CertificationWorkflow_TestSuite.CertificationWorkflow_TestSuite@75d4a5c2] depends on not successfully finished methods
at org.testng.internal.TestInvoker.invokeTestMethods(TestInvoker.java:102)
at org.testng.internal.TestMethodWorker.invokeTestMethods(TestMethodWorker.java:146)
at org.testng.internal.TestMethodWorker.run(TestMethodWorker.java:128)
at java.base/java.util.ArrayList.forEach(ArrayList.java:1597)
at org.testng.TestRunner.privateRun(TestRunner.java:794)
at org.testng.TestRunner.run(TestRunner.java:596)
at org.testng.SuiteRunner.runTest(SuiteRunner.java:377)
at org.testng.SuiteRunner.runSequentially(SuiteRunner.java:371)
at org.testng.SuiteRunner.privateRun(SuiteRunner.java:332)
at org.testng.SuiteRunner.run(SuiteRunner.java:276)
at org.testng.SuiteRunnerWorker.runSuite(SuiteRunnerWorker.java:53)
at org.testng.SuiteRunnerWorker.run(SuiteRunnerWorker.java:96)
at org.testng.TestNG.runSuitesSequentially(TestNG.java:1212)
at org.testng.TestNG.runSuitesLocally(TestNG.java:1134)
at org.testng.TestNG.runSuites(TestNG.java:1063)
at org.testng.TestNG.run(TestNG.java:1031)
at org.testng.remote.AbstractRemoteTestNG.run(AbstractRemoteTestNG.java:115)
at org.testng.remote.RemoteTestNG.initAndRun(RemoteTestNG.java:293)
at org.testng.remote.RemoteTestNG.main(RemoteTestNG.java:91)
]]>
            </full-stacktrace>
          </exception> <!-- java.lang.Throwable -->
          <reporter-output>
          </reporter-output>
        </test-method> <!-- TC_004_Verifying_DSS_DSG_Review -->
        <test-method signature="TC_005_Verifying_Pending_Issuance_To_State_Review()[pri:0, instance:com.CertificationWorkflow_TestSuite.CertificationWorkflow_TestSuite@75d4a5c2]" started-at="2026-06-29T14:54:48 EDT" name="TC_005_Verifying_Pending_Issuance_To_State_Review" finished-at="2026-06-29T14:54:48 EDT" depends-on-methods="com.CertificationWorkflow_TestSuite.CertificationWorkflow_TestSuite.TC_004_Verifying_DSS_DSG_Review" duration-ms="0" status="SKIP">
          <exception class="java.lang.Throwable">
            <message>
              <![CDATA[Method CertificationWorkflow_TestSuite.TC_005_Verifying_Pending_Issuance_To_State_Review()[pri:0, instance:com.CertificationWorkflow_TestSuite.CertificationWorkflow_TestSuite@75d4a5c2] depends on not successfully finished methods]]>
            </message>
            <full-stacktrace>
              <![CDATA[java.lang.Throwable: Method CertificationWorkflow_TestSuite.TC_005_Verifying_Pending_Issuance_To_State_Review()[pri:0, instance:com.CertificationWorkflow_TestSuite.CertificationWorkflow_TestSuite@75d4a5c2] depends on not successfully finished methods
at org.testng.internal.TestInvoker.invokeTestMethods(TestInvoker.java:102)
at org.testng.internal.TestMethodWorker.invokeTestMethods(TestMethodWorker.java:146)
at org.testng.internal.TestMethodWorker.run(TestMethodWorker.java:128)
at java.base/java.util.ArrayList.forEach(ArrayList.java:1597)
at org.testng.TestRunner.privateRun(TestRunner.java:794)
at org.testng.TestRunner.run(TestRunner.java:596)
at org.testng.SuiteRunner.runTest(SuiteRunner.java:377)
at org.testng.SuiteRunner.runSequentially(SuiteRunner.java:371)
at org.testng.SuiteRunner.privateRun(SuiteRunner.java:332)
at org.testng.SuiteRunner.run(SuiteRunner.java:276)
at org.testng.SuiteRunnerWorker.runSuite(SuiteRunnerWorker.java:53)
at org.testng.SuiteRunnerWorker.run(SuiteRunnerWorker.java:96)
at org.testng.TestNG.runSuitesSequentially(TestNG.java:1212)
at org.testng.TestNG.runSuitesLocally(TestNG.java:1134)
at org.testng.TestNG.runSuites(TestNG.java:1063)
at org.testng.TestNG.run(TestNG.java:1031)
at org.testng.remote.AbstractRemoteTestNG.run(AbstractRemoteTestNG.java:115)
at org.testng.remote.RemoteTestNG.initAndRun(RemoteTestNG.java:293)
at org.testng.remote.RemoteTestNG.main(RemoteTestNG.java:91)
]]>
            </full-stacktrace>
          </exception> <!-- java.lang.Throwable -->
          <reporter-output>
          </reporter-output>
        </test-method> <!-- TC_005_Verifying_Pending_Issuance_To_State_Review -->
        <test-method is-config="true" signature="afterClass()[pri:0, instance:com.CertificationWorkflow_TestSuite.CertificationWorkflow_TestSuite@75d4a5c2]" started-at="2026-06-29T14:54:48 EDT" name="afterClass" finished-at="1969-12-31T19:00:00 EST" duration-ms="-1782759288352" status="SKIP">
          <reporter-output>
          </reporter-output>
        </test-method> <!-- afterClass -->
        <test-method is-config="true" signature="afterTest()[pri:0, instance:com.CertificationWorkflow_TestSuite.CertificationWorkflow_TestSuite@75d4a5c2]" started-at="2026-06-29T14:54:48 EDT" name="afterTest" finished-at="2026-06-29T14:54:49 EDT" duration-ms="770" status="PASS">
          <reporter-output>
          </reporter-output>
        </test-method> <!-- afterTest -->
      </class> <!-- com.CertificationWorkflow_TestSuite.CertificationWorkflow_TestSuite -->
    </test> <!-- Default test -->
  </suite> <!-- Default suite -->
</testng-results>
