<?xml version="1.0" encoding="UTF-8"?>
<testng-results ignored="0" total="3" passed="3" failed="0" skipped="0">
  <reporter-output>
  </reporter-output>
  <suite started-at="2025-06-23T09:38:37 EDT" name="Default suite" finished-at="2025-06-23T09:47:52 EDT" duration-ms="554915">
    <groups>
      <group name="Regression">
        <method signature="DecisionPackages.DecisionPackage_TC_001_Verify_DecisionPackage_Creation_with_APD_as_SubmisionType()[pri:0, instance:com.Mesh_TestSuites.DecisionPackages@411f53a0]" name="DecisionPackage_TC_001_Verify_DecisionPackage_Creation_with_APD_as_SubmisionType" class="com.Mesh_TestSuites.DecisionPackages"/>
        <method signature="DecisionPackages.DecisionPackage_TC_002_Verify_DecisionPackage_Creation_with_RFP_as_SubmisionType()[pri:0, instance:com.Mesh_TestSuites.DecisionPackages@411f53a0]" name="DecisionPackage_TC_002_Verify_DecisionPackage_Creation_with_RFP_as_SubmisionType" class="com.Mesh_TestSuites.DecisionPackages"/>
        <method signature="DecisionPackages.DecisionPackage_TC_003_Verify_DecisionPackage_Creation_with_Contract_as_SubmisionType()[pri:0, instance:com.Mesh_TestSuites.DecisionPackages@411f53a0]" name="DecisionPackage_TC_003_Verify_DecisionPackage_Creation_with_Contract_as_SubmisionType" class="com.Mesh_TestSuites.DecisionPackages"/>
      </group> <!-- Regression -->
    </groups>
    <test started-at="2025-06-23T09:38:37 EDT" name="Default test" finished-at="2025-06-23T09:47:52 EDT" duration-ms="554915">
      <class name="com.Mesh_TestSuites.DecisionPackages">
        <test-method is-config="true" signature="beforetest(org.testng.ITestContext)[pri:0, instance:com.Mesh_TestSuites.DecisionPackages@411f53a0]" started-at="2025-06-23T09:38:37 EDT" name="beforetest" finished-at="2025-06-23T09:38:38 EDT" duration-ms="212" status="PASS">
          <params>
            <param index="0">
              <value>
                <![CDATA[org.testng.TestRunner@7cadf3ca]]>
              </value>
            </param>
          </params>
          <reporter-output>
          </reporter-output>
        </test-method> <!-- beforetest -->
        <test-method is-config="true" signature="beforeClass()[pri:0, instance:com.Mesh_TestSuites.DecisionPackages@411f53a0]" started-at="2025-06-23T09:38:38 EDT" name="beforeClass" finished-at="2025-06-23T09:38:51 EDT" duration-ms="13031" status="PASS">
          <reporter-output>
          </reporter-output>
        </test-method> <!-- beforeClass -->
        <test-method is-config="true" signature="beofreMethod(org.testng.ITestResult)[pri:0, instance:com.Mesh_TestSuites.DecisionPackages@411f53a0]" started-at="2025-06-23T09:38:51 EDT" name="beofreMethod" finished-at="2025-06-23T09:38:51 EDT" duration-ms="2" status="PASS">
          <params>
            <param index="0">
              <value>
                <![CDATA[[TestResult name={null} status=CREATED method=DecisionPackages.DecisionPackage_TC_001_Verify_DecisionPackage_Creation_with_APD_as_SubmisionType()[pri:0, instance:com.Mesh_TestSuites.DecisionPackages@411f53a0] output={null}]]]>
              </value>
            </param>
          </params>
          <reporter-output>
          </reporter-output>
        </test-method> <!-- beofreMethod -->
        <test-method signature="DecisionPackage_TC_001_Verify_DecisionPackage_Creation_with_APD_as_SubmisionType()[pri:0, instance:com.Mesh_TestSuites.DecisionPackages@411f53a0]" started-at="2025-06-23T09:38:51 EDT" name="DecisionPackage_TC_001_Verify_DecisionPackage_Creation_with_APD_as_SubmisionType" finished-at="2025-06-23T09:42:13 EDT" duration-ms="202638" status="PASS">
          <reporter-output>
          </reporter-output>
        </test-method> <!-- DecisionPackage_TC_001_Verify_DecisionPackage_Creation_with_APD_as_SubmisionType -->
        <test-method is-config="true" signature="afterMethod(org.testng.ITestResult)[pri:0, instance:com.Mesh_TestSuites.DecisionPackages@411f53a0]" started-at="2025-06-23T09:42:13 EDT" name="afterMethod" finished-at="2025-06-23T09:42:13 EDT" duration-ms="199" status="PASS">
          <params>
            <param index="0">
              <value>
                <![CDATA[[TestResult name=DecisionPackage_TC_001_Verify_DecisionPackage_Creation_with_APD_as_SubmisionType status=SUCCESS method=DecisionPackages.DecisionPackage_TC_001_Verify_DecisionPackage_Creation_with_APD_as_SubmisionType()[pri:0, instance:com.Mesh_TestSuites.DecisionPackages@411f53a0] output={null}]]]>
              </value>
            </param>
          </params>
          <reporter-output>
          </reporter-output>
        </test-method> <!-- afterMethod -->
        <test-method is-config="true" signature="beofreMethod(org.testng.ITestResult)[pri:0, instance:com.Mesh_TestSuites.DecisionPackages@411f53a0]" started-at="2025-06-23T09:42:13 EDT" name="beofreMethod" finished-at="2025-06-23T09:42:13 EDT" duration-ms="1" status="PASS">
          <params>
            <param index="0">
              <value>
                <![CDATA[[TestResult name={null} status=CREATED method=DecisionPackages.DecisionPackage_TC_002_Verify_DecisionPackage_Creation_with_RFP_as_SubmisionType()[pri:0, instance:com.Mesh_TestSuites.DecisionPackages@411f53a0] output={null}]]]>
              </value>
            </param>
          </params>
          <reporter-output>
          </reporter-output>
        </test-method> <!-- beofreMethod -->
        <test-method signature="DecisionPackage_TC_002_Verify_DecisionPackage_Creation_with_RFP_as_SubmisionType()[pri:0, instance:com.Mesh_TestSuites.DecisionPackages@411f53a0]" started-at="2025-06-23T09:42:13 EDT" name="DecisionPackage_TC_002_Verify_DecisionPackage_Creation_with_RFP_as_SubmisionType" finished-at="2025-06-23T09:45:01 EDT" duration-ms="167578" status="PASS">
          <reporter-output>
          </reporter-output>
        </test-method> <!-- DecisionPackage_TC_002_Verify_DecisionPackage_Creation_with_RFP_as_SubmisionType -->
        <test-method is-config="true" signature="afterMethod(org.testng.ITestResult)[pri:0, instance:com.Mesh_TestSuites.DecisionPackages@411f53a0]" started-at="2025-06-23T09:45:01 EDT" name="afterMethod" finished-at="2025-06-23T09:45:01 EDT" duration-ms="195" status="PASS">
          <params>
            <param index="0">
              <value>
                <![CDATA[[TestResult name=DecisionPackage_TC_002_Verify_DecisionPackage_Creation_with_RFP_as_SubmisionType status=SUCCESS method=DecisionPackages.DecisionPackage_TC_002_Verify_DecisionPackage_Creation_with_RFP_as_SubmisionType()[pri:0, instance:com.Mesh_TestSuites.DecisionPackages@411f53a0] output={null}]]]>
              </value>
            </param>
          </params>
          <reporter-output>
          </reporter-output>
        </test-method> <!-- afterMethod -->
        <test-method is-config="true" signature="beofreMethod(org.testng.ITestResult)[pri:0, instance:com.Mesh_TestSuites.DecisionPackages@411f53a0]" started-at="2025-06-23T09:45:01 EDT" name="beofreMethod" finished-at="2025-06-23T09:45:01 EDT" duration-ms="1" status="PASS">
          <params>
            <param index="0">
              <value>
                <![CDATA[[TestResult name={null} status=CREATED method=DecisionPackages.DecisionPackage_TC_003_Verify_DecisionPackage_Creation_with_Contract_as_SubmisionType()[pri:0, instance:com.Mesh_TestSuites.DecisionPackages@411f53a0] output={null}]]]>
              </value>
            </param>
          </params>
          <reporter-output>
          </reporter-output>
        </test-method> <!-- beofreMethod -->
        <test-method signature="DecisionPackage_TC_003_Verify_DecisionPackage_Creation_with_Contract_as_SubmisionType()[pri:0, instance:com.Mesh_TestSuites.DecisionPackages@411f53a0]" started-at="2025-06-23T09:45:01 EDT" name="DecisionPackage_TC_003_Verify_DecisionPackage_Creation_with_Contract_as_SubmisionType" finished-at="2025-06-23T09:47:51 EDT" duration-ms="169934" status="PASS">
          <reporter-output>
          </reporter-output>
        </test-method> <!-- DecisionPackage_TC_003_Verify_DecisionPackage_Creation_with_Contract_as_SubmisionType -->
        <test-method is-config="true" signature="afterMethod(org.testng.ITestResult)[pri:0, instance:com.Mesh_TestSuites.DecisionPackages@411f53a0]" started-at="2025-06-23T09:47:51 EDT" name="afterMethod" finished-at="2025-06-23T09:47:51 EDT" duration-ms="211" status="PASS">
          <params>
            <param index="0">
              <value>
                <![CDATA[[TestResult name=DecisionPackage_TC_003_Verify_DecisionPackage_Creation_with_Contract_as_SubmisionType status=SUCCESS method=DecisionPackages.DecisionPackage_TC_003_Verify_DecisionPackage_Creation_with_Contract_as_SubmisionType()[pri:0, instance:com.Mesh_TestSuites.DecisionPackages@411f53a0] output={null}]]]>
              </value>
            </param>
          </params>
          <reporter-output>
          </reporter-output>
        </test-method> <!-- afterMethod -->
        <test-method is-config="true" signature="afterClass()[pri:0, instance:com.Mesh_TestSuites.DecisionPackages@411f53a0]" started-at="2025-06-23T09:47:51 EDT" name="afterClass" finished-at="2025-06-23T09:47:52 EDT" duration-ms="308" status="PASS">
          <reporter-output>
          </reporter-output>
        </test-method> <!-- afterClass -->
        <test-method is-config="true" signature="afterTest()[pri:0, instance:com.Mesh_TestSuites.DecisionPackages@411f53a0]" started-at="2025-06-23T09:47:52 EDT" name="afterTest" finished-at="2025-06-23T09:47:52 EDT" duration-ms="556" status="PASS">
          <reporter-output>
          </reporter-output>
        </test-method> <!-- afterTest -->
      </class> <!-- com.Mesh_TestSuites.DecisionPackages -->
    </test> <!-- Default test -->
  </suite> <!-- Default suite -->
</testng-results>
