<?xml version="1.0" encoding="UTF-8"?>
<testng-results ignored="0" total="4" passed="4" failed="0" skipped="0">
  <reporter-output>
  </reporter-output>
  <suite started-at="2025-08-20T10:52:12 EDT" name="Default suite" finished-at="2025-08-20T11:04:59 EDT" duration-ms="766824">
    <groups>
      <group name="Regression">
        <method signature="CMS_FNS_DecisionPackages_Bundle_Validation.DecisionPackage_TC_001_Verify_DecisionPackage_Creation_with_APD_as_SubmisionType()[pri:0, instance:com.Mesh_TestSuites.CMS_FNS_DecisionPackages_Bundle_Validation@2925bf5b]" name="DecisionPackage_TC_001_Verify_DecisionPackage_Creation_with_APD_as_SubmisionType" class="com.Mesh_TestSuites.CMS_FNS_DecisionPackages_Bundle_Validation"/>
        <method signature="CMS_FNS_DecisionPackages_Bundle_Validation.DecisionPackage_TC_002_Verify_DecisionPackage_Creation_with_RFP_as_SubmisionType()[pri:0, instance:com.Mesh_TestSuites.CMS_FNS_DecisionPackages_Bundle_Validation@2925bf5b]" name="DecisionPackage_TC_002_Verify_DecisionPackage_Creation_with_RFP_as_SubmisionType" class="com.Mesh_TestSuites.CMS_FNS_DecisionPackages_Bundle_Validation"/>
        <method signature="CMS_FNS_DecisionPackages_Bundle_Validation.DecisionPackage_TC_003_Verify_DecisionPackage_Creation_with_Contract_as_SubmisionType()[pri:0, instance:com.Mesh_TestSuites.CMS_FNS_DecisionPackages_Bundle_Validation@2925bf5b]" name="DecisionPackage_TC_003_Verify_DecisionPackage_Creation_with_Contract_as_SubmisionType" class="com.Mesh_TestSuites.CMS_FNS_DecisionPackages_Bundle_Validation"/>
        <method signature="CMS_FNS_DecisionPackages_Bundle_Validation.DecisionPackage_TC_004_Verify_Adding_bundle_Packages()[pri:0, instance:com.Mesh_TestSuites.CMS_FNS_DecisionPackages_Bundle_Validation@2925bf5b]" name="DecisionPackage_TC_004_Verify_Adding_bundle_Packages" class="com.Mesh_TestSuites.CMS_FNS_DecisionPackages_Bundle_Validation"/>
      </group> <!-- Regression -->
    </groups>
    <test started-at="2025-08-20T10:52:12 EDT" name="Default test" finished-at="2025-08-20T11:04:59 EDT" duration-ms="766824">
      <class name="com.Mesh_TestSuites.CMS_FNS_DecisionPackages_Bundle_Validation">
        <test-method is-config="true" signature="beforetest(org.testng.ITestContext)[pri:0, instance:com.Mesh_TestSuites.CMS_FNS_DecisionPackages_Bundle_Validation@2925bf5b]" started-at="2025-08-20T10:52:12 EDT" name="beforetest" finished-at="2025-08-20T10:52:12 EDT" duration-ms="319" status="PASS">
          <params>
            <param index="0">
              <value>
                <![CDATA[org.testng.TestRunner@61e4a072]]>
              </value>
            </param>
          </params>
          <reporter-output>
          </reporter-output>
        </test-method> <!-- beforetest -->
        <test-method is-config="true" signature="beforeClass()[pri:0, instance:com.Mesh_TestSuites.CMS_FNS_DecisionPackages_Bundle_Validation@2925bf5b]" started-at="2025-08-20T10:52:12 EDT" name="beforeClass" finished-at="2025-08-20T10:52:17 EDT" duration-ms="5015" status="PASS">
          <reporter-output>
          </reporter-output>
        </test-method> <!-- beforeClass -->
        <test-method is-config="true" signature="beofreMethod(org.testng.ITestResult)[pri:0, instance:com.Mesh_TestSuites.CMS_FNS_DecisionPackages_Bundle_Validation@2925bf5b]" started-at="2025-08-20T10:52:17 EDT" name="beofreMethod" finished-at="2025-08-20T10:52:17 EDT" duration-ms="1" status="PASS">
          <params>
            <param index="0">
              <value>
                <![CDATA[[TestResult name={null} status=CREATED method=CMS_FNS_DecisionPackages_Bundle_Validation.DecisionPackage_TC_001_Verify_DecisionPackage_Creation_with_APD_as_SubmisionType()[pri:0, instance:com.Mesh_TestSuites.CMS_FNS_DecisionPackages_Bundle_Validation@2925bf5b] output={null}]]]>
              </value>
            </param>
          </params>
          <reporter-output>
          </reporter-output>
        </test-method> <!-- beofreMethod -->
        <test-method signature="DecisionPackage_TC_001_Verify_DecisionPackage_Creation_with_APD_as_SubmisionType()[pri:0, instance:com.Mesh_TestSuites.CMS_FNS_DecisionPackages_Bundle_Validation@2925bf5b]" started-at="2025-08-20T10:52:17 EDT" name="DecisionPackage_TC_001_Verify_DecisionPackage_Creation_with_APD_as_SubmisionType" finished-at="2025-08-20T10:54:22 EDT" duration-ms="125348" status="PASS">
          <reporter-output>
          </reporter-output>
        </test-method> <!-- DecisionPackage_TC_001_Verify_DecisionPackage_Creation_with_APD_as_SubmisionType -->
        <test-method is-config="true" signature="afterMethod(org.testng.ITestResult)[pri:0, instance:com.Mesh_TestSuites.CMS_FNS_DecisionPackages_Bundle_Validation@2925bf5b]" started-at="2025-08-20T10:54:22 EDT" name="afterMethod" finished-at="2025-08-20T10:54:23 EDT" duration-ms="201" status="PASS">
          <params>
            <param index="0">
              <value>
                <![CDATA[[TestResult name=DecisionPackage_TC_001_Verify_DecisionPackage_Creation_with_APD_as_SubmisionType status=SUCCESS method=CMS_FNS_DecisionPackages_Bundle_Validation.DecisionPackage_TC_001_Verify_DecisionPackage_Creation_with_APD_as_SubmisionType()[pri:0, instance:com.Mesh_TestSuites.CMS_FNS_DecisionPackages_Bundle_Validation@2925bf5b] output={null}]]]>
              </value>
            </param>
          </params>
          <reporter-output>
          </reporter-output>
        </test-method> <!-- afterMethod -->
        <test-method signature="DecisionPackage_TC_002_Verify_DecisionPackage_Creation_with_RFP_as_SubmisionType()[pri:0, instance:com.Mesh_TestSuites.CMS_FNS_DecisionPackages_Bundle_Validation@2925bf5b]" started-at="2025-08-20T10:54:23 EDT" name="DecisionPackage_TC_002_Verify_DecisionPackage_Creation_with_RFP_as_SubmisionType" finished-at="2025-08-20T10:55:43 EDT" duration-ms="80323" status="PASS">
          <reporter-output>
          </reporter-output>
        </test-method> <!-- DecisionPackage_TC_002_Verify_DecisionPackage_Creation_with_RFP_as_SubmisionType -->
        <test-method is-config="true" signature="beofreMethod(org.testng.ITestResult)[pri:0, instance:com.Mesh_TestSuites.CMS_FNS_DecisionPackages_Bundle_Validation@2925bf5b]" started-at="2025-08-20T10:54:23 EDT" name="beofreMethod" finished-at="2025-08-20T10:54:23 EDT" duration-ms="0" status="PASS">
          <params>
            <param index="0">
              <value>
                <![CDATA[[TestResult name={null} status=CREATED method=CMS_FNS_DecisionPackages_Bundle_Validation.DecisionPackage_TC_002_Verify_DecisionPackage_Creation_with_RFP_as_SubmisionType()[pri:0, instance:com.Mesh_TestSuites.CMS_FNS_DecisionPackages_Bundle_Validation@2925bf5b] output={null}]]]>
              </value>
            </param>
          </params>
          <reporter-output>
          </reporter-output>
        </test-method> <!-- beofreMethod -->
        <test-method is-config="true" signature="afterMethod(org.testng.ITestResult)[pri:0, instance:com.Mesh_TestSuites.CMS_FNS_DecisionPackages_Bundle_Validation@2925bf5b]" started-at="2025-08-20T10:55:43 EDT" name="afterMethod" finished-at="2025-08-20T10:55:43 EDT" duration-ms="211" status="PASS">
          <params>
            <param index="0">
              <value>
                <![CDATA[[TestResult name=DecisionPackage_TC_002_Verify_DecisionPackage_Creation_with_RFP_as_SubmisionType status=SUCCESS method=CMS_FNS_DecisionPackages_Bundle_Validation.DecisionPackage_TC_002_Verify_DecisionPackage_Creation_with_RFP_as_SubmisionType()[pri:0, instance:com.Mesh_TestSuites.CMS_FNS_DecisionPackages_Bundle_Validation@2925bf5b] output={null}]]]>
              </value>
            </param>
          </params>
          <reporter-output>
          </reporter-output>
        </test-method> <!-- afterMethod -->
        <test-method signature="DecisionPackage_TC_003_Verify_DecisionPackage_Creation_with_Contract_as_SubmisionType()[pri:0, instance:com.Mesh_TestSuites.CMS_FNS_DecisionPackages_Bundle_Validation@2925bf5b]" started-at="2025-08-20T10:55:43 EDT" name="DecisionPackage_TC_003_Verify_DecisionPackage_Creation_with_Contract_as_SubmisionType" finished-at="2025-08-20T10:57:18 EDT" duration-ms="94626" status="PASS">
          <reporter-output>
          </reporter-output>
        </test-method> <!-- DecisionPackage_TC_003_Verify_DecisionPackage_Creation_with_Contract_as_SubmisionType -->
        <test-method is-config="true" signature="beofreMethod(org.testng.ITestResult)[pri:0, instance:com.Mesh_TestSuites.CMS_FNS_DecisionPackages_Bundle_Validation@2925bf5b]" started-at="2025-08-20T10:55:43 EDT" name="beofreMethod" finished-at="2025-08-20T10:55:43 EDT" duration-ms="0" status="PASS">
          <params>
            <param index="0">
              <value>
                <![CDATA[[TestResult name={null} status=CREATED method=CMS_FNS_DecisionPackages_Bundle_Validation.DecisionPackage_TC_003_Verify_DecisionPackage_Creation_with_Contract_as_SubmisionType()[pri:0, instance:com.Mesh_TestSuites.CMS_FNS_DecisionPackages_Bundle_Validation@2925bf5b] output={null}]]]>
              </value>
            </param>
          </params>
          <reporter-output>
          </reporter-output>
        </test-method> <!-- beofreMethod -->
        <test-method is-config="true" signature="afterMethod(org.testng.ITestResult)[pri:0, instance:com.Mesh_TestSuites.CMS_FNS_DecisionPackages_Bundle_Validation@2925bf5b]" started-at="2025-08-20T10:57:18 EDT" name="afterMethod" finished-at="2025-08-20T10:57:18 EDT" duration-ms="214" status="PASS">
          <params>
            <param index="0">
              <value>
                <![CDATA[[TestResult name=DecisionPackage_TC_003_Verify_DecisionPackage_Creation_with_Contract_as_SubmisionType status=SUCCESS method=CMS_FNS_DecisionPackages_Bundle_Validation.DecisionPackage_TC_003_Verify_DecisionPackage_Creation_with_Contract_as_SubmisionType()[pri:0, instance:com.Mesh_TestSuites.CMS_FNS_DecisionPackages_Bundle_Validation@2925bf5b] output={null}]]]>
              </value>
            </param>
          </params>
          <reporter-output>
          </reporter-output>
        </test-method> <!-- afterMethod -->
        <test-method is-config="true" signature="beofreMethod(org.testng.ITestResult)[pri:0, instance:com.Mesh_TestSuites.CMS_FNS_DecisionPackages_Bundle_Validation@2925bf5b]" started-at="2025-08-20T10:57:18 EDT" name="beofreMethod" finished-at="2025-08-20T10:57:18 EDT" duration-ms="0" status="PASS">
          <params>
            <param index="0">
              <value>
                <![CDATA[[TestResult name={null} status=CREATED method=CMS_FNS_DecisionPackages_Bundle_Validation.DecisionPackage_TC_004_Verify_Adding_bundle_Packages()[pri:0, instance:com.Mesh_TestSuites.CMS_FNS_DecisionPackages_Bundle_Validation@2925bf5b] output={null}]]]>
              </value>
            </param>
          </params>
          <reporter-output>
          </reporter-output>
        </test-method> <!-- beofreMethod -->
        <test-method signature="DecisionPackage_TC_004_Verify_Adding_bundle_Packages()[pri:0, instance:com.Mesh_TestSuites.CMS_FNS_DecisionPackages_Bundle_Validation@2925bf5b]" started-at="2025-08-20T10:57:18 EDT" name="DecisionPackage_TC_004_Verify_Adding_bundle_Packages" finished-at="2025-08-20T11:04:58 EDT" duration-ms="459790" status="PASS">
          <reporter-output>
          </reporter-output>
        </test-method> <!-- DecisionPackage_TC_004_Verify_Adding_bundle_Packages -->
        <test-method is-config="true" signature="afterMethod(org.testng.ITestResult)[pri:0, instance:com.Mesh_TestSuites.CMS_FNS_DecisionPackages_Bundle_Validation@2925bf5b]" started-at="2025-08-20T11:04:58 EDT" name="afterMethod" finished-at="2025-08-20T11:04:58 EDT" duration-ms="158" status="PASS">
          <params>
            <param index="0">
              <value>
                <![CDATA[[TestResult name=DecisionPackage_TC_004_Verify_Adding_bundle_Packages status=SUCCESS method=CMS_FNS_DecisionPackages_Bundle_Validation.DecisionPackage_TC_004_Verify_Adding_bundle_Packages()[pri:0, instance:com.Mesh_TestSuites.CMS_FNS_DecisionPackages_Bundle_Validation@2925bf5b] output={null}]]]>
              </value>
            </param>
          </params>
          <reporter-output>
          </reporter-output>
        </test-method> <!-- afterMethod -->
        <test-method is-config="true" signature="afterClass()[pri:0, instance:com.Mesh_TestSuites.CMS_FNS_DecisionPackages_Bundle_Validation@2925bf5b]" started-at="2025-08-20T11:04:58 EDT" name="afterClass" finished-at="2025-08-20T11:04:58 EDT" duration-ms="1" status="PASS">
          <reporter-output>
          </reporter-output>
        </test-method> <!-- afterClass -->
        <test-method is-config="true" signature="afterTest()[pri:0, instance:com.Mesh_TestSuites.CMS_FNS_DecisionPackages_Bundle_Validation@2925bf5b]" started-at="2025-08-20T11:04:58 EDT" name="afterTest" finished-at="2025-08-20T11:04:59 EDT" duration-ms="553" status="PASS">
          <reporter-output>
          </reporter-output>
        </test-method> <!-- afterTest -->
      </class> <!-- com.Mesh_TestSuites.CMS_FNS_DecisionPackages_Bundle_Validation -->
    </test> <!-- Default test -->
  </suite> <!-- Default suite -->
</testng-results>
