<?xml version="1.0" encoding="UTF-8"?>
<testng-results ignored="0" total="4" passed="4" failed="0" skipped="0">
  <reporter-output>
  </reporter-output>
  <suite started-at="2025-11-27T08:59:59 EST" name="Default suite" finished-at="2025-11-27T09:06:42 EST" duration-ms="402961">
    <groups>
    </groups>
    <test started-at="2025-11-27T08:59:59 EST" name="Default test" finished-at="2025-11-27T09:06:42 EST" duration-ms="402961">
      <class name="com.Mesh_TestSuites.Escalation_Tracking">
        <test-method is-config="true" signature="beforetest(org.testng.ITestContext)[pri:0, instance:com.Mesh_TestSuites.Escalation_Tracking@6b2ea799]" started-at="2025-11-27T08:59:59 EST" name="beforetest" finished-at="2025-11-27T08:59:59 EST" duration-ms="432" status="PASS">
          <params>
            <param index="0">
              <value>
                <![CDATA[org.testng.TestRunner@57777c23]]>
              </value>
            </param>
          </params>
          <reporter-output>
          </reporter-output>
        </test-method> <!-- beforetest -->
        <test-method is-config="true" signature="beforeClass()[pri:0, instance:com.Mesh_TestSuites.Escalation_Tracking@6b2ea799]" started-at="2025-11-27T08:59:59 EST" name="beforeClass" finished-at="2025-11-27T09:00:07 EST" duration-ms="7540" status="PASS">
          <reporter-output>
          </reporter-output>
        </test-method> <!-- beforeClass -->
        <test-method is-config="true" signature="beofreMethod(org.testng.ITestResult)[pri:0, instance:com.Mesh_TestSuites.Escalation_Tracking@6b2ea799]" started-at="2025-11-27T09:00:07 EST" name="beofreMethod" finished-at="2025-11-27T09:00:07 EST" duration-ms="3" status="PASS">
          <params>
            <param index="0">
              <value>
                <![CDATA[[TestResult name={null} status=CREATED method=Escalation_Tracking.TC_001_Verify_Creation_Of_New_Escalation_Tracking()[pri:0, instance:com.Mesh_TestSuites.Escalation_Tracking@6b2ea799] output={null}]]]>
              </value>
            </param>
          </params>
          <reporter-output>
          </reporter-output>
        </test-method> <!-- beofreMethod -->
        <test-method signature="TC_001_Verify_Creation_Of_New_Escalation_Tracking()[pri:0, instance:com.Mesh_TestSuites.Escalation_Tracking@6b2ea799]" started-at="2025-11-27T09:00:07 EST" name="TC_001_Verify_Creation_Of_New_Escalation_Tracking" finished-at="2025-11-27T09:01:59 EST" duration-ms="112749" status="PASS">
          <reporter-output>
          </reporter-output>
        </test-method> <!-- TC_001_Verify_Creation_Of_New_Escalation_Tracking -->
        <test-method is-config="true" signature="afterMethod(org.testng.ITestResult)[pri:0, instance:com.Mesh_TestSuites.Escalation_Tracking@6b2ea799]" started-at="2025-11-27T09:01:59 EST" name="afterMethod" finished-at="2025-11-27T09:02:00 EST" duration-ms="298" status="PASS">
          <params>
            <param index="0">
              <value>
                <![CDATA[[TestResult name=TC_001_Verify_Creation_Of_New_Escalation_Tracking status=SUCCESS method=Escalation_Tracking.TC_001_Verify_Creation_Of_New_Escalation_Tracking()[pri:0, instance:com.Mesh_TestSuites.Escalation_Tracking@6b2ea799] output={null}]]]>
              </value>
            </param>
          </params>
          <reporter-output>
          </reporter-output>
        </test-method> <!-- afterMethod -->
        <test-method is-config="true" signature="beofreMethod(org.testng.ITestResult)[pri:0, instance:com.Mesh_TestSuites.Escalation_Tracking@6b2ea799]" started-at="2025-11-27T09:02:00 EST" name="beofreMethod" finished-at="2025-11-27T09:02:00 EST" duration-ms="2" status="PASS">
          <params>
            <param index="0">
              <value>
                <![CDATA[[TestResult name={null} status=CREATED method=Escalation_Tracking.TC_002_Verify_Escalation_Tracking_NoActionNeede()[pri:0, instance:com.Mesh_TestSuites.Escalation_Tracking@6b2ea799] output={null}]]]>
              </value>
            </param>
          </params>
          <reporter-output>
          </reporter-output>
        </test-method> <!-- beofreMethod -->
        <test-method signature="TC_002_Verify_Escalation_Tracking_NoActionNeede()[pri:0, instance:com.Mesh_TestSuites.Escalation_Tracking@6b2ea799]" started-at="2025-11-27T09:02:00 EST" name="TC_002_Verify_Escalation_Tracking_NoActionNeede" finished-at="2025-11-27T09:03:09 EST" duration-ms="69208" status="PASS">
          <reporter-output>
          </reporter-output>
        </test-method> <!-- TC_002_Verify_Escalation_Tracking_NoActionNeede -->
        <test-method is-config="true" signature="afterMethod(org.testng.ITestResult)[pri:0, instance:com.Mesh_TestSuites.Escalation_Tracking@6b2ea799]" started-at="2025-11-27T09:03:09 EST" name="afterMethod" finished-at="2025-11-27T09:03:09 EST" duration-ms="304" status="PASS">
          <params>
            <param index="0">
              <value>
                <![CDATA[[TestResult name=TC_002_Verify_Escalation_Tracking_NoActionNeede status=SUCCESS method=Escalation_Tracking.TC_002_Verify_Escalation_Tracking_NoActionNeede()[pri:0, instance:com.Mesh_TestSuites.Escalation_Tracking@6b2ea799] output={null}]]]>
              </value>
            </param>
          </params>
          <reporter-output>
          </reporter-output>
        </test-method> <!-- afterMethod -->
        <test-method is-config="true" signature="beofreMethod(org.testng.ITestResult)[pri:0, instance:com.Mesh_TestSuites.Escalation_Tracking@6b2ea799]" started-at="2025-11-27T09:03:09 EST" name="beofreMethod" finished-at="2025-11-27T09:03:09 EST" duration-ms="1" status="PASS">
          <params>
            <param index="0">
              <value>
                <![CDATA[[TestResult name={null} status=CREATED method=Escalation_Tracking.TC_003_Verify_Escalation_Tracking_Other_Reason()[pri:0, instance:com.Mesh_TestSuites.Escalation_Tracking@6b2ea799] output={null}]]]>
              </value>
            </param>
          </params>
          <reporter-output>
          </reporter-output>
        </test-method> <!-- beofreMethod -->
        <test-method signature="TC_003_Verify_Escalation_Tracking_Other_Reason()[pri:0, instance:com.Mesh_TestSuites.Escalation_Tracking@6b2ea799]" started-at="2025-11-27T09:03:09 EST" name="TC_003_Verify_Escalation_Tracking_Other_Reason" finished-at="2025-11-27T09:05:11 EST" duration-ms="121984" status="PASS">
          <reporter-output>
          </reporter-output>
        </test-method> <!-- TC_003_Verify_Escalation_Tracking_Other_Reason -->
        <test-method is-config="true" signature="afterMethod(org.testng.ITestResult)[pri:0, instance:com.Mesh_TestSuites.Escalation_Tracking@6b2ea799]" started-at="2025-11-27T09:05:11 EST" name="afterMethod" finished-at="2025-11-27T09:05:12 EST" duration-ms="346" status="PASS">
          <params>
            <param index="0">
              <value>
                <![CDATA[[TestResult name=TC_003_Verify_Escalation_Tracking_Other_Reason status=SUCCESS method=Escalation_Tracking.TC_003_Verify_Escalation_Tracking_Other_Reason()[pri:0, instance:com.Mesh_TestSuites.Escalation_Tracking@6b2ea799] output={null}]]]>
              </value>
            </param>
          </params>
          <reporter-output>
          </reporter-output>
        </test-method> <!-- afterMethod -->
        <test-method is-config="true" signature="beofreMethod(org.testng.ITestResult)[pri:0, instance:com.Mesh_TestSuites.Escalation_Tracking@6b2ea799]" started-at="2025-11-27T09:05:12 EST" name="beofreMethod" finished-at="2025-11-27T09:05:12 EST" duration-ms="1" status="PASS">
          <params>
            <param index="0">
              <value>
                <![CDATA[[TestResult name={null} status=CREATED method=Escalation_Tracking.TC_004_Verify_Escalation_Tracking_Return_Item()[pri:0, instance:com.Mesh_TestSuites.Escalation_Tracking@6b2ea799] output={null}]]]>
              </value>
            </param>
          </params>
          <reporter-output>
          </reporter-output>
        </test-method> <!-- beofreMethod -->
        <test-method signature="TC_004_Verify_Escalation_Tracking_Return_Item()[pri:0, instance:com.Mesh_TestSuites.Escalation_Tracking@6b2ea799]" started-at="2025-11-27T09:05:12 EST" name="TC_004_Verify_Escalation_Tracking_Return_Item" finished-at="2025-11-27T09:06:40 EST" duration-ms="88875" status="PASS">
          <reporter-output>
          </reporter-output>
        </test-method> <!-- TC_004_Verify_Escalation_Tracking_Return_Item -->
        <test-method is-config="true" signature="afterMethod(org.testng.ITestResult)[pri:0, instance:com.Mesh_TestSuites.Escalation_Tracking@6b2ea799]" started-at="2025-11-27T09:06:40 EST" name="afterMethod" finished-at="2025-11-27T09:06:41 EST" duration-ms="285" status="PASS">
          <params>
            <param index="0">
              <value>
                <![CDATA[[TestResult name=TC_004_Verify_Escalation_Tracking_Return_Item status=SUCCESS method=Escalation_Tracking.TC_004_Verify_Escalation_Tracking_Return_Item()[pri:0, instance:com.Mesh_TestSuites.Escalation_Tracking@6b2ea799] output={null}]]]>
              </value>
            </param>
          </params>
          <reporter-output>
          </reporter-output>
        </test-method> <!-- afterMethod -->
        <test-method is-config="true" signature="afterClass()[pri:0, instance:com.Mesh_TestSuites.Escalation_Tracking@6b2ea799]" started-at="2025-11-27T09:06:41 EST" name="afterClass" finished-at="2025-11-27T09:06:41 EST" duration-ms="1" status="PASS">
          <reporter-output>
          </reporter-output>
        </test-method> <!-- afterClass -->
        <test-method is-config="true" signature="afterTest()[pri:0, instance:com.Mesh_TestSuites.Escalation_Tracking@6b2ea799]" started-at="2025-11-27T09:06:41 EST" name="afterTest" finished-at="2025-11-27T09:06:42 EST" duration-ms="846" status="PASS">
          <reporter-output>
          </reporter-output>
        </test-method> <!-- afterTest -->
      </class> <!-- com.Mesh_TestSuites.Escalation_Tracking -->
    </test> <!-- Default test -->
  </suite> <!-- Default suite -->
</testng-results>
