<?xml version="1.0" encoding="UTF-8"?>
<testng-results ignored="0" total="5" passed="5" failed="0" skipped="0">
  <reporter-output>
  </reporter-output>
  <suite started-at="2025-09-23T20:28:43 EDT" name="Default suite" finished-at="2025-09-23T20:46:14 EDT" duration-ms="1051079">
    <groups>
      <group name="Regression">
        <method signature="CMS_FNS_DecisionPackages_Bundle_Validation.DecisionPackage_TC_001_Verify_DecisionPackage_Creation_with_APD_as_SubmisionType()[pri:0, instance:com.Mesh_TestSuites.CMS_FNS_DecisionPackages_Bundle_Validation@710f4dc7]" name="DecisionPackage_TC_001_Verify_DecisionPackage_Creation_with_APD_as_SubmisionType" class="com.Mesh_TestSuites.CMS_FNS_DecisionPackages_Bundle_Validation"/>
        <method signature="CMS_FNS_DecisionPackages_Bundle_Validation.DecisionPackage_TC_002_Verify_DecisionPackage_Creation_with_RFP_as_SubmisionType()[pri:0, instance:com.Mesh_TestSuites.CMS_FNS_DecisionPackages_Bundle_Validation@710f4dc7]" name="DecisionPackage_TC_002_Verify_DecisionPackage_Creation_with_RFP_as_SubmisionType" class="com.Mesh_TestSuites.CMS_FNS_DecisionPackages_Bundle_Validation"/>
        <method signature="CMS_FNS_DecisionPackages_Bundle_Validation.DecisionPackage_TC_003_Verify_DecisionPackage_Creation_with_Contract_as_SubmisionType()[pri:0, instance:com.Mesh_TestSuites.CMS_FNS_DecisionPackages_Bundle_Validation@710f4dc7]" name="DecisionPackage_TC_003_Verify_DecisionPackage_Creation_with_Contract_as_SubmisionType" class="com.Mesh_TestSuites.CMS_FNS_DecisionPackages_Bundle_Validation"/>
        <method signature="CMS_FNS_DecisionPackages_Bundle_Validation.DecisionPackage_TC_004_Verify_Adding_bundle_Packages()[pri:0, instance:com.Mesh_TestSuites.CMS_FNS_DecisionPackages_Bundle_Validation@710f4dc7]" name="DecisionPackage_TC_004_Verify_Adding_bundle_Packages" class="com.Mesh_TestSuites.CMS_FNS_DecisionPackages_Bundle_Validation"/>
        <method signature="CMS_FNS_DecisionPackages_Bundle_Validation.DecisionPackage_TC_005_Verify_Package_Completion_Flow()[pri:0, instance:com.Mesh_TestSuites.CMS_FNS_DecisionPackages_Bundle_Validation@710f4dc7]" name="DecisionPackage_TC_005_Verify_Package_Completion_Flow" class="com.Mesh_TestSuites.CMS_FNS_DecisionPackages_Bundle_Validation"/>
      </group> <!-- Regression -->
    </groups>
    <test started-at="2025-09-23T20:28:43 EDT" name="Default test" finished-at="2025-09-23T20:46:14 EDT" duration-ms="1051079">
      <class name="com.Mesh_TestSuites.CMS_FNS_DecisionPackages_Bundle_Validation">
        <test-method is-config="true" signature="beforetest(org.testng.ITestContext)[pri:0, instance:com.Mesh_TestSuites.CMS_FNS_DecisionPackages_Bundle_Validation@710f4dc7]" started-at="2025-09-23T20:28:43 EDT" name="beforetest" finished-at="2025-09-23T20:28:43 EDT" duration-ms="257" status="PASS">
          <params>
            <param index="0">
              <value>
                <![CDATA[org.testng.TestRunner@4be7661]]>
              </value>
            </param>
          </params>
          <reporter-output>
          </reporter-output>
        </test-method> <!-- beforetest -->
        <test-method is-config="true" signature="beforeClass()[pri:0, instance:com.Mesh_TestSuites.CMS_FNS_DecisionPackages_Bundle_Validation@710f4dc7]" started-at="2025-09-23T20:28:43 EDT" name="beforeClass" finished-at="2025-09-23T20:28:51 EDT" duration-ms="8005" status="PASS">
          <reporter-output>
          </reporter-output>
        </test-method> <!-- beforeClass -->
        <test-method is-config="true" signature="beofreMethod(org.testng.ITestResult)[pri:0, instance:com.Mesh_TestSuites.CMS_FNS_DecisionPackages_Bundle_Validation@710f4dc7]" started-at="2025-09-23T20:28:51 EDT" name="beofreMethod" finished-at="2025-09-23T20:28:51 EDT" duration-ms="0" status="PASS">
          <params>
            <param index="0">
              <value>
                <![CDATA[[TestResult name={null} status=CREATED method=CMS_FNS_DecisionPackages_Bundle_Validation.DecisionPackage_TC_001_Verify_DecisionPackage_Creation_with_APD_as_SubmisionType()[pri:0, instance:com.Mesh_TestSuites.CMS_FNS_DecisionPackages_Bundle_Validation@710f4dc7] output={null}]]]>
              </value>
            </param>
          </params>
          <reporter-output>
          </reporter-output>
        </test-method> <!-- beofreMethod -->
        <test-method signature="DecisionPackage_TC_001_Verify_DecisionPackage_Creation_with_APD_as_SubmisionType()[pri:0, instance:com.Mesh_TestSuites.CMS_FNS_DecisionPackages_Bundle_Validation@710f4dc7]" started-at="2025-09-23T20:28:51 EDT" name="DecisionPackage_TC_001_Verify_DecisionPackage_Creation_with_APD_as_SubmisionType" finished-at="2025-09-23T20:30:55 EDT" duration-ms="124146" status="PASS">
          <reporter-output>
          </reporter-output>
        </test-method> <!-- DecisionPackage_TC_001_Verify_DecisionPackage_Creation_with_APD_as_SubmisionType -->
        <test-method is-config="true" signature="afterMethod(org.testng.ITestResult)[pri:0, instance:com.Mesh_TestSuites.CMS_FNS_DecisionPackages_Bundle_Validation@710f4dc7]" started-at="2025-09-23T20:30:55 EDT" name="afterMethod" finished-at="2025-09-23T20:30:55 EDT" duration-ms="193" status="PASS">
          <params>
            <param index="0">
              <value>
                <![CDATA[[TestResult name=DecisionPackage_TC_001_Verify_DecisionPackage_Creation_with_APD_as_SubmisionType status=SUCCESS method=CMS_FNS_DecisionPackages_Bundle_Validation.DecisionPackage_TC_001_Verify_DecisionPackage_Creation_with_APD_as_SubmisionType()[pri:0, instance:com.Mesh_TestSuites.CMS_FNS_DecisionPackages_Bundle_Validation@710f4dc7] output={null}]]]>
              </value>
            </param>
          </params>
          <reporter-output>
          </reporter-output>
        </test-method> <!-- afterMethod -->
        <test-method signature="DecisionPackage_TC_002_Verify_DecisionPackage_Creation_with_RFP_as_SubmisionType()[pri:0, instance:com.Mesh_TestSuites.CMS_FNS_DecisionPackages_Bundle_Validation@710f4dc7]" started-at="2025-09-23T20:30:55 EDT" name="DecisionPackage_TC_002_Verify_DecisionPackage_Creation_with_RFP_as_SubmisionType" finished-at="2025-09-23T20:32:16 EDT" duration-ms="80251" status="PASS">
          <reporter-output>
          </reporter-output>
        </test-method> <!-- DecisionPackage_TC_002_Verify_DecisionPackage_Creation_with_RFP_as_SubmisionType -->
        <test-method is-config="true" signature="beofreMethod(org.testng.ITestResult)[pri:0, instance:com.Mesh_TestSuites.CMS_FNS_DecisionPackages_Bundle_Validation@710f4dc7]" started-at="2025-09-23T20:30:55 EDT" name="beofreMethod" finished-at="2025-09-23T20:30:55 EDT" duration-ms="0" status="PASS">
          <params>
            <param index="0">
              <value>
                <![CDATA[[TestResult name={null} status=CREATED method=CMS_FNS_DecisionPackages_Bundle_Validation.DecisionPackage_TC_002_Verify_DecisionPackage_Creation_with_RFP_as_SubmisionType()[pri:0, instance:com.Mesh_TestSuites.CMS_FNS_DecisionPackages_Bundle_Validation@710f4dc7] output={null}]]]>
              </value>
            </param>
          </params>
          <reporter-output>
          </reporter-output>
        </test-method> <!-- beofreMethod -->
        <test-method is-config="true" signature="afterMethod(org.testng.ITestResult)[pri:0, instance:com.Mesh_TestSuites.CMS_FNS_DecisionPackages_Bundle_Validation@710f4dc7]" started-at="2025-09-23T20:32:16 EDT" name="afterMethod" finished-at="2025-09-23T20:32:16 EDT" duration-ms="135" status="PASS">
          <params>
            <param index="0">
              <value>
                <![CDATA[[TestResult name=DecisionPackage_TC_002_Verify_DecisionPackage_Creation_with_RFP_as_SubmisionType status=SUCCESS method=CMS_FNS_DecisionPackages_Bundle_Validation.DecisionPackage_TC_002_Verify_DecisionPackage_Creation_with_RFP_as_SubmisionType()[pri:0, instance:com.Mesh_TestSuites.CMS_FNS_DecisionPackages_Bundle_Validation@710f4dc7] output={null}]]]>
              </value>
            </param>
          </params>
          <reporter-output>
          </reporter-output>
        </test-method> <!-- afterMethod -->
        <test-method is-config="true" signature="beofreMethod(org.testng.ITestResult)[pri:0, instance:com.Mesh_TestSuites.CMS_FNS_DecisionPackages_Bundle_Validation@710f4dc7]" started-at="2025-09-23T20:32:16 EDT" name="beofreMethod" finished-at="2025-09-23T20:32:16 EDT" duration-ms="1" status="PASS">
          <params>
            <param index="0">
              <value>
                <![CDATA[[TestResult name={null} status=CREATED method=CMS_FNS_DecisionPackages_Bundle_Validation.DecisionPackage_TC_003_Verify_DecisionPackage_Creation_with_Contract_as_SubmisionType()[pri:0, instance:com.Mesh_TestSuites.CMS_FNS_DecisionPackages_Bundle_Validation@710f4dc7] output={null}]]]>
              </value>
            </param>
          </params>
          <reporter-output>
          </reporter-output>
        </test-method> <!-- beofreMethod -->
        <test-method signature="DecisionPackage_TC_003_Verify_DecisionPackage_Creation_with_Contract_as_SubmisionType()[pri:0, instance:com.Mesh_TestSuites.CMS_FNS_DecisionPackages_Bundle_Validation@710f4dc7]" started-at="2025-09-23T20:32:16 EDT" name="DecisionPackage_TC_003_Verify_DecisionPackage_Creation_with_Contract_as_SubmisionType" finished-at="2025-09-23T20:33:52 EDT" duration-ms="96373" status="PASS">
          <reporter-output>
          </reporter-output>
        </test-method> <!-- DecisionPackage_TC_003_Verify_DecisionPackage_Creation_with_Contract_as_SubmisionType -->
        <test-method is-config="true" signature="afterMethod(org.testng.ITestResult)[pri:0, instance:com.Mesh_TestSuites.CMS_FNS_DecisionPackages_Bundle_Validation@710f4dc7]" started-at="2025-09-23T20:33:52 EDT" name="afterMethod" finished-at="2025-09-23T20:33:52 EDT" duration-ms="180" status="PASS">
          <params>
            <param index="0">
              <value>
                <![CDATA[[TestResult name=DecisionPackage_TC_003_Verify_DecisionPackage_Creation_with_Contract_as_SubmisionType status=SUCCESS method=CMS_FNS_DecisionPackages_Bundle_Validation.DecisionPackage_TC_003_Verify_DecisionPackage_Creation_with_Contract_as_SubmisionType()[pri:0, instance:com.Mesh_TestSuites.CMS_FNS_DecisionPackages_Bundle_Validation@710f4dc7] output={null}]]]>
              </value>
            </param>
          </params>
          <reporter-output>
          </reporter-output>
        </test-method> <!-- afterMethod -->
        <test-method is-config="true" signature="beofreMethod(org.testng.ITestResult)[pri:0, instance:com.Mesh_TestSuites.CMS_FNS_DecisionPackages_Bundle_Validation@710f4dc7]" started-at="2025-09-23T20:33:52 EDT" name="beofreMethod" finished-at="2025-09-23T20:33:52 EDT" duration-ms="1" status="PASS">
          <params>
            <param index="0">
              <value>
                <![CDATA[[TestResult name={null} status=CREATED method=CMS_FNS_DecisionPackages_Bundle_Validation.DecisionPackage_TC_004_Verify_Adding_bundle_Packages()[pri:0, instance:com.Mesh_TestSuites.CMS_FNS_DecisionPackages_Bundle_Validation@710f4dc7] output={null}]]]>
              </value>
            </param>
          </params>
          <reporter-output>
          </reporter-output>
        </test-method> <!-- beofreMethod -->
        <test-method signature="DecisionPackage_TC_004_Verify_Adding_bundle_Packages()[pri:0, instance:com.Mesh_TestSuites.CMS_FNS_DecisionPackages_Bundle_Validation@710f4dc7]" started-at="2025-09-23T20:33:52 EDT" name="DecisionPackage_TC_004_Verify_Adding_bundle_Packages" finished-at="2025-09-23T20:41:08 EDT" duration-ms="435845" status="PASS">
          <reporter-output>
          </reporter-output>
        </test-method> <!-- DecisionPackage_TC_004_Verify_Adding_bundle_Packages -->
        <test-method is-config="true" signature="afterMethod(org.testng.ITestResult)[pri:0, instance:com.Mesh_TestSuites.CMS_FNS_DecisionPackages_Bundle_Validation@710f4dc7]" started-at="2025-09-23T20:41:08 EDT" name="afterMethod" finished-at="2025-09-23T20:41:08 EDT" duration-ms="236" status="PASS">
          <params>
            <param index="0">
              <value>
                <![CDATA[[TestResult name=DecisionPackage_TC_004_Verify_Adding_bundle_Packages status=SUCCESS method=CMS_FNS_DecisionPackages_Bundle_Validation.DecisionPackage_TC_004_Verify_Adding_bundle_Packages()[pri:0, instance:com.Mesh_TestSuites.CMS_FNS_DecisionPackages_Bundle_Validation@710f4dc7] output={null}]]]>
              </value>
            </param>
          </params>
          <reporter-output>
          </reporter-output>
        </test-method> <!-- afterMethod -->
        <test-method is-config="true" signature="beofreMethod(org.testng.ITestResult)[pri:0, instance:com.Mesh_TestSuites.CMS_FNS_DecisionPackages_Bundle_Validation@710f4dc7]" started-at="2025-09-23T20:41:08 EDT" name="beofreMethod" finished-at="2025-09-23T20:41:08 EDT" duration-ms="0" status="PASS">
          <params>
            <param index="0">
              <value>
                <![CDATA[[TestResult name={null} status=CREATED method=CMS_FNS_DecisionPackages_Bundle_Validation.DecisionPackage_TC_005_Verify_Package_Completion_Flow()[pri:0, instance:com.Mesh_TestSuites.CMS_FNS_DecisionPackages_Bundle_Validation@710f4dc7] output={null}]]]>
              </value>
            </param>
          </params>
          <reporter-output>
          </reporter-output>
        </test-method> <!-- beofreMethod -->
        <test-method signature="DecisionPackage_TC_005_Verify_Package_Completion_Flow()[pri:0, instance:com.Mesh_TestSuites.CMS_FNS_DecisionPackages_Bundle_Validation@710f4dc7]" started-at="2025-09-23T20:41:08 EDT" name="DecisionPackage_TC_005_Verify_Package_Completion_Flow" finished-at="2025-09-23T20:46:13 EDT" duration-ms="304384" status="PASS">
          <reporter-output>
          </reporter-output>
        </test-method> <!-- DecisionPackage_TC_005_Verify_Package_Completion_Flow -->
        <test-method is-config="true" signature="afterMethod(org.testng.ITestResult)[pri:0, instance:com.Mesh_TestSuites.CMS_FNS_DecisionPackages_Bundle_Validation@710f4dc7]" started-at="2025-09-23T20:46:13 EDT" name="afterMethod" finished-at="2025-09-23T20:46:13 EDT" duration-ms="211" status="PASS">
          <params>
            <param index="0">
              <value>
                <![CDATA[[TestResult name=DecisionPackage_TC_005_Verify_Package_Completion_Flow status=SUCCESS method=CMS_FNS_DecisionPackages_Bundle_Validation.DecisionPackage_TC_005_Verify_Package_Completion_Flow()[pri:0, instance:com.Mesh_TestSuites.CMS_FNS_DecisionPackages_Bundle_Validation@710f4dc7] output={null}]]]>
              </value>
            </param>
          </params>
          <reporter-output>
          </reporter-output>
        </test-method> <!-- afterMethod -->
        <test-method is-config="true" signature="afterClass()[pri:0, instance:com.Mesh_TestSuites.CMS_FNS_DecisionPackages_Bundle_Validation@710f4dc7]" started-at="2025-09-23T20:46:13 EDT" name="afterClass" finished-at="2025-09-23T20:46:13 EDT" duration-ms="0" status="PASS">
          <reporter-output>
          </reporter-output>
        </test-method> <!-- afterClass -->
        <test-method is-config="true" signature="afterTest()[pri:0, instance:com.Mesh_TestSuites.CMS_FNS_DecisionPackages_Bundle_Validation@710f4dc7]" started-at="2025-09-23T20:46:13 EDT" name="afterTest" finished-at="2025-09-23T20:46:14 EDT" duration-ms="826" status="PASS">
          <reporter-output>
          </reporter-output>
        </test-method> <!-- afterTest -->
      </class> <!-- com.Mesh_TestSuites.CMS_FNS_DecisionPackages_Bundle_Validation -->
    </test> <!-- Default test -->
  </suite> <!-- Default suite -->
</testng-results>
