<?xml version="1.0" encoding="UTF-8"?>
<testng-results ignored="0" total="1" passed="1" failed="0" skipped="0">
  <reporter-output>
  </reporter-output>
  <suite started-at="2025-10-21T09:08:22 EDT" name="Default suite" finished-at="2025-10-21T09:09:41 EDT" duration-ms="79312">
    <groups>
    </groups>
    <test started-at="2025-10-21T09:08:22 EDT" name="Default test" finished-at="2025-10-21T09:09:41 EDT" duration-ms="79312">
      <class name="com.Mesh_TestSuites.Escalation_Tracking">
        <test-method is-config="true" signature="beforetest(org.testng.ITestContext)[pri:0, instance:com.Mesh_TestSuites.Escalation_Tracking@5e0e82ae]" started-at="2025-10-21T09:08:22 EDT" name="beforetest" finished-at="2025-10-21T09:08:22 EDT" duration-ms="198" status="PASS">
          <params>
            <param index="0">
              <value>
                <![CDATA[org.testng.TestRunner@24fba488]]>
              </value>
            </param>
          </params>
          <reporter-output>
          </reporter-output>
        </test-method> <!-- beforetest -->
        <test-method is-config="true" signature="beforeClass()[pri:0, instance:com.Mesh_TestSuites.Escalation_Tracking@5e0e82ae]" started-at="2025-10-21T09:08:22 EDT" name="beforeClass" finished-at="2025-10-21T09:08:27 EDT" duration-ms="5175" status="PASS">
          <reporter-output>
          </reporter-output>
        </test-method> <!-- beforeClass -->
        <test-method is-config="true" signature="beofreMethod(org.testng.ITestResult)[pri:0, instance:com.Mesh_TestSuites.Escalation_Tracking@5e0e82ae]" started-at="2025-10-21T09:08:28 EDT" name="beofreMethod" finished-at="2025-10-21T09:08:28 EDT" duration-ms="2" status="PASS">
          <params>
            <param index="0">
              <value>
                <![CDATA[[TestResult name={null} status=CREATED method=Escalation_Tracking.TC_001_Verify_Creation_Of_New_Escalation_Tracking()[pri:0, instance:com.Mesh_TestSuites.Escalation_Tracking@5e0e82ae] output={null}]]]>
              </value>
            </param>
          </params>
          <reporter-output>
          </reporter-output>
        </test-method> <!-- beofreMethod -->
        <test-method signature="TC_001_Verify_Creation_Of_New_Escalation_Tracking()[pri:0, instance:com.Mesh_TestSuites.Escalation_Tracking@5e0e82ae]" started-at="2025-10-21T09:08:28 EDT" name="TC_001_Verify_Creation_Of_New_Escalation_Tracking" finished-at="2025-10-21T09:09:41 EDT" duration-ms="73222" status="PASS">
          <reporter-output>
          </reporter-output>
        </test-method> <!-- TC_001_Verify_Creation_Of_New_Escalation_Tracking -->
        <test-method is-config="true" signature="afterMethod(org.testng.ITestResult)[pri:0, instance:com.Mesh_TestSuites.Escalation_Tracking@5e0e82ae]" started-at="2025-10-21T09:09:41 EDT" name="afterMethod" finished-at="2025-10-21T09:09:41 EDT" duration-ms="202" status="PASS">
          <params>
            <param index="0">
              <value>
                <![CDATA[[TestResult name=TC_001_Verify_Creation_Of_New_Escalation_Tracking status=SUCCESS method=Escalation_Tracking.TC_001_Verify_Creation_Of_New_Escalation_Tracking()[pri:0, instance:com.Mesh_TestSuites.Escalation_Tracking@5e0e82ae] output={null}]]]>
              </value>
            </param>
          </params>
          <reporter-output>
          </reporter-output>
        </test-method> <!-- afterMethod -->
        <test-method is-config="true" signature="afterClass()[pri:0, instance:com.Mesh_TestSuites.Escalation_Tracking@5e0e82ae]" started-at="2025-10-21T09:09:41 EDT" name="afterClass" finished-at="2025-10-21T09:09:41 EDT" duration-ms="0" status="PASS">
          <reporter-output>
          </reporter-output>
        </test-method> <!-- afterClass -->
        <test-method is-config="true" signature="afterTest()[pri:0, instance:com.Mesh_TestSuites.Escalation_Tracking@5e0e82ae]" started-at="2025-10-21T09:09:41 EDT" name="afterTest" finished-at="2025-10-21T09:09:41 EDT" duration-ms="475" status="PASS">
          <reporter-output>
          </reporter-output>
        </test-method> <!-- afterTest -->
      </class> <!-- com.Mesh_TestSuites.Escalation_Tracking -->
    </test> <!-- Default test -->
  </suite> <!-- Default suite -->
</testng-results>
