<?xml version="1.0" encoding="UTF-8"?>
<!-- Generated by org.testng.reporters.JUnitReportReporter -->
<testsuite hostname="DESKTOP-OPA9RAC" failures="0" tests="2" name="com.CertificationWorkflow_TestSuite.CertificationWorkflow_Withdrawn" time="447.887" errors="0" timestamp="2026-03-30T17:02:07 EDT" skipped="0">
  <testcase classname="com.CertificationWorkflow_TestSuite.CertificationWorkflow_Withdrawn" name="TC_007_Verifying_CW_withdrawn_with_Other_Reason" time="272.071"/>
  <system-out/>
  <testcase classname="com.CertificationWorkflow_TestSuite.CertificationWorkflow_Withdrawn" name="TC_006_Verifying_CW_withdrawn_with_specific_Reason" time="175.816"/>
  <system-out/>
</testsuite> <!-- com.CertificationWorkflow_TestSuite.CertificationWorkflow_Withdrawn -->
