<?xml version="1.0" encoding="UTF-8"?>
<!-- Generated by org.testng.reporters.JUnitReportReporter -->
<testsuite hostname="DESKTOP-OPA9RAC" failures="0" tests="5" name="com.Mesh_TestSuites.CMS_FNS_DecisionPackages_Bundle_Validation" time="1260.783" errors="0" timestamp="2026-03-31T07:48:02 EDT" skipped="0">
  <testcase classname="com.Mesh_TestSuites.CMS_FNS_DecisionPackages_Bundle_Validation" name="DecisionPackage_TC_005_Verify_Package_Completion_Flow" time="414.328"/>
  <system-out/>
  <testcase classname="com.Mesh_TestSuites.CMS_FNS_DecisionPackages_Bundle_Validation" name="DecisionPackage_TC_002_Verify_DecisionPackage_Creation_with_RFP_as_SubmisionType" time="105.501"/>
  <system-out/>
  <testcase classname="com.Mesh_TestSuites.CMS_FNS_DecisionPackages_Bundle_Validation" name="DecisionPackage_TC_004_Verify_Adding_bundle_Packages" time="468.383"/>
  <system-out/>
  <testcase classname="com.Mesh_TestSuites.CMS_FNS_DecisionPackages_Bundle_Validation" name="DecisionPackage_TC_001_Verify_DecisionPackage_Creation_with_APD_as_SubmisionType" time="159.529"/>
  <system-out/>
  <testcase classname="com.Mesh_TestSuites.CMS_FNS_DecisionPackages_Bundle_Validation" name="DecisionPackage_TC_003_Verify_DecisionPackage_Creation_with_Contract_as_SubmisionType" time="113.042"/>
  <system-out/>
</testsuite> <!-- com.Mesh_TestSuites.CMS_FNS_DecisionPackages_Bundle_Validation -->
