<?xml version="1.0" encoding="UTF-8"?>
<!-- Generated by org.testng.reporters.JUnitReportReporter -->
<testsuite hostname="DESKTOP-OPA9RAC" failures="0" tests="5" name="com.Mesh_TestSuites.Package_SO_Updates_Suite" time="211.613" errors="0" timestamp="2025-12-08T15:48:01 EST" skipped="0">
  <testcase classname="com.Mesh_TestSuites.Package_SO_Updates_Suite" name="TC_004_Verify_Package_SO_Updates_StateOfficer_Re_ASSIGN" time="22.104"/>
  <system-out/>
  <testcase classname="com.Mesh_TestSuites.Package_SO_Updates_Suite" name="TC_001_Verify_Package_SO_Updates_Displays_Only_For_Admin_OPsTeam" time="100.053"/>
  <system-out/>
  <testcase classname="com.Mesh_TestSuites.Package_SO_Updates_Suite" name="TC_002_Verify_Package_SO_Updates_StateOfficer_Replacement" time="45.346"/>
  <system-out/>
  <testcase classname="com.Mesh_TestSuites.Package_SO_Updates_Suite" name="TC_003_Verify_Email_Notification_After_StateOfficer_Replacement" time="24.913"/>
  <system-out/>
  <testcase classname="com.Mesh_TestSuites.Package_SO_Updates_Suite" name="TC_005_Verify_Email_Notification_After_StateOfficer_ReAssignment" time="19.197"/>
  <system-out/>
</testsuite> <!-- com.Mesh_TestSuites.Package_SO_Updates_Suite -->
