<?xml version="1.0" encoding="UTF-8"?>
<!-- Generated by org.testng.reporters.JUnitReportReporter -->
<testsuite hostname="DESKTOP-OPA9RAC" failures="0" tests="2" name="com.CertificationWorkflow_TestSuite.CertificationWorkflow_Withdrawn" time="421.098" errors="0" timestamp="2026-06-11T14:55:17 EDT" skipped="0">
  <testcase classname="com.CertificationWorkflow_TestSuite.CertificationWorkflow_Withdrawn" name="TC_007_Verifying_CW_withdrawn_with_Other_Reason" time="256.394"/>
  <system-out/>
  <testcase classname="com.CertificationWorkflow_TestSuite.CertificationWorkflow_Withdrawn" name="TC_006_Verifying_CW_withdrawn_with_specific_Reason" time="164.704"/>
  <system-out/>
</testsuite> <!-- com.CertificationWorkflow_TestSuite.CertificationWorkflow_Withdrawn -->
