<?xml version="1.0" encoding="UTF-8"?>
<!-- Generated by org.testng.reporters.JUnitReportReporter -->
<testsuite hostname="DESKTOP-OPA9RAC" failures="0" tests="6" name="com.Mesh_TestSuites.Escalation_Tracking" time="1011.241" errors="0" timestamp="2026-03-10T09:24:17 EDT" skipped="0">
  <testcase classname="com.Mesh_TestSuites.Escalation_Tracking" name="TC_001_Verify_Creation_Of_New_Escalation_Tracking" time="182.755"/>
  <system-out/>
  <testcase classname="com.Mesh_TestSuites.Escalation_Tracking" name="TC_004_Verify_Escalation_Tracking_Return_Item" time="201.568"/>
  <system-out/>
  <testcase classname="com.Mesh_TestSuites.Escalation_Tracking" name="TC_005_Verify_Escalation_Tracking_Creation_From_DecisionPackage" time="108.738"/>
  <system-out/>
  <testcase classname="com.Mesh_TestSuites.Escalation_Tracking" name="TC_006_Verify_Escalation_Tracking_Emails_Validations" time="312.199"/>
  <system-out/>
  <testcase classname="com.Mesh_TestSuites.Escalation_Tracking" name="TC_003_Verify_Escalation_Tracking_Other_Reason" time="105.050"/>
  <system-out/>
  <testcase classname="com.Mesh_TestSuites.Escalation_Tracking" name="TC_002_Verify_Escalation_Tracking_NoActionNeede" time="100.931"/>
  <system-out/>
</testsuite> <!-- com.Mesh_TestSuites.Escalation_Tracking -->
