<?xml version="1.0" encoding="UTF-8"?>
<!-- Generated by org.testng.reporters.JUnitReportReporter -->
<testsuite hostname="DESKTOP-OPA9RAC" failures="0" tests="7" name="com.Mesh_TestSuites.Escalation_Tracking" time="1313.199" errors="0" timestamp="2026-08-18T16:00:56 EDT" skipped="0">
  <testcase classname="com.Mesh_TestSuites.Escalation_Tracking" name="TC_004_Verify_Escalation_Tracking_Other_Reason" time="109.854"/>
  <system-out/>
  <testcase classname="com.Mesh_TestSuites.Escalation_Tracking" name="TC_005_Verify_Escalation_Tracking_Return_Item" time="187.320"/>
  <system-out/>
  <testcase classname="com.Mesh_TestSuites.Escalation_Tracking" name="TC_007_Verify_Escalation_Tracking_Emails_Validations" time="475.452"/>
  <system-out/>
  <testcase classname="com.Mesh_TestSuites.Escalation_Tracking" name="TC_002_Verify_Escalation_Tracking_NoActionNeeded" time="105.594"/>
  <system-out/>
  <testcase classname="com.Mesh_TestSuites.Escalation_Tracking" name="TC_003_Verify_Escalation_Tracking_NoActionNeeded" time="90.284"/>
  <system-out/>
  <testcase classname="com.Mesh_TestSuites.Escalation_Tracking" name="TC_001_Verify_Creation_Of_New_Escalation_Tracking" time="201.874"/>
  <system-out/>
  <testcase classname="com.Mesh_TestSuites.Escalation_Tracking" name="TC_006_Verify_Escalation_Tracking_Creation_From_DecisionPackage" time="142.821"/>
  <system-out/>
</testsuite> <!-- com.Mesh_TestSuites.Escalation_Tracking -->
