<?xml version="1.0" encoding="UTF-8"?>
<!-- Generated by org.testng.reporters.JUnitReportReporter -->
<testsuite hostname="DESKTOP-OPA9RAC" failures="0" tests="7" name="com.Mesh_TestSuites.Escalation_Tracking" time="1411.481" errors="0" timestamp="2026-06-16T07:58:10 EDT" skipped="0">
  <testcase classname="com.Mesh_TestSuites.Escalation_Tracking" name="TC_002_Verify_Escalation_Tracking_NoActionNeeded" time="109.079"/>
  <system-out/>
  <testcase classname="com.Mesh_TestSuites.Escalation_Tracking" name="TC_004_Verify_Escalation_Tracking_Other_Reason" time="114.184"/>
  <system-out/>
  <testcase classname="com.Mesh_TestSuites.Escalation_Tracking" name="TC_005_Verify_Escalation_Tracking_Return_Item" time="193.446"/>
  <system-out/>
  <testcase classname="com.Mesh_TestSuites.Escalation_Tracking" name="TC_007_Verify_Escalation_Tracking_Emails_Validations" time="432.947"/>
  <system-out/>
  <testcase classname="com.Mesh_TestSuites.Escalation_Tracking" name="TC_006_Verify_Escalation_Tracking_Creation_From_DecisionPackage" time="142.483"/>
  <system-out/>
  <testcase classname="com.Mesh_TestSuites.Escalation_Tracking" name="TC_001_Verify_Creation_Of_New_Escalation_Tracking" time="258.495"/>
  <system-out/>
  <testcase classname="com.Mesh_TestSuites.Escalation_Tracking" name="TC_003_Verify_Escalation_Tracking_NoActionNeeded" time="160.847"/>
  <system-out/>
</testsuite> <!-- com.Mesh_TestSuites.Escalation_Tracking -->
