<?xml version="1.0" encoding="UTF-8"?>
<!-- Generated by org.testng.reporters.JUnitReportReporter -->
<testsuite hostname="DESKTOP-OPA9RAC" failures="0" tests="5" name="com.Mesh_TestSuites.CMS_FNS_DecisionPackages_Bundle_Validation" time="1141.081" errors="0" timestamp="2025-12-08T15:41:59 EST" skipped="0">
  <testcase classname="com.Mesh_TestSuites.CMS_FNS_DecisionPackages_Bundle_Validation" name="DecisionPackage_TC_003_Verify_DecisionPackage_Creation_with_Contract_as_SubmisionType" time="106.870"/>
  <system-out/>
  <testcase classname="com.Mesh_TestSuites.CMS_FNS_DecisionPackages_Bundle_Validation" name="DecisionPackage_TC_002_Verify_DecisionPackage_Creation_with_RFP_as_SubmisionType" time="99.414"/>
  <system-out/>
  <testcase classname="com.Mesh_TestSuites.CMS_FNS_DecisionPackages_Bundle_Validation" name="DecisionPackage_TC_004_Verify_Adding_bundle_Packages" time="460.627"/>
  <system-out/>
  <testcase classname="com.Mesh_TestSuites.CMS_FNS_DecisionPackages_Bundle_Validation" name="DecisionPackage_TC_005_Verify_Package_Completion_Flow" time="326.008"/>
  <system-out/>
  <testcase classname="com.Mesh_TestSuites.CMS_FNS_DecisionPackages_Bundle_Validation" name="DecisionPackage_TC_001_Verify_DecisionPackage_Creation_with_APD_as_SubmisionType" time="148.162"/>
  <system-out/>
</testsuite> <!-- com.Mesh_TestSuites.CMS_FNS_DecisionPackages_Bundle_Validation -->
