<?xml version="1.0" encoding="UTF-8"?>
<!-- Generated by org.testng.reporters.JUnitReportReporter -->
<testsuite hostname="DESKTOP-OPA9RAC" failures="0" tests="5" name="com.CertificationWorkflow_TestSuite.CertificationWorkflow_TestSuite" time="501.612" errors="0" timestamp="2026-06-11T11:41:35 EDT" skipped="0">
  <testcase classname="com.CertificationWorkflow_TestSuite.CertificationWorkflow_TestSuite" name="TC_004_Verifying_DSS_DSG_Review" time="89.805"/>
  <system-out/>
  <testcase classname="com.CertificationWorkflow_TestSuite.CertificationWorkflow_TestSuite" name="TC_003_Verifying_CMS_Certification_Lead_Review" time="99.455"/>
  <system-out/>
  <testcase classname="com.CertificationWorkflow_TestSuite.CertificationWorkflow_TestSuite" name="TC_002_Verifying_CW_SO_Review" time="91.934"/>
  <system-out/>
  <testcase classname="com.CertificationWorkflow_TestSuite.CertificationWorkflow_TestSuite" name="TC_001_Verifying_Certification_Workflow_Creation" time="123.277"/>
  <system-out/>
  <testcase classname="com.CertificationWorkflow_TestSuite.CertificationWorkflow_TestSuite" name="TC_005_Verifying_Pending_Issuance_To_State_Review" time="97.141"/>
  <system-out/>
</testsuite> <!-- com.CertificationWorkflow_TestSuite.CertificationWorkflow_TestSuite -->
