<?xml version="1.0" encoding="UTF-8"?>
<!-- Generated by org.testng.reporters.JUnitReportReporter -->
<testsuite hostname="DESKTOP-OPA9RAC" failures="0" tests="3" name="com.Mesh_TestSuites.Decision_Package_Creation" time="653.318" errors="0" timestamp="2025-12-22T13:48:32 EST" skipped="0">
  <testcase classname="com.Mesh_TestSuites.Decision_Package_Creation" name="DecisionPackage_TC_003_Verify_DecisionPackage_Creation_with_Contract_as_SubmisionType" time="222.665"/>
  <system-out/>
  <testcase classname="com.Mesh_TestSuites.Decision_Package_Creation" name="DecisionPackage_TC_002_Verify_DecisionPackage_Creation_with_RFP_as_SubmisionType" time="209.179"/>
  <system-out/>
  <testcase classname="com.Mesh_TestSuites.Decision_Package_Creation" name="DecisionPackage_TC_001_Verify_DecisionPackage_Creation_with_APD_as_SubmisionType" time="221.474"/>
  <system-out/>
</testsuite> <!-- com.Mesh_TestSuites.Decision_Package_Creation -->
