<?xml version="1.0" encoding="UTF-8"?>
<!-- Generated by org.testng.reporters.JUnitReportReporter -->
<testsuite hostname="DESKTOP-OPA9RAC" failures="0" tests="5" name="com.Mesh_TestSuites.CMS_FNS_DecisionPackages_Bundle_Validation" time="1773.228" errors="0" timestamp="2026-06-11T14:20:35 EDT" skipped="0">
  <testcase classname="com.Mesh_TestSuites.CMS_FNS_DecisionPackages_Bundle_Validation" name="DecisionPackage_TC_003_Verify_DecisionPackage_Creation_with_Contract_as_SubmisionType" time="117.153"/>
  <system-out/>
  <testcase classname="com.Mesh_TestSuites.CMS_FNS_DecisionPackages_Bundle_Validation" name="DecisionPackage_TC_005_Verify_Package_Completion_Flow" time="661.508"/>
  <system-out/>
  <testcase classname="com.Mesh_TestSuites.CMS_FNS_DecisionPackages_Bundle_Validation" name="DecisionPackage_TC_001_Verify_DecisionPackage_Creation_with_APD_as_SubmisionType" time="168.644"/>
  <system-out/>
  <testcase classname="com.Mesh_TestSuites.CMS_FNS_DecisionPackages_Bundle_Validation" name="DecisionPackage_TC_002_Verify_DecisionPackage_Creation_with_RFP_as_SubmisionType" time="108.390"/>
  <system-out/>
  <testcase classname="com.Mesh_TestSuites.CMS_FNS_DecisionPackages_Bundle_Validation" name="DecisionPackage_TC_004_Verify_Adding_bundle_Packages" time="717.533"/>
  <system-out/>
</testsuite> <!-- com.Mesh_TestSuites.CMS_FNS_DecisionPackages_Bundle_Validation -->
