<?xml version="1.0" encoding="UTF-8"?>
<!-- Generated by org.testng.reporters.JUnitReportReporter -->
<testsuite hostname="DESKTOP-OPA9RAC" failures="0" tests="5" name="com.Mesh_TestSuites.Package_SO_Updates_Suite" time="262.964" errors="0" timestamp="2026-06-15T13:30:57 EDT" skipped="0">
  <testcase classname="com.Mesh_TestSuites.Package_SO_Updates_Suite" name="TC_003_Verify_Email_Notification_After_StateOfficer_Replacement" time="25.803"/>
  <system-out/>
  <testcase classname="com.Mesh_TestSuites.Package_SO_Updates_Suite" name="TC_002_Verify_Package_SO_Updates_StateOfficer_Replacement" time="43.787"/>
  <system-out/>
  <testcase classname="com.Mesh_TestSuites.Package_SO_Updates_Suite" name="TC_004_Verify_Package_SO_Updates_StateOfficer_Re_ASSIGN" time="21.915"/>
  <system-out/>
  <testcase classname="com.Mesh_TestSuites.Package_SO_Updates_Suite" name="TC_001_Verify_Package_SO_Updates_Displays_Only_For_Admin_OPsTeam" time="152.599"/>
  <system-out/>
  <testcase classname="com.Mesh_TestSuites.Package_SO_Updates_Suite" name="TC_005_Verify_Email_Notification_After_StateOfficer_ReAssignment" time="18.860"/>
  <system-out/>
</testsuite> <!-- com.Mesh_TestSuites.Package_SO_Updates_Suite -->
