<?xml version="1.0" encoding="UTF-8"?>
<!-- Generated by org.testng.reporters.JUnitReportReporter -->
<testsuite hostname="DESKTOP-OPA9RAC" failures="0" tests="1" name="com.Mesh_TestSuites.CertificationWorkflow_TestSuite" time="22.092" errors="0" timestamp="2026-02-02T00:01:20 EST" skipped="0">
  <testcase classname="com.Mesh_TestSuites.CertificationWorkflow_TestSuite" name="TC_001_Verifying_Certification_Workflow_Creation" time="22.092"/>
  <system-out/>
</testsuite> <!-- com.Mesh_TestSuites.CertificationWorkflow_TestSuite -->
