<?xml version="1.0" encoding="UTF-8"?>
<!-- Generated by org.testng.reporters.JUnitReportReporter -->
<testsuite hostname="DESKTOP-OPA9RAC" failures="0" tests="5" name="com.Mesh_TestSuites.CertificationWorkflow_TestSuite" time="482.278" errors="0" timestamp="2026-03-06T12:27:06 EST" skipped="0">
  <testcase classname="com.Mesh_TestSuites.CertificationWorkflow_TestSuite" name="TC_005_Verifying_Pending_Issuance_To_State_Review" time="88.115"/>
  <system-out/>
  <testcase classname="com.Mesh_TestSuites.CertificationWorkflow_TestSuite" name="TC_001_Verifying_Certification_Workflow_Creation" time="138.894"/>
  <system-out/>
  <testcase classname="com.Mesh_TestSuites.CertificationWorkflow_TestSuite" name="TC_003_Verifying_CMS_Certification_Lead_Review" time="89.861"/>
  <system-out/>
  <testcase classname="com.Mesh_TestSuites.CertificationWorkflow_TestSuite" name="TC_004_Verifying_DSS_DSG_Review" time="81.516"/>
  <system-out/>
  <testcase classname="com.Mesh_TestSuites.CertificationWorkflow_TestSuite" name="TC_002_Verifying_CW_SO_Review" time="83.892"/>
  <system-out/>
</testsuite> <!-- com.Mesh_TestSuites.CertificationWorkflow_TestSuite -->
