<?xml version="1.0" encoding="UTF-8"?>
<!-- Generated by org.testng.reporters.JUnitReportReporter -->
<testsuite hostname="DESKTOP-OPA9RAC" failures="0" tests="4" name="com.Mesh_TestSuites.HHS_DecisionPackages_Bundle_Validation" time="619.373" errors="0" timestamp="2025-12-08T15:21:29 EST" skipped="0">
  <testcase classname="com.Mesh_TestSuites.HHS_DecisionPackages_Bundle_Validation" name="DecisionPackage_TC_001_Verify_DecisionPackage_Creation_with_APD_as_SubmisionType" time="140.840"/>
  <system-out/>
  <testcase classname="com.Mesh_TestSuites.HHS_DecisionPackages_Bundle_Validation" name="DecisionPackage_TC_003_Verify_DecisionPackage_Creation_with_Contract_as_SubmisionType" time="100.828"/>
  <system-out/>
  <testcase classname="com.Mesh_TestSuites.HHS_DecisionPackages_Bundle_Validation" name="DecisionPackage_TC_004_Verify_Adding_bundle_Packages" time="286.149"/>
  <system-out/>
  <testcase classname="com.Mesh_TestSuites.HHS_DecisionPackages_Bundle_Validation" name="DecisionPackage_TC_002_Verify_DecisionPackage_Creation_with_RFP_as_SubmisionType" time="91.556"/>
  <system-out/>
</testsuite> <!-- com.Mesh_TestSuites.HHS_DecisionPackages_Bundle_Validation -->
