<?xml version="1.0" encoding="UTF-8"?>
<!-- Generated by org.testng.reporters.JUnitReportReporter -->
<testsuite hostname="DESKTOP-OPA9RAC" failures="0" tests="2" name="com.Mesh_TestSuites.CertificationWorkflow_Withdrawn" time="383.007" errors="0" timestamp="2026-03-13T15:13:55 EDT" skipped="0">
  <testcase classname="com.Mesh_TestSuites.CertificationWorkflow_Withdrawn" name="TC_002_Verifying_CW_withdrawn_with_Other_Reason" time="222.861"/>
  <system-out/>
  <testcase classname="com.Mesh_TestSuites.CertificationWorkflow_Withdrawn" name="TC_001_Verifying_CW_withdrawn_with_specific_Reason" time="160.146"/>
  <system-out/>
</testsuite> <!-- com.Mesh_TestSuites.CertificationWorkflow_Withdrawn -->
